#
# A fatal error has been detected by the Java Runtime Environment:
#
#  SIGSEGV (0xb) at pc=0x00007f453eaf86a2, pid=12949, tid=0x00007f4540101380
#
# JRE version: OpenJDK Runtime Environment (8.0_191-b12) (build 1.8.0_191-8u191-b12-2ubuntu0.18.04.1-b12)
# Java VM: OpenJDK 64-Bit Server VM (25.191-b12 mixed mode linux-amd64 compressed oops)
# Problematic frame:
# V  [libjvm.so+0x8e86a2]
#
# Failed to write core dump. Core dumps have been disabled. To enable core dumping, try "ulimit -c unlimited" before starting Java again
#
# If you would like to submit a bug report, please visit:
#   http://bugreport.java.com/bugreport/crash.jsp
#

---------------  T H R E A D  ---------------

Current thread is native thread

siginfo: si_signo: 11 (SIGSEGV), si_code: 1 (SEGV_MAPERR), si_addr: 0x0000000000000110

Registers:
RAX=0x0000000000000000, RBX=0x00007f4540020700, RCX=0x0000000000000000, RDX=0x00007f45401016a0
RSP=0x00007ffff09f7c40, RBP=0x00007ffff09f7d00, RSI=0x00007ffff09f8320, RDI=0x0000000000000001
R8 =0x00000000000000ca, R9 =0x00007f45400209d0, R10=0x0000000000000000, R11=0x0000000000000000
R12=0x00007f4540101300, R13=0x0000000000000000, R14=0x00007ffff09f8320, R15=0x00007ffff09f7d10
RIP=0x00007f453eaf86a2, EFLAGS=0x0000000000010246, CSGSFS=0x00000053002b0033, ERR=0x0000000000000000
  TRAPNO=0x0000000000000000

Top of Stack: (sp=0x00007ffff09f7c40)
0x00007ffff09f7c40:   0000004b00000049 00007ffff09f80f0
0x00007ffff09f7c50:   00007ffff09f8150 0000000000000000
0x00007ffff09f7c60:   00007f453d8c1f0f 00007ffff09f7e10
0x00007ffff09f7c70:   00007f453d8c1708 00007f453fe0e312
0x00007ffff09f7c80:   0000000000000000 00007f453f9572df
0x00007ffff09f7c90:   00007ffff09f8220 00007ffff09f80d0
0x00007ffff09f7ca0:   00007f453fe0e2e0 00007ffff09f80f0
0x00007ffff09f7cb0:   0000000000000000 00007f453f9572df
0x00007ffff09f7cc0:   00007ffff09f80d0 0a049762e61d0f00
0x00007ffff09f7cd0:   3934393231000000 00007f4540020700
0x00007ffff09f7ce0:   0000000000000000 00007ffff09f8430
0x00007ffff09f7cf0:   0000000000000000 00007fffe9d73180
0x00007ffff09f7d00:   00007ffff09f8498 00007f453f82ef20
0x00007ffff09f7d10:   0000000000000000 0000000000000000
0x00007ffff09f7d20:   0000000000000000 0000000000000000
0x00007ffff09f7d30:   0000000000000000 00000000000000ca
0x00007ffff09f7d40:   00007f45400209d0 0000000000000000
0x00007ffff09f7d50:   0000000000000000 0000000000000000
0x00007ffff09f7d60:   00007ffff09f8430 0000000000000000
0x00007ffff09f7d70:   00007fffe9d73180 00007f45400209d0
0x00007ffff09f7d80:   0000000000000000 00007ffff09f8498
0x00007ffff09f7d90:   00007f4540020700 00000000000032a8
0x00007ffff09f7da0:   fffffffffffffffc 0000000000000000
0x00007ffff09f7db0:   00007ffff09f8420 00007f453f1a8d2d
0x00007ffff09f7dc0:   0000000000000246 00000053002b0033
0x00007ffff09f7dd0:   0000000000000000 0000000000000000
0x00007ffff09f7de0:   0000000000000000 0000000000000000
0x00007ffff09f7df0:   0000000000000000 0000000000000000
0x00007ffff09f7e00:   0000000000000000 0000000000000000
0x00007ffff09f7e10:   0000000000000000 0000000000000000
0x00007ffff09f7e20:   0000000000000000 0000000000000000
0x00007ffff09f7e30:   0000000000000000 0000000000000000 

Instructions: (pc=0x00007f453eaf86a2)
0x00007f453eaf8682:   00 48 89 45 c8 31 c0 e8 22 69 90 ff 44 8b 28 49
0x00007f453eaf8692:   89 c4 48 8d 05 8d 8e 65 00 8b 38 e8 96 6b 90 ff
0x00007f453eaf86a2:   48 8b 98 10 01 00 00 8b 83 a8 00 00 00 83 f8 01
0x00007f453eaf86b2:   74 2c 48 8b 45 c8 64 48 33 04 25 28 00 00 00 45 

Register to memory mapping:

RAX=0x0000000000000000 is an unknown value
RBX=0x00007f4540020700 is pointing into the stack for thread: 0x00007f453800b000
RCX=0x0000000000000000 is an unknown value
RDX=0x00007f45401016a0 is an unknown value
RSP=0x00007ffff09f7c40 is an unknown value
RBP=0x00007ffff09f7d00 is an unknown value
RSI=0x00007ffff09f8320 is an unknown value
RDI=0x0000000000000001 is an unknown value
R8 =0x00000000000000ca is an unknown value
R9 =0x00007f45400209d0 is pointing into the stack for thread: 0x00007f453800b000
R10=0x0000000000000000 is an unknown value
R11=0x0000000000000000 is an unknown value
R12=0x00007f4540101300 is an unknown value
R13=0x0000000000000000 is an unknown value
R14=0x00007ffff09f8320 is an unknown value
R15=0x00007ffff09f7d10 is an unknown value


Stack: [0x00007ffff0901000,0x00007ffff0a01000],  sp=0x00007ffff09f7c40,  free space=987k
Native frames: (J=compiled Java code, j=interpreted, Vv=VM code, C=native code)
V  [libjvm.so+0x8e86a2]
C  [libc.so.6+0x3ef20]


---------------  P R O C E S S  ---------------

VM state:not at safepoint (normal execution)

VM Mutex/Monitor currently owned by a thread: None

Heap:
 PSYoungGen      total 76288K, used 34085K [0x000000076b500000, 0x0000000770a00000, 0x00000007c0000000)
  eden space 65536K, 52% used [0x000000076b500000,0x000000076d649638,0x000000076f500000)
  from space 10752K, 0% used [0x000000076ff80000,0x000000076ff80000,0x0000000770a00000)
  to   space 10752K, 0% used [0x000000076f500000,0x000000076f500000,0x000000076ff80000)
 ParOldGen       total 175104K, used 0K [0x00000006c1e00000, 0x00000006cc900000, 0x000000076b500000)
  object space 175104K, 0% used [0x00000006c1e00000,0x00000006c1e00000,0x00000006cc900000)
 Metaspace       used 9890K, capacity 10208K, committed 10368K, reserved 1058816K
  class space    used 1279K, capacity 1398K, committed 1408K, reserved 1048576K

Card table byte_map: [0x00007f4528800000,0x00007f4528ff2000] byte_map_base: 0x00007f45251f1000

Marking Bits: (ParMarkBitMap*) 0x00007f453f179340
 Begin Bits: [0x00007f45000f0000, 0x00007f4504078000)
 End Bits:   [0x00007f4504078000, 0x00007f4508000000)

Polling page: 0x00007f4540110000

CodeCache: size=245760Kb used=3192Kb max_used=3192Kb free=242567Kb
 bounds [0x00007f4529000000, 0x00007f4529320000, 0x00007f4538000000]
 total_blobs=1239 nmethods=909 adapters=245
 compilation: enabled

Compilation events (10 events):
Event: 2.150 Thread 0x00007f45380ca800  905       3       org.gradle.internal.logging.text.AbstractLineChoppingStyledTextOutput$StateContext::flushLineText (114 bytes)
Event: 2.151 Thread 0x00007f45380ca800 nmethod 905 0x00007f452931c1d0 code [0x00007f452931c3e0, 0x00007f452931cda8]
Event: 2.151 Thread 0x00007f45380ca800  906       3       java.nio.Buffer::remaining (10 bytes)
Event: 2.152 Thread 0x00007f45380ca800 nmethod 906 0x00007f452931d0d0 code [0x00007f452931d220, 0x00007f452931d370]
Event: 2.172 Thread 0x00007f45380ca800  907       1       java.util.Collections$1::hasNext (5 bytes)
Event: 2.172 Thread 0x00007f45380ca800 nmethod 907 0x00007f452931d3d0 code [0x00007f452931d520, 0x00007f452931d630]
Event: 2.183 Thread 0x00007f45380ca800  908       3       java.nio.ByteBuffer::array (35 bytes)
Event: 2.183 Thread 0x00007f45380ca800 nmethod 908 0x00007f452931d690 code [0x00007f452931d820, 0x00007f452931db38]
Event: 2.184 Thread 0x00007f45380ca800  909       3       java.nio.Buffer::<init> (121 bytes)
Event: 2.186 Thread 0x00007f45380ca800 nmethod 909 0x00007f452931dc90 code [0x00007f452931df60, 0x00007f452931f3e8]

GC Heap History (0 events):
No events

Deoptimization events (2 events):
Event: 0.778 Thread 0x00007f453800b000 Uncommon trap: reason=unstable_if action=reinterpret pc=0x00007f452928a554 method=java.util.HashMap.getNode(ILjava/lang/Object;)Ljava/util/HashMap$Node; @ 129
Event: 0.930 Thread 0x00007f453800b000 Uncommon trap: reason=unstable_if action=reinterpret pc=0x00007f45291c0158 method=java.lang.String.replace(CC)Ljava/lang/String; @ 26

Classes redefined (0 events):
No events

Internal exceptions (10 events):
Event: 0.932 Thread 0x00007f453800b000 Exception <a 'java/lang/NoSuchMethodError': <clinit>> (0x000000076d2c4cf0) thrown at [/build/openjdk-8-5w_p1G/openjdk-8-8u191-b12/src/hotspot/src/share/vm/prims/jni.cpp, line 1613]
Event: 0.936 Thread 0x00007f453800b000 Exception <a 'java/lang/NoSuchMethodError': <clinit>> (0x000000076d2dc5a8) thrown at [/build/openjdk-8-5w_p1G/openjdk-8-8u191-b12/src/hotspot/src/share/vm/prims/jni.cpp, line 1613]
Event: 0.936 Thread 0x00007f453800b000 Exception <a 'java/lang/NoSuchMethodError': <clinit>> (0x000000076d2e3bf8) thrown at [/build/openjdk-8-5w_p1G/openjdk-8-8u191-b12/src/hotspot/src/share/vm/prims/jni.cpp, line 1613]
Event: 0.948 Thread 0x00007f453800b000 Exception <a 'java/lang/NoSuchMethodError': <clinit>> (0x000000076d345258) thrown at [/build/openjdk-8-5w_p1G/openjdk-8-8u191-b12/src/hotspot/src/share/vm/prims/jni.cpp, line 1613]
Event: 0.953 Thread 0x00007f453800b000 Exception <a 'java/lang/NoSuchMethodError': <clinit>> (0x000000076d3656b8) thrown at [/build/openjdk-8-5w_p1G/openjdk-8-8u191-b12/src/hotspot/src/share/vm/prims/jni.cpp, line 1613]
Event: 0.954 Thread 0x00007f453800b000 Exception <a 'java/lang/NoSuchMethodError': <clinit>> (0x000000076d36df10) thrown at [/build/openjdk-8-5w_p1G/openjdk-8-8u191-b12/src/hotspot/src/share/vm/prims/jni.cpp, line 1613]
Event: 0.956 Thread 0x00007f453800b000 Exception <a 'java/lang/NoSuchMethodError': <clinit>> (0x000000076d378b00) thrown at [/build/openjdk-8-5w_p1G/openjdk-8-8u191-b12/src/hotspot/src/share/vm/prims/jni.cpp, line 1613]
Event: 0.961 Thread 0x00007f453800b000 Exception <a 'java/lang/NoSuchMethodError': <clinit>> (0x000000076d395ef8) thrown at [/build/openjdk-8-5w_p1G/openjdk-8-8u191-b12/src/hotspot/src/share/vm/prims/jni.cpp, line 1613]
Event: 1.006 Thread 0x00007f453800b000 Exception <a 'java/lang/NoSuchMethodError': <clinit>> (0x000000076d3e8ae0) thrown at [/build/openjdk-8-5w_p1G/openjdk-8-8u191-b12/src/hotspot/src/share/vm/prims/jni.cpp, line 1613]
Event: 1.008 Thread 0x00007f453800b000 Exception <a 'java/lang/NoSuchMethodError': <clinit>> (0x000000076d3f4d38) thrown at [/build/openjdk-8-5w_p1G/openjdk-8-8u191-b12/src/hotspot/src/share/vm/prims/jni.cpp, line 1613]

Events (10 events):
Event: 1.133 loading class org/gradle/internal/serialize/ExceptionReplacingObjectInputStream
Event: 1.133 loading class org/gradle/internal/serialize/ExceptionReplacingObjectInputStream done
Event: 1.134 loading class org/gradle/internal/serialize/ExceptionReplacingObjectInputStream$1
Event: 1.134 loading class org/gradle/internal/serialize/ExceptionReplacingObjectInputStream$1 done
Event: 1.135 loading class org/gradle/internal/logging/text/AbstractLineChoppingStyledTextOutput$StateContext
Event: 1.135 loading class org/gradle/internal/logging/text/AbstractLineChoppingStyledTextOutput$StateContext done
Event: 1.524 loading class org/gradle/internal/logging/events/StyledTextOutputEvent$Span
Event: 1.524 loading class org/gradle/internal/logging/events/StyledTextOutputEvent$Span done
Event: 1.525 loading class java/util/Collections$SingletonList
Event: 1.525 loading class java/util/Collections$SingletonList done


Dynamic libraries:
6c1e00000-6cc900000 rw-p 00000000 00:00 0
6cc900000-76b500000 ---p 00000000 00:00 0
76b500000-770a00000 rw-p 00000000 00:00 0
770a00000-7c0000000 ---p 00000000 00:00 0
7c0000000-7c0160000 rw-p 00000000 00:00 0
7c0160000-800000000 ---p 00000000 00:00 0
7f44c4000000-7f44c4021000 rw-p 00000000 00:00 0
7f44c4021000-7f44c8000000 ---p 00000000 00:00 0
7f44cc000000-7f44cc021000 rw-p 00000000 00:00 0
7f44cc021000-7f44d0000000 ---p 00000000 00:00 0
7f44d27e0000-7f44d27e3000 ---p 00000000 00:00 0
7f44d27e3000-7f44d28e1000 rw-p 00000000 00:00 0
7f44d28f0000-7f44d28f3000 ---p 00000000 00:00 0
7f44d28f3000-7f44d29f1000 rw-p 00000000 00:00 0
7f44d2a00000-7f44d2ac0000 rw-p 00000000 00:00 0
7f44d2ac0000-7f44d2c00000 ---p 00000000 00:00 0
7f44d2c00000-7f44d2c09000 r-xp 00000000 00:00 381654             /usr/lib/jvm/java-8-openjdk-amd64/jre/lib/amd64/libmanagement.so
7f44d2c09000-7f44d2c0a000 ---p 00009000 00:00 381654             /usr/lib/jvm/java-8-openjdk-amd64/jre/lib/amd64/libmanagement.so
7f44d2c0a000-7f44d2e08000 ---p 0000000a 00:00 381654             /usr/lib/jvm/java-8-openjdk-amd64/jre/lib/amd64/libmanagement.so
7f44d2e08000-7f44d2e09000 r--p 00008000 00:00 381654             /usr/lib/jvm/java-8-openjdk-amd64/jre/lib/amd64/libmanagement.so
7f44d2e09000-7f44d2e0a000 rw-p 00009000 00:00 381654             /usr/lib/jvm/java-8-openjdk-amd64/jre/lib/amd64/libmanagement.so
7f44d2e10000-7f44d2e35000 r-xp 00000000 00:00 395526             /lib/x86_64-linux-gnu/libtinfo.so.5.9
7f44d2e35000-7f44d2e3a000 ---p 00025000 00:00 395526             /lib/x86_64-linux-gnu/libtinfo.so.5.9
7f44d2e3a000-7f44d3035000 ---p 0000002a 00:00 395526             /lib/x86_64-linux-gnu/libtinfo.so.5.9
7f44d3035000-7f44d3039000 r--p 00025000 00:00 395526             /lib/x86_64-linux-gnu/libtinfo.so.5.9
7f44d3039000-7f44d303a000 rw-p 00029000 00:00 395526             /lib/x86_64-linux-gnu/libtinfo.so.5.9
7f44d3040000-7f44d3061000 r-xp 00000000 00:00 395446             /lib/x86_64-linux-gnu/libncurses.so.5.9
7f44d3061000-7f44d3063000 ---p 00021000 00:00 395446             /lib/x86_64-linux-gnu/libncurses.so.5.9
7f44d3063000-7f44d3261000 ---p 00000023 00:00 395446             /lib/x86_64-linux-gnu/libncurses.so.5.9
7f44d3261000-7f44d3262000 r--p 00021000 00:00 395446             /lib/x86_64-linux-gnu/libncurses.so.5.9
7f44d3262000-7f44d3263000 rw-p 00022000 00:00 395446             /lib/x86_64-linux-gnu/libncurses.so.5.9
7f44d3270000-7f44d3273000 r-xp 00000000 00:00 415605             /home/azlen/.gradle/native/25/linux-amd64-ncurses5/libnative-platform-curses.so
7f44d3273000-7f44d3276000 ---p 00003000 00:00 415605             /home/azlen/.gradle/native/25/linux-amd64-ncurses5/libnative-platform-curses.so
7f44d3276000-7f44d3473000 ---p 00000006 00:00 415605             /home/azlen/.gradle/native/25/linux-amd64-ncurses5/libnative-platform-curses.so
7f44d3473000-7f44d3474000 rw-p 00003000 00:00 415605             /home/azlen/.gradle/native/25/linux-amd64-ncurses5/libnative-platform-curses.so
7f44d3480000-7f44d3485000 r-xp 00000000 00:00 415599             /home/azlen/.gradle/native/25/linux-amd64/libnative-platform.so
7f44d3485000-7f44d3488000 ---p 00005000 00:00 415599             /home/azlen/.gradle/native/25/linux-amd64/libnative-platform.so
7f44d3488000-7f44d3684000 ---p 00000008 00:00 415599             /home/azlen/.gradle/native/25/linux-amd64/libnative-platform.so
7f44d3684000-7f44d3685000 rw-p 00004000 00:00 415599             /home/azlen/.gradle/native/25/linux-amd64/libnative-platform.so
7f44d3689000-7f44d3840000 r--s 01786000 00:00 382322             /home/azlen/.gradle/wrapper/dists/gradle-4.1-all/bzyivzo6n839fup2jbap0tjew/gradle-4.1/lib/kotlin-compiler-embeddable-1.1.3-2.jar
7f44d3840000-7f44d38b0000 r--s 00645000 00:00 382354             /home/azlen/.gradle/wrapper/dists/gradle-4.1-all/bzyivzo6n839fup2jbap0tjew/gradle-4.1/lib/groovy-all-2.4.11.jar
7f44d38b0000-7f44d38c1000 r-xp 00000000 00:00 381657             /usr/lib/jvm/java-8-openjdk-amd64/jre/lib/amd64/libnio.so
7f44d38c1000-7f44d38c3000 ---p 00011000 00:00 381657             /usr/lib/jvm/java-8-openjdk-amd64/jre/lib/amd64/libnio.so
7f44d38c3000-7f44d3ac1000 ---p 00000013 00:00 381657             /usr/lib/jvm/java-8-openjdk-amd64/jre/lib/amd64/libnio.so
7f44d3ac1000-7f44d3ac2000 r--p 00011000 00:00 381657             /usr/lib/jvm/java-8-openjdk-amd64/jre/lib/amd64/libnio.so
7f44d3ac2000-7f44d3ac3000 rw-p 00012000 00:00 381657             /usr/lib/jvm/java-8-openjdk-amd64/jre/lib/amd64/libnio.so
7f44d3ad0000-7f44d3dd1000 rw-p 00000000 00:00 0
7f44d3de0000-7f44d3df7000 r-xp 00000000 00:00 381656             /usr/lib/jvm/java-8-openjdk-amd64/jre/lib/amd64/libnet.so
7f44d3df7000-7f44d3df8000 ---p 00017000 00:00 381656             /usr/lib/jvm/java-8-openjdk-amd64/jre/lib/amd64/libnet.so
7f44d3df8000-7f44d3ff6000 ---p 00000018 00:00 381656             /usr/lib/jvm/java-8-openjdk-amd64/jre/lib/amd64/libnet.so
7f44d3ff6000-7f44d3ff7000 r--p 00016000 00:00 381656             /usr/lib/jvm/java-8-openjdk-amd64/jre/lib/amd64/libnet.so
7f44d3ff7000-7f44d3ff8000 rw-p 00017000 00:00 381656             /usr/lib/jvm/java-8-openjdk-amd64/jre/lib/amd64/libnet.so
7f44d4000000-7f44d4021000 rw-p 00000000 00:00 0
7f44d4021000-7f44d8000000 ---p 00000000 00:00 0
7f44d8000000-7f44d8021000 rw-p 00000000 00:00 0
7f44d8021000-7f44dc000000 ---p 00000000 00:00 0
7f44dc000000-7f44dc1c1000 rw-p 00000000 00:00 0
7f44dc1c1000-7f44e0000000 ---p 00000000 00:00 0
7f44e0000000-7f44e018e000 rw-p 00000000 00:00 0
7f44e018e000-7f44e4000000 ---p 00000000 00:00 0
7f44e4000000-7f44e419e000 rw-p 00000000 00:00 0
7f44e419e000-7f44e8000000 ---p 00000000 00:00 0
7f44e8000000-7f44e81eb000 rw-p 00000000 00:00 0
7f44e81eb000-7f44ec000000 ---p 00000000 00:00 0
7f44ec000000-7f44ec021000 rw-p 00000000 00:00 0
7f44ec021000-7f44f0000000 ---p 00000000 00:00 0
7f44f0000000-7f44f0021000 rw-p 00000000 00:00 0
7f44f0021000-7f44f4000000 ---p 00000000 00:00 0
7f44f4000000-7f44f4021000 rw-p 00000000 00:00 0
7f44f4021000-7f44f8000000 ---p 00000000 00:00 0
7f44f8000000-7f44f8021000 rw-p 00000000 00:00 0
7f44f8021000-7f44fc000000 ---p 00000000 00:00 0
7f44fc000000-7f44fc021000 rw-p 00000000 00:00 0
7f44fc021000-7f4500000000 ---p 00000000 00:00 0
7f450002d000-7f450005f000 r--s 0021b000 00:00 382323             /home/azlen/.gradle/wrapper/dists/gradle-4.1-all/bzyivzo6n839fup2jbap0tjew/gradle-4.1/lib/kotlin-reflect-1.1.3-2.jar
7f450005f000-7f4500087000 r--s 001cf000 00:00 10147              /home/azlen/.gradle/wrapper/dists/gradle-4.1-all/bzyivzo6n839fup2jbap0tjew/gradle-4.1/lib/guava-jdk5-17.0.jar
7f4500087000-7f45000a6000 r--s 001d1000 00:00 382355             /home/azlen/.gradle/wrapper/dists/gradle-4.1-all/bzyivzo6n839fup2jbap0tjew/gradle-4.1/lib/ant-1.9.6.jar
7f45000a6000-7f45000f0000 r--s 00253000 00:00 382330             /home/azlen/.gradle/wrapper/dists/gradle-4.1-all/bzyivzo6n839fup2jbap0tjew/gradle-4.1/lib/gradle-core-4.1.jar
7f45000f0000-7f4508021000 rw-p 00000000 00:00 0
7f4508021000-7f450c000000 ---p 00000000 00:00 0
7f450c000000-7f450c021000 rw-p 00000000 00:00 0
7f450c021000-7f4510000000 ---p 00000000 00:00 0
7f4510000000-7f4510021000 rw-p 00000000 00:00 0
7f4510021000-7f4514000000 ---p 00000000 00:00 0
7f4514000000-7f4514021000 rw-p 00000000 00:00 0
7f4514021000-7f4518000000 ---p 00000000 00:00 0
7f4518000000-7f4518021000 rw-p 00000000 00:00 0
7f4518021000-7f451c000000 ---p 00000000 00:00 0
7f451c000000-7f451c021000 rw-p 00000000 00:00 0
7f451c021000-7f4520000000 ---p 00000000 00:00 0
7f4520000000-7f4520021000 rw-p 00000000 00:00 0
7f4520021000-7f4524000000 ---p 00000000 00:00 0
7f4524005000-7f4524015000 r--s 00082000 00:00 382337             /home/azlen/.gradle/wrapper/dists/gradle-4.1-all/bzyivzo6n839fup2jbap0tjew/gradle-4.1/lib/gradle-model-core-4.1.jar
7f4524015000-7f4524030000 r--s 001d6000 00:00 381683             /usr/lib/jvm/java-8-openjdk-amd64/jre/lib/ext/nashorn.jar
7f4524030000-7f4524031000 ---p 00000000 00:00 0
7f4524031000-7f4524131000 rw-p 00000000 00:00 0
7f4524140000-7f4524143000 ---p 00000000 00:00 0
7f4524143000-7f4524241000 rw-p 00000000 00:00 0
7f4524250000-7f4524254000 ---p 00000000 00:00 0
7f4524254000-7f4524351000 rw-p 00000000 00:00 0
7f4524360000-7f4524364000 ---p 00000000 00:00 0
7f4524364000-7f4524461000 rw-p 00000000 00:00 0
7f4524470000-7f4524474000 ---p 00000000 00:00 0
7f4524474000-7f4524571000 rw-p 00000000 00:00 0
7f4524580000-7f4524584000 ---p 00000000 00:00 0
7f4524584000-7f4524681000 rw-p 00000000 00:00 0
7f4524690000-7f4524693000 ---p 00000000 00:00 0
7f4524693000-7f4524791000 rw-p 00000000 00:00 0
7f4524791000-7f45247c2000 r--p 00000000 00:00 397577             /usr/lib/locale/C.UTF-8/LC_CTYPE
7f45247c2000-7f4524935000 r--p 00000000 00:00 397576             /usr/lib/locale/C.UTF-8/LC_COLLATE
7f4524935000-7f4524ad0000 r--p 00000000 00:00 397588             /usr/lib/locale/locale-archive
7f4524ad0000-7f4524ad3000 ---p 00000000 00:00 0
7f4524ad3000-7f4524bd1000 rw-p 00000000 00:00 0
7f4524be0000-7f4524be3000 ---p 00000000 00:00 0
7f4524be3000-7f4524ce1000 rw-p 00000000 00:00 0
7f4524cf0000-7f4524cf1000 ---p 00000000 00:00 0
7f4524cf1000-7f4524df1000 rw-p 00000000 00:00 0
7f4524e00000-7f4524f01000 rw-p 00000000 00:00 0
7f4524f10000-7f4525011000 rw-p 00000000 00:00 0
7f4525020000-7f4525121000 rw-p 00000000 00:00 0
7f4525130000-7f4525231000 rw-p 00000000 00:00 0
7f4525240000-7f4525341000 rw-p 00000000 00:00 0
7f4525350000-7f4525451000 rw-p 00000000 00:00 0
7f4525460000-7f4525561000 rw-p 00000000 00:00 0
7f4525570000-7f4525671000 rw-p 00000000 00:00 0
7f4525680000-7f4525781000 rw-p 00000000 00:00 0
7f4525790000-7f45257b1000 rw-p 00000000 00:00 0
7f45257c0000-7f45258c1000 rw-p 00000000 00:00 0
7f45258d0000-7f45258f1000 rw-p 00000000 00:00 0
7f4525900000-7f4525a01000 rw-p 00000000 00:00 0
7f4525a10000-7f4525a31000 rw-p 00000000 00:00 0
7f4525a40000-7f4525b41000 rw-p 00000000 00:00 0
7f4525b50000-7f4525b71000 rw-p 00000000 00:00 0
7f4525b80000-7f4525c81000 rw-p 00000000 00:00 0
7f4525c90000-7f4525cb1000 rw-p 00000000 00:00 0
7f4525cc0000-7f4525dc1000 rw-p 00000000 00:00 0
7f4525dd0000-7f4525ed1000 rw-p 00000000 00:00 0
7f4525ee0000-7f4525fe1000 rw-p 00000000 00:00 0
7f4525ff0000-7f45260f1000 rw-p 00000000 00:00 0
7f4526100000-7f4526201000 rw-p 00000000 00:00 0
7f4526210000-7f4526311000 rw-p 00000000 00:00 0
7f4526320000-7f4526421000 rw-p 00000000 00:00 0
7f4526430000-7f4526531000 rw-p 00000000 00:00 0
7f4526540000-7f4526641000 rw-p 00000000 00:00 0
7f4526650000-7f4526751000 rw-p 00000000 00:00 0
7f4526760000-7f4526861000 rw-p 00000000 00:00 0
7f4526870000-7f4526971000 rw-p 00000000 00:00 0
7f4526980000-7f4526a81000 rw-p 00000000 00:00 0
7f4526a90000-7f4526b91000 rw-p 00000000 00:00 0
7f4526b91000-7f4526d60000 r--s 03c33000 00:00 381710             /usr/lib/jvm/java-8-openjdk-amd64/jre/lib/rt.jar
7f4526d60000-7f4527d51000 rw-p 00000000 00:00 0
7f4527d60000-7f4527d61000 ---p 00000000 00:00 0
7f4527d61000-7f4527e61000 rw-p 00000000 00:00 0
7f4527e70000-7f4527e71000 ---p 00000000 00:00 0
7f4527e71000-7f4527f71000 rw-p 00000000 00:00 0
7f4527f80000-7f4527f81000 ---p 00000000 00:00 0
7f4527f81000-7f4528081000 rw-p 00000000 00:00 0
7f4528090000-7f4528091000 ---p 00000000 00:00 0
7f4528091000-7f4528191000 rw-p 00000000 00:00 0
7f45281a0000-7f45281a1000 ---p 00000000 00:00 0
7f45281a1000-7f45282a1000 rw-p 00000000 00:00 0
7f45282b0000-7f4528306000 rw-p 00000000 00:00 0
7f4528306000-7f45287fc000 ---p 00000000 00:00 0
7f4528800000-7f4528856000 rw-p 00000000 00:00 0
7f4528856000-7f4528d4b000 ---p 00000000 00:00 0
7f4528d4b000-7f4528d76000 rw-p 00000000 00:00 0
7f4528d76000-7f4528ff1000 ---p 00000000 00:00 0
7f4528ff1000-7f4528ff2000 rw-p 00000000 00:00 0
7f4529000000-7f4529320000 rwxp 00000000 00:00 0
7f4529320000-7f4538000000 ---p 00000000 00:00 0
7f4538000000-7f453887c000 rw-p 00000000 00:00 0
7f453887c000-7f453c000000 ---p 00000000 00:00 0
7f453c005000-7f453c020000 r--s 00394000 00:00 381678             /usr/lib/jvm/java-8-openjdk-amd64/jre/lib/ext/cldrdata.jar
7f453c020000-7f453c041000 rw-p 00000000 00:00 0
7f453c050000-7f453c071000 rw-p 00000000 00:00 0
7f453c080000-7f453c0a1000 rw-p 00000000 00:00 0
7f453c0b0000-7f453c0fe000 rw-p 00000000 00:00 0
7f453c100000-7f453c101000 ---p 00000000 00:00 0
7f453c101000-7f453c201000 rw-p 00000000 00:00 0
7f453c210000-7f453c211000 ---p 00000000 00:00 0
7f453c211000-7f453c311000 rw-p 00000000 00:00 0
7f453c313000-7f453c320000 r--s 00043000 00:00 382327             /home/azlen/.gradle/wrapper/dists/gradle-4.1-all/bzyivzo6n839fup2jbap0tjew/gradle-4.1/lib/gradle-tooling-api-4.1.jar
7f453c320000-7f453c321000 ---p 00000000 00:00 0
7f453c321000-7f453c421000 rw-p 00000000 00:00 0
7f453c421000-7f453c430000 r--s 000c8000 00:00 382324             /home/azlen/.gradle/wrapper/dists/gradle-4.1-all/bzyivzo6n839fup2jbap0tjew/gradle-4.1/lib/kotlin-stdlib-1.1.3-2.jar
7f453c430000-7f453c43d000 rw-p 00000000 00:00 0
7f453c43d000-7f453c7f0000 ---p 00000000 00:00 0
7f453c7f0000-7f453c7f8000 r-xp 00000000 00:00 381664             /usr/lib/jvm/java-8-openjdk-amd64/jre/lib/amd64/libzip.so
7f453c7f8000-7f453c7f9000 ---p 00008000 00:00 381664             /usr/lib/jvm/java-8-openjdk-amd64/jre/lib/amd64/libzip.so
7f453c7f9000-7f453c9f7000 ---p 00000009 00:00 381664             /usr/lib/jvm/java-8-openjdk-amd64/jre/lib/amd64/libzip.so
7f453c9f7000-7f453c9f8000 r--p 00007000 00:00 381664             /usr/lib/jvm/java-8-openjdk-amd64/jre/lib/amd64/libzip.so
7f453c9f8000-7f453c9f9000 rw-p 00008000 00:00 381664             /usr/lib/jvm/java-8-openjdk-amd64/jre/lib/amd64/libzip.so
7f453ca00000-7f453ca0b000 r-xp 00000000 00:00 395459             /lib/x86_64-linux-gnu/libnss_files-2.27.so
7f453ca0b000-7f453ca0c000 ---p 0000b000 00:00 395459             /lib/x86_64-linux-gnu/libnss_files-2.27.so
7f453ca0c000-7f453cc0a000 ---p 0000000c 00:00 395459             /lib/x86_64-linux-gnu/libnss_files-2.27.so
7f453cc0a000-7f453cc0b000 r--p 0000a000 00:00 395459             /lib/x86_64-linux-gnu/libnss_files-2.27.so
7f453cc0b000-7f453cc0c000 rw-p 0000b000 00:00 395459             /lib/x86_64-linux-gnu/libnss_files-2.27.so
7f453cc0c000-7f453cc12000 rw-p 00000000 00:00 0
7f453cc16000-7f453cc20000 r--s 00073000 00:00 382318             /home/azlen/.gradle/wrapper/dists/gradle-4.1-all/bzyivzo6n839fup2jbap0tjew/gradle-4.1/lib/gradle-kotlin-dsl-0.10.3.jar
7f453cc20000-7f453cc37000 r-xp 00000000 00:00 395453             /lib/x86_64-linux-gnu/libnsl-2.27.so
7f453cc37000-7f453cc38000 ---p 00017000 00:00 395453             /lib/x86_64-linux-gnu/libnsl-2.27.so
7f453cc38000-7f453ce36000 ---p 00000018 00:00 395453             /lib/x86_64-linux-gnu/libnsl-2.27.so
7f453ce36000-7f453ce37000 r--p 00016000 00:00 395453             /lib/x86_64-linux-gnu/libnsl-2.27.so
7f453ce37000-7f453ce38000 rw-p 00017000 00:00 395453             /lib/x86_64-linux-gnu/libnsl-2.27.so
7f453ce38000-7f453ce3a000 rw-p 00000000 00:00 0
7f453ce40000-7f453ce4b000 r-xp 00000000 00:00 395463             /lib/x86_64-linux-gnu/libnss_nis-2.27.so
7f453ce4b000-7f453ce4c000 ---p 0000b000 00:00 395463             /lib/x86_64-linux-gnu/libnss_nis-2.27.so
7f453ce4c000-7f453d04a000 ---p 0000000c 00:00 395463             /lib/x86_64-linux-gnu/libnss_nis-2.27.so
7f453d04a000-7f453d04b000 r--p 0000a000 00:00 395463             /lib/x86_64-linux-gnu/libnss_nis-2.27.so
7f453d04b000-7f453d04c000 rw-p 0000b000 00:00 395463             /lib/x86_64-linux-gnu/libnss_nis-2.27.so
7f453d050000-7f453d058000 r-xp 00000000 00:00 395455             /lib/x86_64-linux-gnu/libnss_compat-2.27.so
7f453d058000-7f453d05a000 ---p 00008000 00:00 395455             /lib/x86_64-linux-gnu/libnss_compat-2.27.so
7f453d05a000-7f453d258000 ---p 0000000a 00:00 395455             /lib/x86_64-linux-gnu/libnss_compat-2.27.so
7f453d258000-7f453d259000 r--p 00008000 00:00 395455             /lib/x86_64-linux-gnu/libnss_compat-2.27.so
7f453d259000-7f453d25a000 rw-p 00009000 00:00 395455             /lib/x86_64-linux-gnu/libnss_compat-2.27.so
7f453d260000-7f453d28e000 r-xp 00000000 00:00 381645             /usr/lib/jvm/java-8-openjdk-amd64/jre/lib/amd64/libjava.so
7f453d28e000-7f453d290000 ---p 0002e000 00:00 381645             /usr/lib/jvm/java-8-openjdk-amd64/jre/lib/amd64/libjava.so
7f453d290000-7f453d48d000 ---p 00000030 00:00 381645             /usr/lib/jvm/java-8-openjdk-amd64/jre/lib/amd64/libjava.so
7f453d48d000-7f453d48e000 r--p 0002d000 00:00 381645             /usr/lib/jvm/java-8-openjdk-amd64/jre/lib/amd64/libjava.so
7f453d48e000-7f453d490000 rw-p 0002e000 00:00 381645             /usr/lib/jvm/java-8-openjdk-amd64/jre/lib/amd64/libjava.so
7f453d490000-7f453d4a0000 r-xp 00000000 00:00 381663             /usr/lib/jvm/java-8-openjdk-amd64/jre/lib/amd64/libverify.so
7f453d4a0000-7f453d4a2000 ---p 00010000 00:00 381663             /usr/lib/jvm/java-8-openjdk-amd64/jre/lib/amd64/libverify.so
7f453d4a2000-7f453d69f000 ---p 00000012 00:00 381663             /usr/lib/jvm/java-8-openjdk-amd64/jre/lib/amd64/libverify.so
7f453d69f000-7f453d6a1000 r--p 0000f000 00:00 381663             /usr/lib/jvm/java-8-openjdk-amd64/jre/lib/amd64/libverify.so
7f453d6a1000-7f453d6a2000 rw-p 00011000 00:00 381663             /usr/lib/jvm/java-8-openjdk-amd64/jre/lib/amd64/libverify.so
7f453d6a3000-7f453d6b0000 r--s 00083000 00:00 382417             /home/azlen/.gradle/wrapper/dists/gradle-4.1-all/bzyivzo6n839fup2jbap0tjew/gradle-4.1/lib/commons-collections-3.2.2.jar
7f453d6b0000-7f453d6b7000 r-xp 00000000 00:00 395507             /lib/x86_64-linux-gnu/librt-2.27.so
7f453d6b7000-7f453d6b8000 ---p 00007000 00:00 395507             /lib/x86_64-linux-gnu/librt-2.27.so
7f453d6b8000-7f453d8b6000 ---p 00000008 00:00 395507             /lib/x86_64-linux-gnu/librt-2.27.so
7f453d8b6000-7f453d8b7000 r--p 00006000 00:00 395507             /lib/x86_64-linux-gnu/librt-2.27.so
7f453d8b7000-7f453d8b8000 rw-p 00007000 00:00 395507             /lib/x86_64-linux-gnu/librt-2.27.so
7f453d8c0000-7f453d8d7000 r-xp 00000000 00:00 507174             /lib/x86_64-linux-gnu/libgcc_s.so.1
7f453d8d7000-7f453d8d8000 ---p 00017000 00:00 507174             /lib/x86_64-linux-gnu/libgcc_s.so.1
7f453d8d8000-7f453dad6000 ---p 00000018 00:00 507174             /lib/x86_64-linux-gnu/libgcc_s.so.1
7f453dad6000-7f453dad7000 r--p 00016000 00:00 507174             /lib/x86_64-linux-gnu/libgcc_s.so.1
7f453dad7000-7f453dad8000 rw-p 00017000 00:00 507174             /lib/x86_64-linux-gnu/libgcc_s.so.1
7f453dae0000-7f453dc7d000 r-xp 00000000 00:00 395432             /lib/x86_64-linux-gnu/libm-2.27.so
7f453dc7d000-7f453dc80000 ---p 0019d000 00:00 395432             /lib/x86_64-linux-gnu/libm-2.27.so
7f453dc80000-7f453de7c000 ---p 000001a0 00:00 395432             /lib/x86_64-linux-gnu/libm-2.27.so
7f453de7c000-7f453de7d000 r--p 0019c000 00:00 395432             /lib/x86_64-linux-gnu/libm-2.27.so
7f453de7d000-7f453de7e000 rw-p 0019d000 00:00 395432             /lib/x86_64-linux-gnu/libm-2.27.so
7f453de80000-7f453dff9000 r-xp 00000000 00:00 568913             /usr/lib/x86_64-linux-gnu/libstdc++.so.6.0.25
7f453dff9000-7f453e006000 ---p 00179000 00:00 568913             /usr/lib/x86_64-linux-gnu/libstdc++.so.6.0.25
7f453e006000-7f453e1f9000 ---p 00000186 00:00 568913             /usr/lib/x86_64-linux-gnu/libstdc++.so.6.0.25
7f453e1f9000-7f453e203000 r--p 00179000 00:00 568913             /usr/lib/x86_64-linux-gnu/libstdc++.so.6.0.25
7f453e203000-7f453e205000 rw-p 00183000 00:00 568913             /usr/lib/x86_64-linux-gnu/libstdc++.so.6.0.25
7f453e205000-7f453e209000 rw-p 00000000 00:00 0
7f453e210000-7f453eeaa000 r-xp 00000000 00:00 381667             /usr/lib/jvm/java-8-openjdk-amd64/jre/lib/amd64/server/libjvm.so
7f453eeaa000-7f453ef74000 ---p 00c9a000 00:00 381667             /usr/lib/jvm/java-8-openjdk-amd64/jre/lib/amd64/server/libjvm.so
7f453ef74000-7f453f0a9000 ---p 00000d64 00:00 381667             /usr/lib/jvm/java-8-openjdk-amd64/jre/lib/amd64/server/libjvm.so
7f453f0a9000-7f453f13d000 r--p 00c99000 00:00 381667             /usr/lib/jvm/java-8-openjdk-amd64/jre/lib/amd64/server/libjvm.so
7f453f13d000-7f453f166000 rw-p 00d2d000 00:00 381667             /usr/lib/jvm/java-8-openjdk-amd64/jre/lib/amd64/server/libjvm.so
7f453f166000-7f453f196000 rw-p 00000000 00:00 0
7f453f198000-7f453f199000 r--s 00006000 00:00 382328             /home/azlen/.gradle/wrapper/dists/gradle-4.1-all/bzyivzo6n839fup2jbap0tjew/gradle-4.1/lib/gradle-wrapper-4.1.jar
7f453f199000-7f453f19b000 r--s 00003000 00:00 382317             /home/azlen/.gradle/wrapper/dists/gradle-4.1-all/bzyivzo6n839fup2jbap0tjew/gradle-4.1/lib/annotations-13.0.jar
7f453f19b000-7f453f1a0000 r--s 00013000 00:00 382334             /home/azlen/.gradle/wrapper/dists/gradle-4.1-all/bzyivzo6n839fup2jbap0tjew/gradle-4.1/lib/gradle-resources-4.1.jar
7f453f1a0000-7f453f1ba000 r-xp 00000000 00:00 395497             /lib/x86_64-linux-gnu/libpthread-2.27.so
7f453f1ba000-7f453f1c4000 ---p 0001a000 00:00 395497             /lib/x86_64-linux-gnu/libpthread-2.27.so
7f453f1c4000-7f453f3b9000 ---p 00000024 00:00 395497             /lib/x86_64-linux-gnu/libpthread-2.27.so
7f453f3b9000-7f453f3ba000 r--p 00019000 00:00 395497             /lib/x86_64-linux-gnu/libpthread-2.27.so
7f453f3ba000-7f453f3bb000 rw-p 0001a000 00:00 395497             /lib/x86_64-linux-gnu/libpthread-2.27.so
7f453f3bb000-7f453f3bf000 rw-p 00000000 00:00 0
7f453f3bf000-7f453f3c0000 r--s 00000000 00:00 382321             /home/azlen/.gradle/wrapper/dists/gradle-4.1-all/bzyivzo6n839fup2jbap0tjew/gradle-4.1/lib/gradle-kotlin-dsl-tooling-models-0.10.3.jar
7f453f3c0000-7f453f3c3000 r-xp 00000000 00:00 395385             /lib/x86_64-linux-gnu/libdl-2.27.so
7f453f3c3000-7f453f3c4000 ---p 00003000 00:00 395385             /lib/x86_64-linux-gnu/libdl-2.27.so
7f453f3c4000-7f453f5c2000 ---p 00000004 00:00 395385             /lib/x86_64-linux-gnu/libdl-2.27.so
7f453f5c2000-7f453f5c3000 r--p 00002000 00:00 395385             /lib/x86_64-linux-gnu/libdl-2.27.so
7f453f5c3000-7f453f5c4000 rw-p 00003000 00:00 395385             /lib/x86_64-linux-gnu/libdl-2.27.so
7f453f5c4000-7f453f5c5000 r--s 00001000 00:00 382319             /home/azlen/.gradle/wrapper/dists/gradle-4.1-all/bzyivzo6n839fup2jbap0tjew/gradle-4.1/lib/gradle-kotlin-dsl-compiler-plugin-0.10.3.jar
7f453f5c5000-7f453f5c7000 r--s 00005000 00:00 382341             /home/azlen/.gradle/wrapper/dists/gradle-4.1-all/bzyivzo6n839fup2jbap0tjew/gradle-4.1/lib/gradle-cli-4.1.jar
7f453f5c7000-7f453f5c9000 r--s 00003000 00:00 4018               /home/azlen/.gradle/wrapper/dists/gradle-4.1-all/bzyivzo6n839fup2jbap0tjew/gradle-4.1/lib/jcl-over-slf4j-1.7.10.jar
7f453f5c9000-7f453f5d0000 r--s 0002c000 00:00 382332             /home/azlen/.gradle/wrapper/dists/gradle-4.1-all/bzyivzo6n839fup2jbap0tjew/gradle-4.1/lib/gradle-logging-4.1.jar
7f453f5d0000-7f453f5ec000 r-xp 00000000 00:00 395540             /lib/x86_64-linux-gnu/libz.so.1.2.11
7f453f5ec000-7f453f5ed000 ---p 0001c000 00:00 395540             /lib/x86_64-linux-gnu/libz.so.1.2.11
7f453f5ed000-7f453f7eb000 ---p 0000001d 00:00 395540             /lib/x86_64-linux-gnu/libz.so.1.2.11
7f453f7eb000-7f453f7ec000 r--p 0001b000 00:00 395540             /lib/x86_64-linux-gnu/libz.so.1.2.11
7f453f7ec000-7f453f7ed000 rw-p 0001c000 00:00 395540             /lib/x86_64-linux-gnu/libz.so.1.2.11
7f453f7ed000-7f453f7ee000 r--s 00005000 00:00 382350             /home/azlen/.gradle/wrapper/dists/gradle-4.1-all/bzyivzo6n839fup2jbap0tjew/gradle-4.1/lib/log4j-over-slf4j-1.7.10.jar
7f453f7ee000-7f453f7f0000 r--s 00000000 00:00 382349             /home/azlen/.gradle/wrapper/dists/gradle-4.1-all/bzyivzo6n839fup2jbap0tjew/gradle-4.1/lib/jul-to-slf4j-1.7.10.jar
7f453f7f0000-7f453f9d7000 r-xp 00000000 00:00 395360             /lib/x86_64-linux-gnu/libc-2.27.so
7f453f9d7000-7f453f9e0000 ---p 001e7000 00:00 395360             /lib/x86_64-linux-gnu/libc-2.27.so
7f453f9e0000-7f453fbd7000 ---p 000001f0 00:00 395360             /lib/x86_64-linux-gnu/libc-2.27.so
7f453fbd7000-7f453fbdb000 r--p 001e7000 00:00 395360             /lib/x86_64-linux-gnu/libc-2.27.so
7f453fbdb000-7f453fbdd000 rw-p 001eb000 00:00 395360             /lib/x86_64-linux-gnu/libc-2.27.so
7f453fbdd000-7f453fbe1000 rw-p 00000000 00:00 0
7f453fbe1000-7f453fbe3000 r--s 00006000 00:00 382338             /home/azlen/.gradle/wrapper/dists/gradle-4.1-all/bzyivzo6n839fup2jbap0tjew/gradle-4.1/lib/gradle-base-services-groovy-4.1.jar
7f453fbe3000-7f453fbe5000 r--s 00007000 00:00 382336             /home/azlen/.gradle/wrapper/dists/gradle-4.1-all/bzyivzo6n839fup2jbap0tjew/gradle-4.1/lib/gradle-model-groovy-4.1.jar
7f453fbe5000-7f453fbe6000 r--s 00002000 00:00 382426             /home/azlen/.gradle/wrapper/dists/gradle-4.1-all/bzyivzo6n839fup2jbap0tjew/gradle-4.1/lib/gradle-docs-4.1.jar
7f453fbe6000-7f453fbe7000 r--s 00000000 00:00 382382             /home/azlen/.gradle/wrapper/dists/gradle-4.1-all/bzyivzo6n839fup2jbap0tjew/gradle-4.1/lib/javax.inject-1.jar
7f453fbe7000-7f453fbea000 r--s 00023000 00:00 382430             /home/azlen/.gradle/wrapper/dists/gradle-4.1-all/bzyivzo6n839fup2jbap0tjew/gradle-4.1/lib/jansi-1.14.jar
7f453fbea000-7f453fbeb000 r--s 00004000 00:00 382432             /home/azlen/.gradle/wrapper/dists/gradle-4.1-all/bzyivzo6n839fup2jbap0tjew/gradle-4.1/lib/native-platform-freebsd-amd64-libcpp-0.14.jar
7f453fbeb000-7f453fbec000 r--s 00004000 00:00 382433             /home/azlen/.gradle/wrapper/dists/gradle-4.1-all/bzyivzo6n839fup2jbap0tjew/gradle-4.1/lib/native-platform-freebsd-amd64-libstdcpp-0.14.jar
7f453fbec000-7f453fbed000 r--s 00004000 00:00 382447             /home/azlen/.gradle/wrapper/dists/gradle-4.1-all/bzyivzo6n839fup2jbap0tjew/gradle-4.1/lib/native-platform-freebsd-i386-libcpp-0.14.jar
7f453fbed000-7f453fbee000 r--s 00003000 00:00 382451             /home/azlen/.gradle/wrapper/dists/gradle-4.1-all/bzyivzo6n839fup2jbap0tjew/gradle-4.1/lib/native-platform-freebsd-i386-libstdcpp-0.14.jar
7f453fbee000-7f453fbf0000 r--s 00002000 00:00 382454             /home/azlen/.gradle/wrapper/dists/gradle-4.1-all/bzyivzo6n839fup2jbap0tjew/gradle-4.1/lib/native-platform-osx-amd64-0.14.jar
7f453fbf0000-7f453fbfe000 r-xp 00000000 00:00 381631             /usr/lib/jvm/java-8-openjdk-amd64/jre/lib/amd64/jli/libjli.so
7f453fbfe000-7f453fbff000 ---p 0000e000 00:00 381631             /usr/lib/jvm/java-8-openjdk-amd64/jre/lib/amd64/jli/libjli.so
7f453fbff000-7f453fdfd000 ---p 0000000f 00:00 381631             /usr/lib/jvm/java-8-openjdk-amd64/jre/lib/amd64/jli/libjli.so
7f453fdfd000-7f453fdfe000 r--p 0000d000 00:00 381631             /usr/lib/jvm/java-8-openjdk-amd64/jre/lib/amd64/jli/libjli.so
7f453fdfe000-7f453fdff000 rw-p 0000e000 00:00 381631             /usr/lib/jvm/java-8-openjdk-amd64/jre/lib/amd64/jli/libjli.so
7f453fdff000-7f453fe00000 r--s 00002000 00:00 382452             /home/azlen/.gradle/wrapper/dists/gradle-4.1-all/bzyivzo6n839fup2jbap0tjew/gradle-4.1/lib/native-platform-linux-amd64-0.14.jar
7f453fe00000-7f453fe26000 r-xp 00000000 00:00 395330             /lib/x86_64-linux-gnu/ld-2.27.so
7f453fe26000-7f453fe27000 r-xp 00026000 00:00 395330             /lib/x86_64-linux-gnu/ld-2.27.so
7f453fe27000-7f453fe28000 r--s 00002000 00:00 382453             /home/azlen/.gradle/wrapper/dists/gradle-4.1-all/bzyivzo6n839fup2jbap0tjew/gradle-4.1/lib/native-platform-linux-i386-0.14.jar
7f453fe28000-7f453fe29000 r--s 00003000 00:00 382456             /home/azlen/.gradle/wrapper/dists/gradle-4.1-all/bzyivzo6n839fup2jbap0tjew/gradle-4.1/lib/native-platform-osx-i386-0.14.jar
7f453fe29000-7f453fe2b000 r--s 0000b000 00:00 382457             /home/azlen/.gradle/wrapper/dists/gradle-4.1-all/bzyivzo6n839fup2jbap0tjew/gradle-4.1/lib/native-platform-windows-amd64-0.14.jar
7f453fe2b000-7f453fe2c000 r--s 0000b000 00:00 382459             /home/azlen/.gradle/wrapper/dists/gradle-4.1-all/bzyivzo6n839fup2jbap0tjew/gradle-4.1/lib/native-platform-windows-i386-0.14.jar
7f453fe2c000-7f453fe2d000 r--s 00001000 00:00 382460             /home/azlen/.gradle/wrapper/dists/gradle-4.1-all/bzyivzo6n839fup2jbap0tjew/gradle-4.1/lib/native-platform-linux-amd64-ncurses5-0.14.jar
7f453fe2d000-7f453fe31000 r--s 00012000 00:00 382419             /home/azlen/.gradle/wrapper/dists/gradle-4.1-all/bzyivzo6n839fup2jbap0tjew/gradle-4.1/lib/native-platform-0.14.jar
7f453fe31000-7f453fe34000 r--s 0000c000 00:00 382335             /home/azlen/.gradle/wrapper/dists/gradle-4.1-all/bzyivzo6n839fup2jbap0tjew/gradle-4.1/lib/gradle-native-4.1.jar
7f453fe34000-7f453fe40000 r--s 00053000 00:00 382340             /home/azlen/.gradle/wrapper/dists/gradle-4.1-all/bzyivzo6n839fup2jbap0tjew/gradle-4.1/lib/gradle-base-services-4.1.jar
7f453fe40000-7f453feb6000 rw-p 00000000 00:00 0
7f453feb6000-7f453feb8000 r--s 0000f000 00:00 382294             /home/azlen/.gradle/wrapper/dists/gradle-4.1-all/bzyivzo6n839fup2jbap0tjew/gradle-4.1/lib/reflectasm-1.07-shaded.jar
7f453feb8000-7f453feba000 r--s 00000000 00:00 382465             /home/azlen/.gradle/wrapper/dists/gradle-4.1-all/bzyivzo6n839fup2jbap0tjew/gradle-4.1/lib/minlog-1.2.jar
7f453feba000-7f453fec0000 r--s 0002b000 00:00 382339             /home/azlen/.gradle/wrapper/dists/gradle-4.1-all/bzyivzo6n839fup2jbap0tjew/gradle-4.1/lib/gradle-messaging-4.1.jar
7f453fec0000-7f453ff1b000 rw-p 00000000 00:00 0
7f453ff1b000-7f453ff1c000 r--s 00001000 00:00 382461             /home/azlen/.gradle/wrapper/dists/gradle-4.1-all/bzyivzo6n839fup2jbap0tjew/gradle-4.1/lib/native-platform-linux-amd64-ncurses6-0.14.jar
7f453ff1c000-7f453ff20000 r--s 00026000 00:00 382342             /home/azlen/.gradle/wrapper/dists/gradle-4.1-all/bzyivzo6n839fup2jbap0tjew/gradle-4.1/lib/kryo-2.20.jar
7f453ff20000-7f453ff24000 ---p 00000000 00:00 0
7f453ff24000-7f4540021000 rw-p 00000000 00:00 0
7f4540021000-7f4540022000 r--s 00001000 00:00 382463             /home/azlen/.gradle/wrapper/dists/gradle-4.1-all/bzyivzo6n839fup2jbap0tjew/gradle-4.1/lib/native-platform-linux-i386-ncurses5-0.14.jar
7f4540022000-7f4540027000 r--s 00041000 00:00 382352             /home/azlen/.gradle/wrapper/dists/gradle-4.1-all/bzyivzo6n839fup2jbap0tjew/gradle-4.1/lib/commons-lang-2.6.jar
7f4540027000-7f4540028000 r--p 00027000 00:00 395330             /lib/x86_64-linux-gnu/ld-2.27.so
7f4540028000-7f4540029000 rw-p 00028000 00:00 395330             /lib/x86_64-linux-gnu/ld-2.27.so
7f4540029000-7f454002a000 rw-p 00000000 00:00 0
7f454002a000-7f454002b000 r--s 00001000 00:00 382464             /home/azlen/.gradle/wrapper/dists/gradle-4.1-all/bzyivzo6n839fup2jbap0tjew/gradle-4.1/lib/native-platform-linux-i386-ncurses6-0.14.jar
7f454002b000-7f454002d000 r--s 00007000 00:00 382466             /home/azlen/.gradle/wrapper/dists/gradle-4.1-all/bzyivzo6n839fup2jbap0tjew/gradle-4.1/lib/objenesis-1.2.jar
7f454002d000-7f4540030000 r--s 00006000 00:00 382351             /home/azlen/.gradle/wrapper/dists/gradle-4.1-all/bzyivzo6n839fup2jbap0tjew/gradle-4.1/lib/jsr305-1.3.9.jar
7f4540030000-7f4540034000 r--s 00027000 00:00 382348             /home/azlen/.gradle/wrapper/dists/gradle-4.1-all/bzyivzo6n839fup2jbap0tjew/gradle-4.1/lib/commons-io-2.2.jar
7f4540034000-7f4540040000 r--s 0005c000 00:00 382325             /home/azlen/.gradle/wrapper/dists/gradle-4.1-all/bzyivzo6n839fup2jbap0tjew/gradle-4.1/lib/gradle-launcher-4.1.jar
7f4540040000-7f4540061000 rw-p 00000000 00:00 0
7f4540061000-7f4540063000 r--s 00006000 00:00 382333             /home/azlen/.gradle/wrapper/dists/gradle-4.1-all/bzyivzo6n839fup2jbap0tjew/gradle-4.1/lib/gradle-process-services-4.1.jar
7f4540063000-7f454006b000 r--s 000bd000 00:00 382346             /home/azlen/.gradle/wrapper/dists/gradle-4.1-all/bzyivzo6n839fup2jbap0tjew/gradle-4.1/lib/asm-debug-all-6.0_ALPHA.jar
7f454006b000-7f4540070000 r--s 000a0000 00:00 381704             /usr/lib/jvm/java-8-openjdk-amd64/jre/lib/jsse.jar
7f4540070000-7f4540098000 rw-p 00000000 00:00 0
7f4540098000-7f454009a000 r--s 00000000 00:00 382331             /home/azlen/.gradle/wrapper/dists/gradle-4.1-all/bzyivzo6n839fup2jbap0tjew/gradle-4.1/lib/gradle-jvm-services-4.1.jar
7f454009a000-7f45400a0000 r--s 0003b000 00:00 381685             /usr/lib/jvm/java-8-openjdk-amd64/jre/lib/ext/sunjce_provider.jar
7f45400a0000-7f45400f1000 rw-p 00000000 00:00 0
7f45400f1000-7f45400f2000 r--s 00000000 00:00 382353             /home/azlen/.gradle/wrapper/dists/gradle-4.1-all/bzyivzo6n839fup2jbap0tjew/gradle-4.1/lib/jcip-annotations-1.0.jar
7f45400f2000-7f45400f3000 r--s 00007000 00:00 10062              /home/azlen/.gradle/wrapper/dists/gradle-4.1-all/bzyivzo6n839fup2jbap0tjew/gradle-4.1/lib/slf4j-api-1.7.10.jar
7f45400f3000-7f45400f4000 r--s 00004000 00:00 382431             /home/azlen/.gradle/wrapper/dists/gradle-4.1-all/bzyivzo6n839fup2jbap0tjew/gradle-4.1/lib/ant-launcher-1.9.6.jar
7f45400f4000-7f45400f6000 r--s 0000c000 00:00 109948             /mnt/c/Users/azlen/Documents/Projects/Moji/client/platforms/android/gradle/wrapper/gradle-wrapper.jar
7f45400f6000-7f4540100000 r--s 00116000 00:00 381682             /usr/lib/jvm/java-8-openjdk-amd64/jre/lib/ext/localedata.jar
7f4540100000-7f4540102000 rw-p 00000000 00:00 0
7f4540102000-7f4540103000 r--s 00010000 00:00 381689             /usr/lib/jvm/java-8-openjdk-amd64/jre/lib/ext/zipfs.jar
7f4540103000-7f4540106000 r--s 00038000 00:00 381686             /usr/lib/jvm/java-8-openjdk-amd64/jre/lib/ext/sunpkcs11.jar
7f4540106000-7f4540108000 r--s 00008000 00:00 381684             /usr/lib/jvm/java-8-openjdk-amd64/jre/lib/ext/sunec.jar
7f4540108000-7f454010a000 r--s 00007000 00:00 1991760            /usr/share/java/java-atk-wrapper.jar
7f454010a000-7f454010b000 r--s 0000a000 00:00 381681             /usr/lib/jvm/java-8-openjdk-amd64/jre/lib/ext/jaccess.jar
7f454010b000-7f454010e000 r--s 0000f000 00:00 381680             /usr/lib/jvm/java-8-openjdk-amd64/jre/lib/ext/icedtea-sound.jar
7f454010e000-7f4540110000 r--s 00001000 00:00 381679             /usr/lib/jvm/java-8-openjdk-amd64/jre/lib/ext/dnsns.jar
7f4540110000-7f4540111000 r--p 00000000 00:00 0
7f4540111000-7f4540112000 r--p 00000000 00:00 397584             /usr/lib/locale/C.UTF-8/LC_NUMERIC
7f4540112000-7f4540113000 r--p 00000000 00:00 397587             /usr/lib/locale/C.UTF-8/LC_TIME
7f4540113000-7f4540114000 r--p 00000000 00:00 397582             /usr/lib/locale/C.UTF-8/LC_MONETARY
7f4540114000-7f4540115000 r--p 00000000 00:00 397581             /usr/lib/locale/C.UTF-8/LC_MESSAGES/SYS_LC_MESSAGES
7f4540115000-7f4540116000 r--p 00000000 00:00 397585             /usr/lib/locale/C.UTF-8/LC_PAPER
7f4540116000-7f4540117000 r--p 00000000 00:00 397583             /usr/lib/locale/C.UTF-8/LC_NAME
7f4540117000-7f4540118000 r--p 00000000 00:00 397575             /usr/lib/locale/C.UTF-8/LC_ADDRESS
7f4540118000-7f4540119000 r--p 00000000 00:00 397586             /usr/lib/locale/C.UTF-8/LC_TELEPHONE
7f4540119000-7f4540120000 r--s 00000000 00:00 403573             /usr/lib/x86_64-linux-gnu/gconv/gconv-modules.cache
7f4540120000-7f4540122000 rw-p 00000000 00:00 0
7f4540122000-7f4540123000 r--p 00000000 00:00 397579             /usr/lib/locale/C.UTF-8/LC_MEASUREMENT
7f4540123000-7f4540124000 r--p 00000000 00:00 397578             /usr/lib/locale/C.UTF-8/LC_IDENTIFICATION
7f4540124000-7f454012c000 rw-s 00000000 00:00 1620               /tmp/hsperfdata_azlen/12949
7f4540200000-7f4540201000 r-xp 00000000 00:00 381618             /usr/lib/jvm/java-8-openjdk-amd64/jre/bin/java
7f4540400000-7f4540401000 r--p 00000000 00:00 381618             /usr/lib/jvm/java-8-openjdk-amd64/jre/bin/java
7f4540401000-7f4540402000 rw-p 00001000 00:00 381618             /usr/lib/jvm/java-8-openjdk-amd64/jre/bin/java
7fffe9d5d000-7fffe9da9000 rw-p 00000000 00:00 0                  [heap]
7ffff0201000-7ffff0a01000 rw-p 00000000 00:00 0                  [stack]
7ffff0ba8000-7ffff0ba9000 r-xp 00000000 00:00 0                  [vdso]

VM Arguments:
jvm_args: -Dorg.gradle.appname=gradlew 
java_command: org.gradle.wrapper.GradleWrapperMain cdvBuildDebug -b /mnt/c/Users/azlen/Documents/Projects/Moji/client/platforms/android/build.gradle -Dorg.gradle.daemon=true -Dorg.gradle.jvmargs=-Xmx2048m
java_class_path (initial): /mnt/c/Users/azlen/Documents/Projects/Moji/client/platforms/android/gradle/wrapper/gradle-wrapper.jar
Launcher Type: SUN_STANDARD

Environment Variables:
JAVA_HOME=/usr/lib/jvm/java-8-openjdk-amd64/
SHELL=/bin/bash
HOSTTYPE=x86_64

Signal Handlers:
SIGSEGV: [libjvm.so+0xab2ea0], sa_mask[0]=11111111111111111111111111111110, sa_flags=SA_RESTART|SA_SIGINFO
SIGBUS: [libjvm.so+0xab2ea0], sa_mask[0]=11111111111111111111111111111110, sa_flags=SA_RESTART|SA_SIGINFO
SIGFPE: [libjvm.so+0x8e87b0], sa_mask[0]=11111111111111111111111111111110, sa_flags=SA_RESTART|SA_SIGINFO
SIGPIPE: [libjvm.so+0x8e87b0], sa_mask[0]=11111111111111111111111111111110, sa_flags=SA_RESTART|SA_SIGINFO
SIGXFSZ: [libjvm.so+0x8e87b0], sa_mask[0]=11111111111111111111111111111110, sa_flags=SA_RESTART|SA_SIGINFO
SIGILL: [libjvm.so+0x8e87b0], sa_mask[0]=11111111111111111111111111111110, sa_flags=SA_RESTART|SA_SIGINFO
SIGUSR1: SIG_DFL, sa_mask[0]=00000000010000000000000000000000, sa_flags=SA_RESTART
SIGUSR2: [libjvm.so+0x8e8660], sa_mask[0]=00000000000000000000000000000000, sa_flags=SA_RESTART|SA_SIGINFO
SIGHUP: [libjvm.so+0x8e8cd0], sa_mask[0]=11111111111111111111111111111110, sa_flags=SA_RESTART|SA_SIGINFO
SIGINT: [libjvm.so+0x8e8cd0], sa_mask[0]=11111111111111111111111111111110, sa_flags=SA_RESTART|SA_SIGINFO
SIGTERM: [libjvm.so+0x8e8cd0], sa_mask[0]=11111111111111111111111111111110, sa_flags=SA_RESTART|SA_SIGINFO
SIGQUIT: [libjvm.so+0x8e8cd0], sa_mask[0]=11111111111111111111111111111110, sa_flags=SA_RESTART|SA_SIGINFO


---------------  S Y S T E M  ---------------

OS:DISTRIB_ID=Ubuntu
DISTRIB_RELEASE=18.04
DISTRIB_CODENAME=bionic
DISTRIB_DESCRIPTION="Ubuntu 18.04.1 LTS"

uname:Linux 4.4.0-17763-Microsoft #379-Microsoft Wed Mar 06 19:16:00 PST 2019 x86_64
libc:glibc 2.27 NPTL 2.27 
rlimit: STACK 8192k, CORE 0k, NPROC 7823, NOFILE 65536, AS infinity
load average:0.52 0.58 0.59

/proc/meminfo:
MemTotal:       16648932 kB
MemFree:         5277300 kB
Buffers:           34032 kB
Cached:           188576 kB
SwapCached:            0 kB
Active:           167556 kB
Inactive:         157876 kB
Active(anon):     103104 kB
Inactive(anon):    17440 kB
Active(file):      64452 kB
Inactive(file):   140436 kB
Unevictable:           0 kB
Mlocked:               0 kB
SwapTotal:      50331648 kB
SwapFree:       50218120 kB
Dirty:                 0 kB
Writeback:             0 kB
AnonPages:        102824 kB
Mapped:            71404 kB
Shmem:             17720 kB
Slab:              13868 kB
SReclaimable:       6744 kB
SUnreclaim:         7124 kB
KernelStack:        2848 kB
PageTables:         2524 kB
NFS_Unstable:          0 kB
Bounce:                0 kB
WritebackTmp:          0 kB
CommitLimit:      515524 kB
Committed_AS:    3450064 kB
VmallocTotal:     122880 kB
VmallocUsed:       21296 kB
VmallocChunk:      66044 kB
HardwareCorrupted:     0 kB
AnonHugePages:      2048 kB
HugePages_Total:       0
HugePages_Free:        0
HugePages_Rsvd:        0
HugePages_Surp:        0
Hugepagesize:       2048 kB
DirectMap4k:       12280 kB
DirectMap4M:      897024 kB


CPU:total 8 (initial active 8) (4 cores per cpu, 2 threads per core) family 6 model 142 stepping 10, cmov, cx8, fxsr, mmx, sse, sse2, sse3, ssse3, sse4.1, sse4.2, popcnt, avx, avx2, aes, clmul, erms, 3dnowpref, lzcnt, ht, tsc, tscinvbit, bmi1, bmi2, adx

/proc/cpuinfo:
processor	: 0
vendor_id	: GenuineIntel
cpu family	: 6
model		: 142
model name	: Intel(R) Core(TM) i7-8550U CPU @ 1.80GHz
stepping	: 10
microcode	: 0xffffffff
cpu MHz		: 1992.000
cache size	: 256 KB
physical id	: 0
siblings	: 8
core id		: 0
cpu cores	: 4
apicid		: 0
initial apicid	: 0
fpu		: yes
fpu_exception	: yes
cpuid level	: 6
wp		: yes
flags		: fpu vme de pse tsc msr pae mce cx8 apic sep mtrr pge mca cmov pat pse36 clflush dts acpi mmx fxsr sse sse2 ss ht tm pbe syscall nx pdpe1gb rdtscp lm pni pclmulqdq dtes64 monitor ds_cpl vmx est tm2 ssse3 fma cx16 xtpr pdcm pcid sse4_1 sse4_2 x2apic movbe popcnt tsc_deadline_timer aes xsave osxsave avx f16c rdrand
bogomips	: 3984.00
clflush size	: 64
cache_alignment	: 64
address sizes	: 36 bits physical, 48 bits virtual
power management:

processor	: 1
vendor_id	: GenuineIntel
cpu family	: 6
model		: 142
model name	: Intel(R) Core(TM) i7-8550U CPU @ 1.80GHz
stepping	: 10
microcode	: 0xffffffff
cpu MHz		: 1992.000
cache size	: 256 KB
physical id	: 0
siblings	: 8
core id		: 0
cpu cores	: 4
apicid		: 0
initial apicid	: 0
fpu		: yes
fpu_exception	: yes
cpuid level	: 6
wp		: yes
flags		: fpu vme de pse tsc msr pae mce cx8 apic sep mtrr pge mca cmov pat pse36 clflush dts acpi mmx fxsr sse sse2 ss ht tm pbe syscall nx pdpe1gb rdtscp lm pni pclmulqdq dtes64 monitor ds_cpl vmx est tm2 ssse3 fma cx16 xtpr pdcm pcid sse4_1 sse4_2 x2apic movbe popcnt tsc_deadline_timer aes xsave osxsave avx f16c rdrand
bogomips	: 3984.00
clflush size	: 64
cache_alignment	: 64
address sizes	: 36 bits physical, 48 bits virtual
power management:

processor	: 2
vendor_id	: GenuineIntel
cpu family	: 6
model		: 142
model name	: Intel(R) Core(TM) i7-8550U CPU @ 1.80GHz
stepping	: 10
microcode	: 0xffffffff
cpu MHz		: 1992.000
cache size	: 256 KB
physical id	: 0
siblings	: 8
core id		: 1
cpu cores	: 4
apicid		: 0
initial apicid	: 0
fpu		: yes
fpu_exception	: yes
cpuid level	: 6
wp		: yes
flags		: fpu vme de pse tsc msr pae mce cx8 apic sep mtrr pge mca cmov pat pse36 clflush dts acpi mmx fxsr sse sse2 ss ht tm pbe syscall nx pdpe1gb rdtscp lm pni pclmulqdq dtes64 monitor ds_cpl vmx est tm2 ssse3 fma cx16 xtpr pdcm pcid sse4_1 sse4_2 x2apic movbe popcnt tsc_deadline_timer aes xsave osxsave avx f16c rdrand
bogomips	: 3984.00
clflush size	: 64
cache_alignment	: 64
address sizes	: 36 bits physical, 48 bits virtual
power management:

processor	: 3
vendor_id	: GenuineIntel
cpu family	: 6
model		: 142
model name	: Intel(R) Core(TM) i7-8550U CPU @ 1.80GHz
stepping	: 10
microcode	: 0xffffffff
cpu MHz		: 1992.000
cache size	: 256 KB
physical id	: 0
siblings	: 8
core id		: 1
cpu cores	: 4
apicid		: 0
initial apicid	: 0
fpu		: yes
fpu_exception	: yes
cpuid level	: 6
wp		: yes
flags		: fpu vme de pse tsc msr pae mce cx8 apic sep mtrr pge mca cmov pat pse36 clflush dts acpi mmx fxsr sse sse2 ss ht tm pbe syscall nx pdpe1gb rdtscp lm pni pclmulqdq dtes64 monitor ds_cpl vmx est tm2 ssse3 fma cx16 xtpr pdcm pcid sse4_1 sse4_2 x2apic movbe popcnt tsc_deadline_timer aes xsave osxsave avx f16c rdrand
bogomips	: 3984.00
clflush size	: 64
cache_alignment	: 64
address sizes	: 36 bits physical, 48 bits virtual
power management:

processor	: 4
vendor_id	: GenuineIntel
cpu family	: 6
model		: 142
model name	: Intel(R) Core(TM) i7-8550U CPU @ 1.80GHz
stepping	: 10
microcode	: 0xffffffff
cpu MHz		: 1992.000
cache size	: 256 KB
physical id	: 0
siblings	: 8
core id		: 2
cpu cores	: 4
apicid		: 0
initial apicid	: 0
fpu		: yes
fpu_exception	: yes
cpuid level	: 6
wp		: yes
flags		: fpu vme de pse tsc msr pae mce cx8 apic sep mtrr pge mca cmov pat pse36 clflush dts acpi mmx fxsr sse sse2 ss ht tm pbe syscall nx pdpe1gb rdtscp lm pni pclmulqdq dtes64 monitor ds_cpl vmx est tm2 ssse3 fma cx16 xtpr pdcm pcid sse4_1 sse4_2 x2apic movbe popcnt tsc_deadline_timer aes xsave osxsave avx f16c rdrand
bogomips	: 3984.00
clflush size	: 64
cache_alignment	: 64
address sizes	: 36 bits physical, 48 bits virtual
power management:

processor	: 5
vendor_id	: GenuineIntel
cpu family	: 6
model		: 142
model name	: Intel(R) Core(TM) i7-8550U CPU @ 1.80GHz
stepping	: 10
microcode	: 0xffffffff
cpu MHz		: 1992.000
cache size	: 256 KB
physical id	: 0
siblings	: 8
core id		: 2
cpu cores	: 4
apicid		: 0
initial apicid	: 0
fpu		: yes
fpu_exception	: yes
cpuid level	: 6
wp		: yes
flags		: fpu vme de pse tsc msr pae mce cx8 apic sep mtrr pge mca cmov pat pse36 clflush dts acpi mmx fxsr sse sse2 ss ht tm pbe syscall nx pdpe1gb rdtscp lm pni pclmulqdq dtes64 monitor ds_cpl vmx est tm2 ssse3 fma cx16 xtpr pdcm pcid sse4_1 sse4_2 x2apic movbe popcnt tsc_deadline_timer aes xsave osxsave avx f16c rdrand
bogomips	: 3984.00
clflush size	: 64
cache_alignment	: 64
address sizes	: 36 bits physical, 48 bits virtual
power management:

processor	: 6
vendor_id	: GenuineIntel
cpu family	: 6
model		: 142
model name	: Intel(R) Core(TM) i7-8550U CPU @ 1.80GHz
stepping	: 10
microcode	: 0xffffffff
cpu MHz		: 1992.000
cache size	: 256 KB
physical id	: 0
siblings	: 8
core id		: 3
cpu cores	: 4
apicid		: 0
initial apicid	: 0
fpu		: yes
fpu_exception	: yes
cpuid level	: 6
wp		: yes
flags		: fpu vme de pse tsc msr pae mce cx8 apic sep mtrr pge mca cmov pat pse36 clflush dts acpi mmx fxsr sse sse2 ss ht tm pbe syscall nx pdpe1gb rdtscp lm pni pclmulqdq dtes64 monitor ds_cpl vmx est tm2 ssse3 fma cx16 xtpr pdcm pcid sse4_1 sse4_2 x2apic movbe popcnt tsc_deadline_timer aes xsave osxsave avx f16c rdrand
bogomips	: 3984.00
clflush size	: 64
cache_alignment	: 64
address sizes	: 36 bits physical, 48 bits virtual
power management:

processor	: 7
vendor_id	: GenuineIntel
cpu family	: 6
model		: 142
model name	: Intel(R) Core(TM) i7-8550U CPU @ 1.80GHz
stepping	: 10
microcode	: 0xffffffff
cpu MHz		: 1992.000
cache size	: 256 KB
physical id	: 0
siblings	: 8
core id		: 3
cpu cores	: 4
apicid		: 0
initial apicid	: 0
fpu		: yes
fpu_exception	: yes
cpuid level	: 6
wp		: yes
flags		: fpu vme de pse tsc msr pae mce cx8 apic sep mtrr pge mca cmov pat pse36 clflush dts acpi mmx fxsr sse sse2 ss ht tm pbe syscall nx pdpe1gb rdtscp lm pni pclmulqdq dtes64 monitor ds_cpl vmx est tm2 ssse3 fma cx16 xtpr pdcm pcid sse4_1 sse4_2 x2apic movbe popcnt tsc_deadline_timer aes xsave osxsave avx f16c rdrand
bogomips	: 3984.00
clflush size	: 64
cache_alignment	: 64
address sizes	: 36 bits physical, 48 bits virtual
power management:



Memory: 4k page, physical 16648932k(5276784k free), swap 50331648k(50218120k free)

vm_info: OpenJDK 64-Bit Server VM (25.191-b12) for linux-amd64 JRE (1.8.0_191-8u191-b12-2ubuntu0.18.04.1-b12), built on Jan 14 2019 21:02:00 by "buildd" with gcc 7.3.0

time: Thu Jun  6 18:03:38 2019
elapsed time: 3 seconds (0d 0h 0m 3s)

