#
# A fatal error has been detected by the Java Runtime Environment:
#
#  SIGSEGV (0xb) at pc=0x00007fe6482f86a2, pid=7164, tid=0x00007fe649861380
#
# JRE version: OpenJDK Runtime Environment (8.0_191-b12) (build 1.8.0_191-8u191-b12-2ubuntu0.18.04.1-b12)
# Java VM: OpenJDK 64-Bit Server VM (25.191-b12 mixed mode linux-amd64 compressed oops)
# Problematic frame:
# V  [libjvm.so+0x8e86a2]
#
# Failed to write core dump. Core dumps have been disabled. To enable core dumping, try "ulimit -c unlimited" before starting Java again
#
# If you would like to submit a bug report, please visit:
#   http://bugreport.java.com/bugreport/crash.jsp
#

---------------  T H R E A D  ---------------

Current thread is native thread

siginfo: si_signo: 11 (SIGSEGV), si_code: 1 (SEGV_MAPERR), si_addr: 0x0000000000000110

Registers:
RAX=0x0000000000000000, RBX=0x00007fe649820700, RCX=0x0000000000000000, RDX=0x00007fe6498616a0
RSP=0x00007fffec831350, RBP=0x00007fffec831410, RSI=0x00007fffec831a30, RDI=0x0000000000000001
R8 =0x00000000000000ca, R9 =0x00007fe6498209d0, R10=0x0000000000000000, R11=0x0000000000000000
R12=0x00007fe649861300, R13=0x0000000000000000, R14=0x00007fffec831a30, R15=0x00007fffec831420
RIP=0x00007fe6482f86a2, EFLAGS=0x0000000000010246, CSGSFS=0x00000053002b0033, ERR=0x0000000000000000
  TRAPNO=0x0000000000000000

Top of Stack: (sp=0x00007fffec831350)
0x00007fffec831350:   0000004b00000049 00007fffec831800
0x00007fffec831360:   00007fffec831860 0000000000000000
0x00007fffec831370:   00007fe6470c1f0f 00007fffec831520
0x00007fffec831380:   00007fe6470c1708 00007fe64960e312
0x00007fffec831390:   0000000000000000 00007fe6491572df
0x00007fffec8313a0:   00007fffec831930 00007fffec8317e0
0x00007fffec8313b0:   00007fe64960e2e0 00007fffec831800
0x00007fffec8313c0:   0000000000000000 00007fe6491572df
0x00007fffec8313d0:   00007fffec8317e0 511da2e5c0ae6a00
0x00007fffec8313e0:   3436313700000000 00007fe649820700
0x00007fffec8313f0:   0000000000000000 00007fffec831b40
0x00007fffec831400:   0000000000000000 00007fffe47d2180
0x00007fffec831410:   00007fffec831ba8 00007fe64902ef20
0x00007fffec831420:   0000000000000000 0000000000000000
0x00007fffec831430:   0000000000000000 0000000000000000
0x00007fffec831440:   0000000000000000 00000000000000ca
0x00007fffec831450:   00007fe6498209d0 0000000000000000
0x00007fffec831460:   0000000000000000 0000000000000000
0x00007fffec831470:   00007fffec831b40 0000000000000000
0x00007fffec831480:   00007fffe47d2180 00007fe6498209d0
0x00007fffec831490:   0000000000000000 00007fffec831ba8
0x00007fffec8314a0:   00007fe649820700 0000000000001c0f
0x00007fffec8314b0:   fffffffffffffffc 0000000000000000
0x00007fffec8314c0:   00007fffec831b30 00007fe6489a8d2d
0x00007fffec8314d0:   0000000000000246 00000053002b0033
0x00007fffec8314e0:   0000000000000000 0000000000000000
0x00007fffec8314f0:   0000000000000000 0000000000000000
0x00007fffec831500:   0000000000000000 0000000000000000
0x00007fffec831510:   0000000000000000 0000000000000000
0x00007fffec831520:   0000000000000000 0000000000000000
0x00007fffec831530:   0000000000000000 0000000000000000
0x00007fffec831540:   0000000000000000 0000000000000000 

Instructions: (pc=0x00007fe6482f86a2)
0x00007fe6482f8682:   00 48 89 45 c8 31 c0 e8 22 69 90 ff 44 8b 28 49
0x00007fe6482f8692:   89 c4 48 8d 05 8d 8e 65 00 8b 38 e8 96 6b 90 ff
0x00007fe6482f86a2:   48 8b 98 10 01 00 00 8b 83 a8 00 00 00 83 f8 01
0x00007fe6482f86b2:   74 2c 48 8b 45 c8 64 48 33 04 25 28 00 00 00 45 

Register to memory mapping:

RAX=0x0000000000000000 is an unknown value
RBX=0x00007fe649820700 is pointing into the stack for thread: 0x00007fe64000b000
RCX=0x0000000000000000 is an unknown value
RDX=0x00007fe6498616a0 is an unknown value
RSP=0x00007fffec831350 is an unknown value
RBP=0x00007fffec831410 is an unknown value
RSI=0x00007fffec831a30 is an unknown value
RDI=0x0000000000000001 is an unknown value
R8 =0x00000000000000ca is an unknown value
R9 =0x00007fe6498209d0 is pointing into the stack for thread: 0x00007fe64000b000
R10=0x0000000000000000 is an unknown value
R11=0x0000000000000000 is an unknown value
R12=0x00007fe649861300 is an unknown value
R13=0x0000000000000000 is an unknown value
R14=0x00007fffec831a30 is an unknown value
R15=0x00007fffec831420 is an unknown value


Stack: [0x00007fffec73a000,0x00007fffec83a000],  sp=0x00007fffec831350,  free space=988k
Native frames: (J=compiled Java code, j=interpreted, Vv=VM code, C=native code)
V  [libjvm.so+0x8e86a2]
C  [libc.so.6+0x3ef20]


---------------  P R O C E S S  ---------------

VM state:not at safepoint (normal execution)

VM Mutex/Monitor currently owned by a thread: None

Heap:
 PSYoungGen      total 76288K, used 38018K [0x000000076b500000, 0x0000000770a00000, 0x00000007c0000000)
  eden space 65536K, 58% used [0x000000076b500000,0x000000076da20b00,0x000000076f500000)
  from space 10752K, 0% used [0x000000076ff80000,0x000000076ff80000,0x0000000770a00000)
  to   space 10752K, 0% used [0x000000076f500000,0x000000076f500000,0x000000076ff80000)
 ParOldGen       total 175104K, used 0K [0x00000006c1e00000, 0x00000006cc900000, 0x000000076b500000)
  object space 175104K, 0% used [0x00000006c1e00000,0x00000006c1e00000,0x00000006cc900000)
 Metaspace       used 9447K, capacity 9692K, committed 9856K, reserved 1058816K
  class space    used 1221K, capacity 1314K, committed 1408K, reserved 1048576K

Card table byte_map: [0x00007fe645430000,0x00007fe645c22000] byte_map_base: 0x00007fe641e21000

Marking Bits: (ParMarkBitMap*) 0x00007fe648979340
 Begin Bits: [0x00007fe6040f0000, 0x00007fe608078000)
 End Bits:   [0x00007fe608078000, 0x00007fe60c000000)

Polling page: 0x00007fe649870000

CodeCache: size=245760Kb used=2803Kb max_used=2808Kb free=242956Kb
 bounds [0x00007fe631000000, 0x00007fe6312c0000, 0x00007fe640000000]
 total_blobs=1080 nmethods=756 adapters=239
 compilation: enabled

Compilation events (10 events):
Event: 1.625 Thread 0x00007fe6400ca800  743       3       java.lang.invoke.LambdaForm$Name::<init> (54 bytes)
Event: 1.625 Thread 0x00007fe6400ca800 nmethod 743 0x00007fe6312b7f50 code [0x00007fe6312b80c0, 0x00007fe6312b82f0]
Event: 1.633 Thread 0x00007fe6400ca800  745       3       sun.misc.ProxyGenerator$ConstantPool::addEntry (46 bytes)
Event: 1.634 Thread 0x00007fe6400ca800 nmethod 745 0x00007fe6312b8390 code [0x00007fe6312b8540, 0x00007fe6312b89f8]
Event: 1.634 Thread 0x00007fe6400ca800  748       3       java.util.HashMap::getNode (148 bytes)
Event: 1.635 Thread 0x00007fe6400ca800 nmethod 748 0x00007fe6312b8b90 code [0x00007fe6312b8d60, 0x00007fe6312b9708]
Event: 1.635 Thread 0x00007fe6400ca800  747       3       sun.misc.ProxyGenerator$ConstantPool$IndirectEntry::<init> (21 bytes)
Event: 1.635 Thread 0x00007fe6400ca800 nmethod 747 0x00007fe6312b99d0 code [0x00007fe6312b9b40, 0x00007fe6312b9db0]
Event: 1.635 Thread 0x00007fe6400ca800  746       3       sun.misc.ProxyGenerator$ConstantPool$IndirectEntry::<init> (21 bytes)
Event: 1.636 Thread 0x00007fe6400ca800 nmethod 746 0x00007fe6312b9f10 code [0x00007fe6312ba080, 0x00007fe6312ba2f0]

GC Heap History (0 events):
No events

Deoptimization events (3 events):
Event: 1.213 Thread 0x00007fe64000b000 Uncommon trap: reason=unstable_if action=reinterpret pc=0x00007fe63127a194 method=java.util.HashMap.getNode(ILjava/lang/Object;)Ljava/util/HashMap$Node; @ 129
Event: 1.513 Thread 0x00007fe64000b000 Uncommon trap: reason=unstable_if action=reinterpret pc=0x00007fe6311c11d8 method=java.lang.String.replace(CC)Ljava/lang/String; @ 26
Event: 1.633 Thread 0x00007fe640835800 Uncommon trap: reason=unstable_if action=reinterpret pc=0x00007fe631270430 method=java.util.HashMap.getNode(ILjava/lang/Object;)Ljava/util/HashMap$Node; @ 129

Classes redefined (0 events):
No events

Internal exceptions (10 events):
Event: 0.758 Thread 0x00007fe64000b000 Exception <a 'java/lang/ArrayIndexOutOfBoundsException'> (0x000000076c259cd0) thrown at [/build/openjdk-8-5w_p1G/openjdk-8-8u191-b12/src/hotspot/src/share/vm/runtime/sharedRuntime.cpp, line 605]
Event: 0.805 Thread 0x00007fe64000b000 Exception <a 'java/security/PrivilegedActionException'> (0x000000076c392ef0) thrown at [/build/openjdk-8-5w_p1G/openjdk-8-8u191-b12/src/hotspot/src/share/vm/prims/jvm.cpp, line 1429]
Event: 0.805 Thread 0x00007fe64000b000 Exception <a 'java/security/PrivilegedActionException'> (0x000000076c3932e8) thrown at [/build/openjdk-8-5w_p1G/openjdk-8-8u191-b12/src/hotspot/src/share/vm/prims/jvm.cpp, line 1429]
Event: 1.033 Thread 0x00007fe64000b000 Exception <a 'java/lang/NoSuchFieldError': method resolution failed> (0x000000076c89b688) thrown at [/build/openjdk-8-5w_p1G/openjdk-8-8u191-b12/src/hotspot/src/share/vm/prims/methodHandles.cpp, line 1167]
Event: 1.037 Thread 0x00007fe64000b000 Exception <a 'java/lang/NoSuchFieldError': method resolution failed> (0x000000076c8a8d78) thrown at [/build/openjdk-8-5w_p1G/openjdk-8-8u191-b12/src/hotspot/src/share/vm/prims/methodHandles.cpp, line 1167]
Event: 1.135 Thread 0x00007fe64000b000 Exception <a 'java/lang/ArrayIndexOutOfBoundsException'> (0x000000076cba0e80) thrown at [/build/openjdk-8-5w_p1G/openjdk-8-8u191-b12/src/hotspot/src/share/vm/runtime/sharedRuntime.cpp, line 605]
Event: 1.135 Thread 0x00007fe64000b000 Exception <a 'java/lang/ArrayIndexOutOfBoundsException'> (0x000000076cba2b00) thrown at [/build/openjdk-8-5w_p1G/openjdk-8-8u191-b12/src/hotspot/src/share/vm/runtime/sharedRuntime.cpp, line 605]
Event: 1.144 Thread 0x00007fe64000b000 Exception <a 'java/lang/ArrayIndexOutOfBoundsException'> (0x000000076cc17650) thrown at [/build/openjdk-8-5w_p1G/openjdk-8-8u191-b12/src/hotspot/src/share/vm/runtime/sharedRuntime.cpp, line 605]
Event: 1.145 Thread 0x00007fe64000b000 Exception <a 'java/lang/ArrayIndexOutOfBoundsException'> (0x000000076cc18498) thrown at [/build/openjdk-8-5w_p1G/openjdk-8-8u191-b12/src/hotspot/src/share/vm/runtime/sharedRuntime.cpp, line 605]
Event: 1.173 Thread 0x00007fe64000b000 Exception <a 'java/lang/NoClassDefFoundError': org/slf4j/impl/StaticMarkerBinder> (0x000000076ccfafc0) thrown at [/build/openjdk-8-5w_p1G/openjdk-8-8u191-b12/src/hotspot/src/share/vm/classfile/systemDictionary.cpp, line 199]

Events (10 events):
Event: 1.642 loading class java/text/DecimalFormat
Event: 1.643 loading class java/text/DecimalFormat done
Event: 1.644 loading class java/text/FieldPosition
Event: 1.644 loading class java/text/FieldPosition done
Event: 1.644 loading class java/text/DigitList
Event: 1.644 loading class java/text/DigitList done
Event: 1.645 loading class java/math/RoundingMode
Event: 1.645 loading class java/math/RoundingMode done
Event: 4.194 Executing VM operation: EnableBiasedLocking
Event: 4.194 Executing VM operation: EnableBiasedLocking done


Dynamic libraries:
6c1e00000-6cc900000 rw-p 00000000 00:00 0
6cc900000-76b500000 ---p 00000000 00:00 0
76b500000-770a00000 rw-p 00000000 00:00 0
770a00000-7c0000000 ---p 00000000 00:00 0
7c0000000-7c0160000 rw-p 00000000 00:00 0
7c0160000-800000000 ---p 00000000 00:00 0
7fe5c8000000-7fe5c8021000 rw-p 00000000 00:00 0
7fe5c8021000-7fe5cc000000 ---p 00000000 00:00 0
7fe5cc000000-7fe5cc021000 rw-p 00000000 00:00 0
7fe5cc021000-7fe5d0000000 ---p 00000000 00:00 0
7fe5d0000000-7fe5d0021000 rw-p 00000000 00:00 0
7fe5d0021000-7fe5d4000000 ---p 00000000 00:00 0
7fe5d4000000-7fe5d4021000 rw-p 00000000 00:00 0
7fe5d4021000-7fe5d8000000 ---p 00000000 00:00 0
7fe5d8000000-7fe5d8021000 rw-p 00000000 00:00 0
7fe5d8021000-7fe5dc000000 ---p 00000000 00:00 0
7fe5dc000000-7fe5dc021000 rw-p 00000000 00:00 0
7fe5dc021000-7fe5e0000000 ---p 00000000 00:00 0
7fe5e0000000-7fe5e017b000 rw-p 00000000 00:00 0
7fe5e017b000-7fe5e4000000 ---p 00000000 00:00 0
7fe5e4000000-7fe5e415f000 rw-p 00000000 00:00 0
7fe5e415f000-7fe5e8000000 ---p 00000000 00:00 0
7fe5e8000000-7fe5e81a7000 rw-p 00000000 00:00 0
7fe5e81a7000-7fe5ec000000 ---p 00000000 00:00 0
7fe5ec000000-7fe5ec1d7000 rw-p 00000000 00:00 0
7fe5ec1d7000-7fe5f0000000 ---p 00000000 00:00 0
7fe5f0000000-7fe5f0021000 rw-p 00000000 00:00 0
7fe5f0021000-7fe5f4000000 ---p 00000000 00:00 0
7fe5f4000000-7fe5f4021000 rw-p 00000000 00:00 0
7fe5f4021000-7fe5f8000000 ---p 00000000 00:00 0
7fe5f8000000-7fe5f8021000 rw-p 00000000 00:00 0
7fe5f8021000-7fe5fc000000 ---p 00000000 00:00 0
7fe5fc000000-7fe5fc021000 rw-p 00000000 00:00 0
7fe5fc021000-7fe600000000 ---p 00000000 00:00 0
7fe600000000-7fe600021000 rw-p 00000000 00:00 0
7fe600021000-7fe604000000 ---p 00000000 00:00 0
7fe6040f0000-7fe60c021000 rw-p 00000000 00:00 0
7fe60c021000-7fe610000000 ---p 00000000 00:00 0
7fe610000000-7fe610021000 rw-p 00000000 00:00 0
7fe610021000-7fe614000000 ---p 00000000 00:00 0
7fe614000000-7fe614021000 rw-p 00000000 00:00 0
7fe614021000-7fe618000000 ---p 00000000 00:00 0
7fe61bcf0000-7fe61bcf3000 ---p 00000000 00:00 0
7fe61bcf3000-7fe61bdf1000 rw-p 00000000 00:00 0
7fe61be00000-7fe61be40000 rw-p 00000000 00:00 0
7fe61be40000-7fe61c000000 ---p 00000000 00:00 0
7fe61c000000-7fe61c021000 rw-p 00000000 00:00 0
7fe61c021000-7fe620000000 ---p 00000000 00:00 0
7fe620030000-7fe620033000 ---p 00000000 00:00 0
7fe620033000-7fe620131000 rw-p 00000000 00:00 0
7fe620140000-7fe620143000 ---p 00000000 00:00 0
7fe620143000-7fe620179000 rw-p 00000000 00:00 0
7fe620180000-7fe620183000 ---p 00000000 00:00 0
7fe620183000-7fe620281000 rw-p 00000000 00:00 0
7fe620290000-7fe620299000 r-xp 00000000 00:00 381654             /usr/lib/jvm/java-8-openjdk-amd64/jre/lib/amd64/libmanagement.so
7fe620299000-7fe62029a000 ---p 00009000 00:00 381654             /usr/lib/jvm/java-8-openjdk-amd64/jre/lib/amd64/libmanagement.so
7fe62029a000-7fe620498000 ---p 0000000a 00:00 381654             /usr/lib/jvm/java-8-openjdk-amd64/jre/lib/amd64/libmanagement.so
7fe620498000-7fe620499000 r--p 00008000 00:00 381654             /usr/lib/jvm/java-8-openjdk-amd64/jre/lib/amd64/libmanagement.so
7fe620499000-7fe62049a000 rw-p 00009000 00:00 381654             /usr/lib/jvm/java-8-openjdk-amd64/jre/lib/amd64/libmanagement.so
7fe6204a0000-7fe6204c5000 r-xp 00000000 00:00 395526             /lib/x86_64-linux-gnu/libtinfo.so.5.9
7fe6204c5000-7fe6204ca000 ---p 00025000 00:00 395526             /lib/x86_64-linux-gnu/libtinfo.so.5.9
7fe6204ca000-7fe6206c5000 ---p 0000002a 00:00 395526             /lib/x86_64-linux-gnu/libtinfo.so.5.9
7fe6206c5000-7fe6206c9000 r--p 00025000 00:00 395526             /lib/x86_64-linux-gnu/libtinfo.so.5.9
7fe6206c9000-7fe6206ca000 rw-p 00029000 00:00 395526             /lib/x86_64-linux-gnu/libtinfo.so.5.9
7fe6206d0000-7fe6206f1000 r-xp 00000000 00:00 395446             /lib/x86_64-linux-gnu/libncurses.so.5.9
7fe6206f1000-7fe6206f3000 ---p 00021000 00:00 395446             /lib/x86_64-linux-gnu/libncurses.so.5.9
7fe6206f3000-7fe6208f1000 ---p 00000023 00:00 395446             /lib/x86_64-linux-gnu/libncurses.so.5.9
7fe6208f1000-7fe6208f2000 r--p 00021000 00:00 395446             /lib/x86_64-linux-gnu/libncurses.so.5.9
7fe6208f2000-7fe6208f3000 rw-p 00022000 00:00 395446             /lib/x86_64-linux-gnu/libncurses.so.5.9
7fe620910000-7fe620913000 r-xp 00000000 00:00 415605             /home/azlen/.gradle/native/25/linux-amd64-ncurses5/libnative-platform-curses.so
7fe620913000-7fe620916000 ---p 00003000 00:00 415605             /home/azlen/.gradle/native/25/linux-amd64-ncurses5/libnative-platform-curses.so
7fe620916000-7fe620b13000 ---p 00000006 00:00 415605             /home/azlen/.gradle/native/25/linux-amd64-ncurses5/libnative-platform-curses.so
7fe620b13000-7fe620b14000 rw-p 00003000 00:00 415605             /home/azlen/.gradle/native/25/linux-amd64-ncurses5/libnative-platform-curses.so
7fe620b20000-7fe620b25000 r-xp 00000000 00:00 415599             /home/azlen/.gradle/native/25/linux-amd64/libnative-platform.so
7fe620b25000-7fe620b28000 ---p 00005000 00:00 415599             /home/azlen/.gradle/native/25/linux-amd64/libnative-platform.so
7fe620b28000-7fe620d24000 ---p 00000008 00:00 415599             /home/azlen/.gradle/native/25/linux-amd64/libnative-platform.so
7fe620d24000-7fe620d25000 rw-p 00004000 00:00 415599             /home/azlen/.gradle/native/25/linux-amd64/libnative-platform.so
7fe620d26000-7fe620d58000 r--s 0021b000 00:00 382323             /home/azlen/.gradle/wrapper/dists/gradle-4.1-all/bzyivzo6n839fup2jbap0tjew/gradle-4.1/lib/kotlin-reflect-1.1.3-2.jar
7fe620d58000-7fe620f0f000 r--s 01786000 00:00 382322             /home/azlen/.gradle/wrapper/dists/gradle-4.1-all/bzyivzo6n839fup2jbap0tjew/gradle-4.1/lib/kotlin-compiler-embeddable-1.1.3-2.jar
7fe620f0f000-7fe620f1f000 r--s 00082000 00:00 382337             /home/azlen/.gradle/wrapper/dists/gradle-4.1-all/bzyivzo6n839fup2jbap0tjew/gradle-4.1/lib/gradle-model-core-4.1.jar
7fe620f1f000-7fe620f8f000 r--s 00645000 00:00 382354             /home/azlen/.gradle/wrapper/dists/gradle-4.1-all/bzyivzo6n839fup2jbap0tjew/gradle-4.1/lib/groovy-all-2.4.11.jar
7fe620f8f000-7fe620fb7000 r--s 001cf000 00:00 10147              /home/azlen/.gradle/wrapper/dists/gradle-4.1-all/bzyivzo6n839fup2jbap0tjew/gradle-4.1/lib/guava-jdk5-17.0.jar
7fe620fb7000-7fe620fd6000 r--s 001d1000 00:00 382355             /home/azlen/.gradle/wrapper/dists/gradle-4.1-all/bzyivzo6n839fup2jbap0tjew/gradle-4.1/lib/ant-1.9.6.jar
7fe620fd6000-7fe621020000 r--s 00253000 00:00 382330             /home/azlen/.gradle/wrapper/dists/gradle-4.1-all/bzyivzo6n839fup2jbap0tjew/gradle-4.1/lib/gradle-core-4.1.jar
7fe621020000-7fe621031000 r-xp 00000000 00:00 381657             /usr/lib/jvm/java-8-openjdk-amd64/jre/lib/amd64/libnio.so
7fe621031000-7fe621033000 ---p 00011000 00:00 381657             /usr/lib/jvm/java-8-openjdk-amd64/jre/lib/amd64/libnio.so
7fe621033000-7fe621231000 ---p 00000013 00:00 381657             /usr/lib/jvm/java-8-openjdk-amd64/jre/lib/amd64/libnio.so
7fe621231000-7fe621232000 r--p 00011000 00:00 381657             /usr/lib/jvm/java-8-openjdk-amd64/jre/lib/amd64/libnio.so
7fe621232000-7fe621233000 rw-p 00012000 00:00 381657             /usr/lib/jvm/java-8-openjdk-amd64/jre/lib/amd64/libnio.so
7fe621240000-7fe621541000 rw-p 00000000 00:00 0
7fe621550000-7fe621567000 r-xp 00000000 00:00 381656             /usr/lib/jvm/java-8-openjdk-amd64/jre/lib/amd64/libnet.so
7fe621567000-7fe621568000 ---p 00017000 00:00 381656             /usr/lib/jvm/java-8-openjdk-amd64/jre/lib/amd64/libnet.so
7fe621568000-7fe621766000 ---p 00000018 00:00 381656             /usr/lib/jvm/java-8-openjdk-amd64/jre/lib/amd64/libnet.so
7fe621766000-7fe621767000 r--p 00016000 00:00 381656             /usr/lib/jvm/java-8-openjdk-amd64/jre/lib/amd64/libnet.so
7fe621767000-7fe621768000 rw-p 00017000 00:00 381656             /usr/lib/jvm/java-8-openjdk-amd64/jre/lib/amd64/libnet.so
7fe621775000-7fe621790000 r--s 001d6000 00:00 381683             /usr/lib/jvm/java-8-openjdk-amd64/jre/lib/ext/nashorn.jar
7fe621790000-7fe621791000 ---p 00000000 00:00 0
7fe621791000-7fe621891000 rw-p 00000000 00:00 0
7fe6218a0000-7fe6218a3000 ---p 00000000 00:00 0
7fe6218a3000-7fe6219a1000 rw-p 00000000 00:00 0
7fe6219b0000-7fe6219b4000 ---p 00000000 00:00 0
7fe6219b4000-7fe621ab1000 rw-p 00000000 00:00 0
7fe621ac0000-7fe621ac4000 ---p 00000000 00:00 0
7fe621ac4000-7fe621bc1000 rw-p 00000000 00:00 0
7fe621bd0000-7fe621bd4000 ---p 00000000 00:00 0
7fe621bd4000-7fe621cd1000 rw-p 00000000 00:00 0
7fe621ce0000-7fe621ce4000 ---p 00000000 00:00 0
7fe621ce4000-7fe621de1000 rw-p 00000000 00:00 0
7fe621df0000-7fe621df3000 ---p 00000000 00:00 0
7fe621df3000-7fe621ef1000 rw-p 00000000 00:00 0
7fe621ef1000-7fe621f22000 r--p 00000000 00:00 397577             /usr/lib/locale/C.UTF-8/LC_CTYPE
7fe621f22000-7fe622095000 r--p 00000000 00:00 397576             /usr/lib/locale/C.UTF-8/LC_COLLATE
7fe622095000-7fe622230000 r--p 00000000 00:00 397588             /usr/lib/locale/locale-archive
7fe622230000-7fe622233000 ---p 00000000 00:00 0
7fe622233000-7fe622331000 rw-p 00000000 00:00 0
7fe622340000-7fe622343000 ---p 00000000 00:00 0
7fe622343000-7fe622441000 rw-p 00000000 00:00 0
7fe622450000-7fe622451000 ---p 00000000 00:00 0
7fe622451000-7fe622551000 rw-p 00000000 00:00 0
7fe622560000-7fe622661000 rw-p 00000000 00:00 0
7fe622670000-7fe622771000 rw-p 00000000 00:00 0
7fe622780000-7fe622881000 rw-p 00000000 00:00 0
7fe622890000-7fe622991000 rw-p 00000000 00:00 0
7fe6229a0000-7fe622aa1000 rw-p 00000000 00:00 0
7fe622ab0000-7fe622bb1000 rw-p 00000000 00:00 0
7fe622bc0000-7fe622cc1000 rw-p 00000000 00:00 0
7fe622cd0000-7fe622dd1000 rw-p 00000000 00:00 0
7fe622de0000-7fe622ee1000 rw-p 00000000 00:00 0
7fe622ef0000-7fe622f11000 rw-p 00000000 00:00 0
7fe622f20000-7fe623021000 rw-p 00000000 00:00 0
7fe623030000-7fe623051000 rw-p 00000000 00:00 0
7fe623060000-7fe623161000 rw-p 00000000 00:00 0
7fe623170000-7fe623191000 rw-p 00000000 00:00 0
7fe6231a0000-7fe6232a1000 rw-p 00000000 00:00 0
7fe6232b0000-7fe6232d1000 rw-p 00000000 00:00 0
7fe6232e0000-7fe6233e1000 rw-p 00000000 00:00 0
7fe6233f0000-7fe623411000 rw-p 00000000 00:00 0
7fe623420000-7fe623521000 rw-p 00000000 00:00 0
7fe623530000-7fe623551000 rw-p 00000000 00:00 0
7fe623560000-7fe623661000 rw-p 00000000 00:00 0
7fe623670000-7fe623771000 rw-p 00000000 00:00 0
7fe623780000-7fe623881000 rw-p 00000000 00:00 0
7fe623890000-7fe623991000 rw-p 00000000 00:00 0
7fe6239a0000-7fe623aa1000 rw-p 00000000 00:00 0
7fe623ab0000-7fe623bb1000 rw-p 00000000 00:00 0
7fe623bc0000-7fe623cc1000 rw-p 00000000 00:00 0
7fe623cd0000-7fe623dd1000 rw-p 00000000 00:00 0
7fe623de0000-7fe623ee1000 rw-p 00000000 00:00 0
7fe623ef0000-7fe623ff1000 rw-p 00000000 00:00 0
7fe624000000-7fe624021000 rw-p 00000000 00:00 0
7fe624021000-7fe628000000 ---p 00000000 00:00 0
7fe628000000-7fe628021000 rw-p 00000000 00:00 0
7fe628021000-7fe62c000000 ---p 00000000 00:00 0
7fe62c000000-7fe62c021000 rw-p 00000000 00:00 0
7fe62c021000-7fe630000000 ---p 00000000 00:00 0
7fe630000000-7fe630ff1000 rw-p 00000000 00:00 0
7fe631000000-7fe6312c0000 rwxp 00000000 00:00 0
7fe6312c0000-7fe640000000 ---p 00000000 00:00 0
7fe640000000-7fe640881000 rw-p 00000000 00:00 0
7fe640881000-7fe644000000 ---p 00000000 00:00 0
7fe644000000-7fe644021000 rw-p 00000000 00:00 0
7fe644030000-7fe644051000 rw-p 00000000 00:00 0
7fe644060000-7fe644081000 rw-p 00000000 00:00 0
7fe644090000-7fe644191000 rw-p 00000000 00:00 0
7fe6441a0000-7fe6442a1000 rw-p 00000000 00:00 0
7fe6442b0000-7fe6443b1000 rw-p 00000000 00:00 0
7fe6443c0000-7fe64440e000 rw-p 00000000 00:00 0
7fe644411000-7fe6445e0000 r--s 03c33000 00:00 381710             /usr/lib/jvm/java-8-openjdk-amd64/jre/lib/rt.jar
7fe6445e0000-7fe644656000 rw-p 00000000 00:00 0
7fe644660000-7fe644661000 ---p 00000000 00:00 0
7fe644661000-7fe644761000 rw-p 00000000 00:00 0
7fe644770000-7fe644771000 ---p 00000000 00:00 0
7fe644771000-7fe644871000 rw-p 00000000 00:00 0
7fe644880000-7fe644881000 ---p 00000000 00:00 0
7fe644881000-7fe644981000 rw-p 00000000 00:00 0
7fe644990000-7fe644991000 ---p 00000000 00:00 0
7fe644991000-7fe644a91000 rw-p 00000000 00:00 0
7fe644aa0000-7fe644aa1000 ---p 00000000 00:00 0
7fe644aa1000-7fe644ba1000 rw-p 00000000 00:00 0
7fe644bb0000-7fe644bb1000 ---p 00000000 00:00 0
7fe644bb1000-7fe644cb1000 rw-p 00000000 00:00 0
7fe644cc0000-7fe644cc1000 ---p 00000000 00:00 0
7fe644cc1000-7fe644dc1000 rw-p 00000000 00:00 0
7fe644dd0000-7fe644dd1000 ---p 00000000 00:00 0
7fe644dd1000-7fe644ed1000 rw-p 00000000 00:00 0
7fe644ed1000-7fe644ee0000 r--s 000c8000 00:00 382324             /home/azlen/.gradle/wrapper/dists/gradle-4.1-all/bzyivzo6n839fup2jbap0tjew/gradle-4.1/lib/kotlin-stdlib-1.1.3-2.jar
7fe644ee0000-7fe644f36000 rw-p 00000000 00:00 0
7fe644f36000-7fe64542c000 ---p 00000000 00:00 0
7fe645430000-7fe645486000 rw-p 00000000 00:00 0
7fe645486000-7fe64597b000 ---p 00000000 00:00 0
7fe64597b000-7fe6459a6000 rw-p 00000000 00:00 0
7fe6459a6000-7fe645c21000 ---p 00000000 00:00 0
7fe645c21000-7fe645c22000 rw-p 00000000 00:00 0
7fe645c23000-7fe645c30000 r--s 00043000 00:00 382327             /home/azlen/.gradle/wrapper/dists/gradle-4.1-all/bzyivzo6n839fup2jbap0tjew/gradle-4.1/lib/gradle-tooling-api-4.1.jar
7fe645c30000-7fe645c3b000 rw-p 00000000 00:00 0
7fe645c3b000-7fe645ff0000 ---p 00000000 00:00 0
7fe645ff0000-7fe645ff8000 r-xp 00000000 00:00 381664             /usr/lib/jvm/java-8-openjdk-amd64/jre/lib/amd64/libzip.so
7fe645ff8000-7fe645ff9000 ---p 00008000 00:00 381664             /usr/lib/jvm/java-8-openjdk-amd64/jre/lib/amd64/libzip.so
7fe645ff9000-7fe6461f7000 ---p 00000009 00:00 381664             /usr/lib/jvm/java-8-openjdk-amd64/jre/lib/amd64/libzip.so
7fe6461f7000-7fe6461f8000 r--p 00007000 00:00 381664             /usr/lib/jvm/java-8-openjdk-amd64/jre/lib/amd64/libzip.so
7fe6461f8000-7fe6461f9000 rw-p 00008000 00:00 381664             /usr/lib/jvm/java-8-openjdk-amd64/jre/lib/amd64/libzip.so
7fe646200000-7fe64620b000 r-xp 00000000 00:00 395459             /lib/x86_64-linux-gnu/libnss_files-2.27.so
7fe64620b000-7fe64620c000 ---p 0000b000 00:00 395459             /lib/x86_64-linux-gnu/libnss_files-2.27.so
7fe64620c000-7fe64640a000 ---p 0000000c 00:00 395459             /lib/x86_64-linux-gnu/libnss_files-2.27.so
7fe64640a000-7fe64640b000 r--p 0000a000 00:00 395459             /lib/x86_64-linux-gnu/libnss_files-2.27.so
7fe64640b000-7fe64640c000 rw-p 0000b000 00:00 395459             /lib/x86_64-linux-gnu/libnss_files-2.27.so
7fe64640c000-7fe646412000 rw-p 00000000 00:00 0
7fe646416000-7fe646420000 r--s 00073000 00:00 382318             /home/azlen/.gradle/wrapper/dists/gradle-4.1-all/bzyivzo6n839fup2jbap0tjew/gradle-4.1/lib/gradle-kotlin-dsl-0.10.3.jar
7fe646420000-7fe646437000 r-xp 00000000 00:00 395453             /lib/x86_64-linux-gnu/libnsl-2.27.so
7fe646437000-7fe646438000 ---p 00017000 00:00 395453             /lib/x86_64-linux-gnu/libnsl-2.27.so
7fe646438000-7fe646636000 ---p 00000018 00:00 395453             /lib/x86_64-linux-gnu/libnsl-2.27.so
7fe646636000-7fe646637000 r--p 00016000 00:00 395453             /lib/x86_64-linux-gnu/libnsl-2.27.so
7fe646637000-7fe646638000 rw-p 00017000 00:00 395453             /lib/x86_64-linux-gnu/libnsl-2.27.so
7fe646638000-7fe64663a000 rw-p 00000000 00:00 0
7fe64663b000-7fe646640000 r--s 00013000 00:00 382334             /home/azlen/.gradle/wrapper/dists/gradle-4.1-all/bzyivzo6n839fup2jbap0tjew/gradle-4.1/lib/gradle-resources-4.1.jar
7fe646640000-7fe64664b000 r-xp 00000000 00:00 395463             /lib/x86_64-linux-gnu/libnss_nis-2.27.so
7fe64664b000-7fe64664c000 ---p 0000b000 00:00 395463             /lib/x86_64-linux-gnu/libnss_nis-2.27.so
7fe64664c000-7fe64684a000 ---p 0000000c 00:00 395463             /lib/x86_64-linux-gnu/libnss_nis-2.27.so
7fe64684a000-7fe64684b000 r--p 0000a000 00:00 395463             /lib/x86_64-linux-gnu/libnss_nis-2.27.so
7fe64684b000-7fe64684c000 rw-p 0000b000 00:00 395463             /lib/x86_64-linux-gnu/libnss_nis-2.27.so
7fe646850000-7fe646858000 r-xp 00000000 00:00 395455             /lib/x86_64-linux-gnu/libnss_compat-2.27.so
7fe646858000-7fe64685a000 ---p 00008000 00:00 395455             /lib/x86_64-linux-gnu/libnss_compat-2.27.so
7fe64685a000-7fe646a58000 ---p 0000000a 00:00 395455             /lib/x86_64-linux-gnu/libnss_compat-2.27.so
7fe646a58000-7fe646a59000 r--p 00008000 00:00 395455             /lib/x86_64-linux-gnu/libnss_compat-2.27.so
7fe646a59000-7fe646a5a000 rw-p 00009000 00:00 395455             /lib/x86_64-linux-gnu/libnss_compat-2.27.so
7fe646a5c000-7fe646a5e000 r--s 00003000 00:00 382317             /home/azlen/.gradle/wrapper/dists/gradle-4.1-all/bzyivzo6n839fup2jbap0tjew/gradle-4.1/lib/annotations-13.0.jar
7fe646a5e000-7fe646a60000 r--s 00005000 00:00 382341             /home/azlen/.gradle/wrapper/dists/gradle-4.1-all/bzyivzo6n839fup2jbap0tjew/gradle-4.1/lib/gradle-cli-4.1.jar
7fe646a60000-7fe646a8e000 r-xp 00000000 00:00 381645             /usr/lib/jvm/java-8-openjdk-amd64/jre/lib/amd64/libjava.so
7fe646a8e000-7fe646a90000 ---p 0002e000 00:00 381645             /usr/lib/jvm/java-8-openjdk-amd64/jre/lib/amd64/libjava.so
7fe646a90000-7fe646c8d000 ---p 00000030 00:00 381645             /usr/lib/jvm/java-8-openjdk-amd64/jre/lib/amd64/libjava.so
7fe646c8d000-7fe646c8e000 r--p 0002d000 00:00 381645             /usr/lib/jvm/java-8-openjdk-amd64/jre/lib/amd64/libjava.so
7fe646c8e000-7fe646c90000 rw-p 0002e000 00:00 381645             /usr/lib/jvm/java-8-openjdk-amd64/jre/lib/amd64/libjava.so
7fe646c90000-7fe646ca0000 r-xp 00000000 00:00 381663             /usr/lib/jvm/java-8-openjdk-amd64/jre/lib/amd64/libverify.so
7fe646ca0000-7fe646ca2000 ---p 00010000 00:00 381663             /usr/lib/jvm/java-8-openjdk-amd64/jre/lib/amd64/libverify.so
7fe646ca2000-7fe646e9f000 ---p 00000012 00:00 381663             /usr/lib/jvm/java-8-openjdk-amd64/jre/lib/amd64/libverify.so
7fe646e9f000-7fe646ea1000 r--p 0000f000 00:00 381663             /usr/lib/jvm/java-8-openjdk-amd64/jre/lib/amd64/libverify.so
7fe646ea1000-7fe646ea2000 rw-p 00011000 00:00 381663             /usr/lib/jvm/java-8-openjdk-amd64/jre/lib/amd64/libverify.so
7fe646ea2000-7fe646ea3000 r--s 00006000 00:00 382328             /home/azlen/.gradle/wrapper/dists/gradle-4.1-all/bzyivzo6n839fup2jbap0tjew/gradle-4.1/lib/gradle-wrapper-4.1.jar
7fe646ea3000-7fe646eb0000 r--s 00083000 00:00 382417             /home/azlen/.gradle/wrapper/dists/gradle-4.1-all/bzyivzo6n839fup2jbap0tjew/gradle-4.1/lib/commons-collections-3.2.2.jar
7fe646eb0000-7fe646eb7000 r-xp 00000000 00:00 395507             /lib/x86_64-linux-gnu/librt-2.27.so
7fe646eb7000-7fe646eb8000 ---p 00007000 00:00 395507             /lib/x86_64-linux-gnu/librt-2.27.so
7fe646eb8000-7fe6470b6000 ---p 00000008 00:00 395507             /lib/x86_64-linux-gnu/librt-2.27.so
7fe6470b6000-7fe6470b7000 r--p 00006000 00:00 395507             /lib/x86_64-linux-gnu/librt-2.27.so
7fe6470b7000-7fe6470b8000 rw-p 00007000 00:00 395507             /lib/x86_64-linux-gnu/librt-2.27.so
7fe6470b8000-7fe6470b9000 r--s 00000000 00:00 382321             /home/azlen/.gradle/wrapper/dists/gradle-4.1-all/bzyivzo6n839fup2jbap0tjew/gradle-4.1/lib/gradle-kotlin-dsl-tooling-models-0.10.3.jar
7fe6470b9000-7fe6470c0000 r--s 0002c000 00:00 382332             /home/azlen/.gradle/wrapper/dists/gradle-4.1-all/bzyivzo6n839fup2jbap0tjew/gradle-4.1/lib/gradle-logging-4.1.jar
7fe6470c0000-7fe6470d7000 r-xp 00000000 00:00 507174             /lib/x86_64-linux-gnu/libgcc_s.so.1
7fe6470d7000-7fe6470d8000 ---p 00017000 00:00 507174             /lib/x86_64-linux-gnu/libgcc_s.so.1
7fe6470d8000-7fe6472d6000 ---p 00000018 00:00 507174             /lib/x86_64-linux-gnu/libgcc_s.so.1
7fe6472d6000-7fe6472d7000 r--p 00016000 00:00 507174             /lib/x86_64-linux-gnu/libgcc_s.so.1
7fe6472d7000-7fe6472d8000 rw-p 00017000 00:00 507174             /lib/x86_64-linux-gnu/libgcc_s.so.1
7fe6472d8000-7fe6472d9000 r--s 00001000 00:00 382319             /home/azlen/.gradle/wrapper/dists/gradle-4.1-all/bzyivzo6n839fup2jbap0tjew/gradle-4.1/lib/gradle-kotlin-dsl-compiler-plugin-0.10.3.jar
7fe6472d9000-7fe6472db000 r--s 00003000 00:00 4018               /home/azlen/.gradle/wrapper/dists/gradle-4.1-all/bzyivzo6n839fup2jbap0tjew/gradle-4.1/lib/jcl-over-slf4j-1.7.10.jar
7fe6472db000-7fe6472dc000 r--s 00005000 00:00 382350             /home/azlen/.gradle/wrapper/dists/gradle-4.1-all/bzyivzo6n839fup2jbap0tjew/gradle-4.1/lib/log4j-over-slf4j-1.7.10.jar
7fe6472dc000-7fe6472de000 r--s 00000000 00:00 382349             /home/azlen/.gradle/wrapper/dists/gradle-4.1-all/bzyivzo6n839fup2jbap0tjew/gradle-4.1/lib/jul-to-slf4j-1.7.10.jar
7fe6472de000-7fe6472e0000 r--s 00006000 00:00 382338             /home/azlen/.gradle/wrapper/dists/gradle-4.1-all/bzyivzo6n839fup2jbap0tjew/gradle-4.1/lib/gradle-base-services-groovy-4.1.jar
7fe6472e0000-7fe64747d000 r-xp 00000000 00:00 395432             /lib/x86_64-linux-gnu/libm-2.27.so
7fe64747d000-7fe647480000 ---p 0019d000 00:00 395432             /lib/x86_64-linux-gnu/libm-2.27.so
7fe647480000-7fe64767c000 ---p 000001a0 00:00 395432             /lib/x86_64-linux-gnu/libm-2.27.so
7fe64767c000-7fe64767d000 r--p 0019c000 00:00 395432             /lib/x86_64-linux-gnu/libm-2.27.so
7fe64767d000-7fe64767e000 rw-p 0019d000 00:00 395432             /lib/x86_64-linux-gnu/libm-2.27.so
7fe64767e000-7fe647680000 r--s 00007000 00:00 382336             /home/azlen/.gradle/wrapper/dists/gradle-4.1-all/bzyivzo6n839fup2jbap0tjew/gradle-4.1/lib/gradle-model-groovy-4.1.jar
7fe647680000-7fe6477f9000 r-xp 00000000 00:00 568913             /usr/lib/x86_64-linux-gnu/libstdc++.so.6.0.25
7fe6477f9000-7fe647806000 ---p 00179000 00:00 568913             /usr/lib/x86_64-linux-gnu/libstdc++.so.6.0.25
7fe647806000-7fe6479f9000 ---p 00000186 00:00 568913             /usr/lib/x86_64-linux-gnu/libstdc++.so.6.0.25
7fe6479f9000-7fe647a03000 r--p 00179000 00:00 568913             /usr/lib/x86_64-linux-gnu/libstdc++.so.6.0.25
7fe647a03000-7fe647a05000 rw-p 00183000 00:00 568913             /usr/lib/x86_64-linux-gnu/libstdc++.so.6.0.25
7fe647a05000-7fe647a09000 rw-p 00000000 00:00 0
7fe647a09000-7fe647a0a000 r--s 00002000 00:00 382426             /home/azlen/.gradle/wrapper/dists/gradle-4.1-all/bzyivzo6n839fup2jbap0tjew/gradle-4.1/lib/gradle-docs-4.1.jar
7fe647a0a000-7fe647a0b000 r--s 00000000 00:00 382382             /home/azlen/.gradle/wrapper/dists/gradle-4.1-all/bzyivzo6n839fup2jbap0tjew/gradle-4.1/lib/javax.inject-1.jar
7fe647a0b000-7fe647a0e000 r--s 00023000 00:00 382430             /home/azlen/.gradle/wrapper/dists/gradle-4.1-all/bzyivzo6n839fup2jbap0tjew/gradle-4.1/lib/jansi-1.14.jar
7fe647a0e000-7fe647a0f000 r--s 00004000 00:00 382432             /home/azlen/.gradle/wrapper/dists/gradle-4.1-all/bzyivzo6n839fup2jbap0tjew/gradle-4.1/lib/native-platform-freebsd-amd64-libcpp-0.14.jar
7fe647a0f000-7fe647a10000 r--s 00004000 00:00 382433             /home/azlen/.gradle/wrapper/dists/gradle-4.1-all/bzyivzo6n839fup2jbap0tjew/gradle-4.1/lib/native-platform-freebsd-amd64-libstdcpp-0.14.jar
7fe647a10000-7fe6486aa000 r-xp 00000000 00:00 381667             /usr/lib/jvm/java-8-openjdk-amd64/jre/lib/amd64/server/libjvm.so
7fe6486aa000-7fe648774000 ---p 00c9a000 00:00 381667             /usr/lib/jvm/java-8-openjdk-amd64/jre/lib/amd64/server/libjvm.so
7fe648774000-7fe6488a9000 ---p 00000d64 00:00 381667             /usr/lib/jvm/java-8-openjdk-amd64/jre/lib/amd64/server/libjvm.so
7fe6488a9000-7fe64893d000 r--p 00c99000 00:00 381667             /usr/lib/jvm/java-8-openjdk-amd64/jre/lib/amd64/server/libjvm.so
7fe64893d000-7fe648966000 rw-p 00d2d000 00:00 381667             /usr/lib/jvm/java-8-openjdk-amd64/jre/lib/amd64/server/libjvm.so
7fe648966000-7fe648996000 rw-p 00000000 00:00 0
7fe648996000-7fe648997000 r--s 00004000 00:00 382447             /home/azlen/.gradle/wrapper/dists/gradle-4.1-all/bzyivzo6n839fup2jbap0tjew/gradle-4.1/lib/native-platform-freebsd-i386-libcpp-0.14.jar
7fe648997000-7fe648998000 r--s 00003000 00:00 382451             /home/azlen/.gradle/wrapper/dists/gradle-4.1-all/bzyivzo6n839fup2jbap0tjew/gradle-4.1/lib/native-platform-freebsd-i386-libstdcpp-0.14.jar
7fe648998000-7fe648999000 r--s 00002000 00:00 382452             /home/azlen/.gradle/wrapper/dists/gradle-4.1-all/bzyivzo6n839fup2jbap0tjew/gradle-4.1/lib/native-platform-linux-amd64-0.14.jar
7fe648999000-7fe64899a000 r--s 00002000 00:00 382453             /home/azlen/.gradle/wrapper/dists/gradle-4.1-all/bzyivzo6n839fup2jbap0tjew/gradle-4.1/lib/native-platform-linux-i386-0.14.jar
7fe64899a000-7fe64899c000 r--s 00002000 00:00 382454             /home/azlen/.gradle/wrapper/dists/gradle-4.1-all/bzyivzo6n839fup2jbap0tjew/gradle-4.1/lib/native-platform-osx-amd64-0.14.jar
7fe64899c000-7fe6489a0000 r--s 00012000 00:00 382419             /home/azlen/.gradle/wrapper/dists/gradle-4.1-all/bzyivzo6n839fup2jbap0tjew/gradle-4.1/lib/native-platform-0.14.jar
7fe6489a0000-7fe6489ba000 r-xp 00000000 00:00 395497             /lib/x86_64-linux-gnu/libpthread-2.27.so
7fe6489ba000-7fe6489c4000 ---p 0001a000 00:00 395497             /lib/x86_64-linux-gnu/libpthread-2.27.so
7fe6489c4000-7fe648bb9000 ---p 00000024 00:00 395497             /lib/x86_64-linux-gnu/libpthread-2.27.so
7fe648bb9000-7fe648bba000 r--p 00019000 00:00 395497             /lib/x86_64-linux-gnu/libpthread-2.27.so
7fe648bba000-7fe648bbb000 rw-p 0001a000 00:00 395497             /lib/x86_64-linux-gnu/libpthread-2.27.so
7fe648bbb000-7fe648bbf000 rw-p 00000000 00:00 0
7fe648bbf000-7fe648bc0000 r--s 00003000 00:00 382456             /home/azlen/.gradle/wrapper/dists/gradle-4.1-all/bzyivzo6n839fup2jbap0tjew/gradle-4.1/lib/native-platform-osx-i386-0.14.jar
7fe648bc0000-7fe648bc3000 r-xp 00000000 00:00 395385             /lib/x86_64-linux-gnu/libdl-2.27.so
7fe648bc3000-7fe648bc4000 ---p 00003000 00:00 395385             /lib/x86_64-linux-gnu/libdl-2.27.so
7fe648bc4000-7fe648dc2000 ---p 00000004 00:00 395385             /lib/x86_64-linux-gnu/libdl-2.27.so
7fe648dc2000-7fe648dc3000 r--p 00002000 00:00 395385             /lib/x86_64-linux-gnu/libdl-2.27.so
7fe648dc3000-7fe648dc4000 rw-p 00003000 00:00 395385             /lib/x86_64-linux-gnu/libdl-2.27.so
7fe648dc4000-7fe648dc6000 r--s 0000b000 00:00 382457             /home/azlen/.gradle/wrapper/dists/gradle-4.1-all/bzyivzo6n839fup2jbap0tjew/gradle-4.1/lib/native-platform-windows-amd64-0.14.jar
7fe648dc6000-7fe648dc7000 r--s 0000b000 00:00 382459             /home/azlen/.gradle/wrapper/dists/gradle-4.1-all/bzyivzo6n839fup2jbap0tjew/gradle-4.1/lib/native-platform-windows-i386-0.14.jar
7fe648dc7000-7fe648dca000 r--s 0000c000 00:00 382335             /home/azlen/.gradle/wrapper/dists/gradle-4.1-all/bzyivzo6n839fup2jbap0tjew/gradle-4.1/lib/gradle-native-4.1.jar
7fe648dca000-7fe648dcc000 r--s 0000f000 00:00 382294             /home/azlen/.gradle/wrapper/dists/gradle-4.1-all/bzyivzo6n839fup2jbap0tjew/gradle-4.1/lib/reflectasm-1.07-shaded.jar
7fe648dcc000-7fe648dd0000 r--s 00026000 00:00 382342             /home/azlen/.gradle/wrapper/dists/gradle-4.1-all/bzyivzo6n839fup2jbap0tjew/gradle-4.1/lib/kryo-2.20.jar
7fe648dd0000-7fe648dec000 r-xp 00000000 00:00 395540             /lib/x86_64-linux-gnu/libz.so.1.2.11
7fe648dec000-7fe648ded000 ---p 0001c000 00:00 395540             /lib/x86_64-linux-gnu/libz.so.1.2.11
7fe648ded000-7fe648feb000 ---p 0000001d 00:00 395540             /lib/x86_64-linux-gnu/libz.so.1.2.11
7fe648feb000-7fe648fec000 r--p 0001b000 00:00 395540             /lib/x86_64-linux-gnu/libz.so.1.2.11
7fe648fec000-7fe648fed000 rw-p 0001c000 00:00 395540             /lib/x86_64-linux-gnu/libz.so.1.2.11
7fe648fed000-7fe648fee000 r--s 00001000 00:00 382460             /home/azlen/.gradle/wrapper/dists/gradle-4.1-all/bzyivzo6n839fup2jbap0tjew/gradle-4.1/lib/native-platform-linux-amd64-ncurses5-0.14.jar
7fe648fee000-7fe648ff0000 r--s 00000000 00:00 382465             /home/azlen/.gradle/wrapper/dists/gradle-4.1-all/bzyivzo6n839fup2jbap0tjew/gradle-4.1/lib/minlog-1.2.jar
7fe648ff0000-7fe6491d7000 r-xp 00000000 00:00 395360             /lib/x86_64-linux-gnu/libc-2.27.so
7fe6491d7000-7fe6491e0000 ---p 001e7000 00:00 395360             /lib/x86_64-linux-gnu/libc-2.27.so
7fe6491e0000-7fe6493d7000 ---p 000001f0 00:00 395360             /lib/x86_64-linux-gnu/libc-2.27.so
7fe6493d7000-7fe6493db000 r--p 001e7000 00:00 395360             /lib/x86_64-linux-gnu/libc-2.27.so
7fe6493db000-7fe6493dd000 rw-p 001eb000 00:00 395360             /lib/x86_64-linux-gnu/libc-2.27.so
7fe6493dd000-7fe6493e1000 rw-p 00000000 00:00 0
7fe6493e1000-7fe6493e3000 r--s 00007000 00:00 382466             /home/azlen/.gradle/wrapper/dists/gradle-4.1-all/bzyivzo6n839fup2jbap0tjew/gradle-4.1/lib/objenesis-1.2.jar
7fe6493e3000-7fe6493e9000 r--s 0002b000 00:00 382339             /home/azlen/.gradle/wrapper/dists/gradle-4.1-all/bzyivzo6n839fup2jbap0tjew/gradle-4.1/lib/gradle-messaging-4.1.jar
7fe6493e9000-7fe6493eb000 r--s 00006000 00:00 382333             /home/azlen/.gradle/wrapper/dists/gradle-4.1-all/bzyivzo6n839fup2jbap0tjew/gradle-4.1/lib/gradle-process-services-4.1.jar
7fe6493eb000-7fe6493f0000 r--s 00041000 00:00 382352             /home/azlen/.gradle/wrapper/dists/gradle-4.1-all/bzyivzo6n839fup2jbap0tjew/gradle-4.1/lib/commons-lang-2.6.jar
7fe6493f0000-7fe6493fe000 r-xp 00000000 00:00 381631             /usr/lib/jvm/java-8-openjdk-amd64/jre/lib/amd64/jli/libjli.so
7fe6493fe000-7fe6493ff000 ---p 0000e000 00:00 381631             /usr/lib/jvm/java-8-openjdk-amd64/jre/lib/amd64/jli/libjli.so
7fe6493ff000-7fe6495fd000 ---p 0000000f 00:00 381631             /usr/lib/jvm/java-8-openjdk-amd64/jre/lib/amd64/jli/libjli.so
7fe6495fd000-7fe6495fe000 r--p 0000d000 00:00 381631             /usr/lib/jvm/java-8-openjdk-amd64/jre/lib/amd64/jli/libjli.so
7fe6495fe000-7fe6495ff000 rw-p 0000e000 00:00 381631             /usr/lib/jvm/java-8-openjdk-amd64/jre/lib/amd64/jli/libjli.so
7fe6495ff000-7fe649600000 r--s 00001000 00:00 382461             /home/azlen/.gradle/wrapper/dists/gradle-4.1-all/bzyivzo6n839fup2jbap0tjew/gradle-4.1/lib/native-platform-linux-amd64-ncurses6-0.14.jar
7fe649600000-7fe649626000 r-xp 00000000 00:00 395330             /lib/x86_64-linux-gnu/ld-2.27.so
7fe649626000-7fe649627000 r-xp 00026000 00:00 395330             /lib/x86_64-linux-gnu/ld-2.27.so
7fe649627000-7fe649628000 r--s 00001000 00:00 382463             /home/azlen/.gradle/wrapper/dists/gradle-4.1-all/bzyivzo6n839fup2jbap0tjew/gradle-4.1/lib/native-platform-linux-i386-ncurses5-0.14.jar
7fe649628000-7fe649634000 r--s 00053000 00:00 382340             /home/azlen/.gradle/wrapper/dists/gradle-4.1-all/bzyivzo6n839fup2jbap0tjew/gradle-4.1/lib/gradle-base-services-4.1.jar
7fe649634000-7fe649640000 r--s 0005c000 00:00 382325             /home/azlen/.gradle/wrapper/dists/gradle-4.1-all/bzyivzo6n839fup2jbap0tjew/gradle-4.1/lib/gradle-launcher-4.1.jar
7fe649640000-7fe64969b000 rw-p 00000000 00:00 0
7fe64969b000-7fe64969d000 r--s 00000000 00:00 382331             /home/azlen/.gradle/wrapper/dists/gradle-4.1-all/bzyivzo6n839fup2jbap0tjew/gradle-4.1/lib/gradle-jvm-services-4.1.jar
7fe64969d000-7fe6496a0000 r--s 00006000 00:00 382351             /home/azlen/.gradle/wrapper/dists/gradle-4.1-all/bzyivzo6n839fup2jbap0tjew/gradle-4.1/lib/jsr305-1.3.9.jar
7fe6496a0000-7fe6496c8000 rw-p 00000000 00:00 0
7fe6496c8000-7fe6496d0000 r--s 000bd000 00:00 382346             /home/azlen/.gradle/wrapper/dists/gradle-4.1-all/bzyivzo6n839fup2jbap0tjew/gradle-4.1/lib/asm-debug-all-6.0_ALPHA.jar
7fe6496d0000-7fe649720000 rw-p 00000000 00:00 0
7fe649720000-7fe649724000 ---p 00000000 00:00 0
7fe649724000-7fe649821000 rw-p 00000000 00:00 0
7fe649821000-7fe649822000 r--s 00001000 00:00 382464             /home/azlen/.gradle/wrapper/dists/gradle-4.1-all/bzyivzo6n839fup2jbap0tjew/gradle-4.1/lib/native-platform-linux-i386-ncurses6-0.14.jar
7fe649822000-7fe649823000 r--s 00000000 00:00 382353             /home/azlen/.gradle/wrapper/dists/gradle-4.1-all/bzyivzo6n839fup2jbap0tjew/gradle-4.1/lib/jcip-annotations-1.0.jar
7fe649823000-7fe649827000 r--s 00027000 00:00 382348             /home/azlen/.gradle/wrapper/dists/gradle-4.1-all/bzyivzo6n839fup2jbap0tjew/gradle-4.1/lib/commons-io-2.2.jar
7fe649827000-7fe649828000 r--p 00027000 00:00 395330             /lib/x86_64-linux-gnu/ld-2.27.so
7fe649828000-7fe649829000 rw-p 00028000 00:00 395330             /lib/x86_64-linux-gnu/ld-2.27.so
7fe649829000-7fe64982a000 rw-p 00000000 00:00 0
7fe64982a000-7fe64982f000 r--s 000a0000 00:00 381704             /usr/lib/jvm/java-8-openjdk-amd64/jre/lib/jsse.jar
7fe64982f000-7fe649835000 r--s 0003b000 00:00 381685             /usr/lib/jvm/java-8-openjdk-amd64/jre/lib/ext/sunjce_provider.jar
7fe649835000-7fe649850000 r--s 00394000 00:00 381678             /usr/lib/jvm/java-8-openjdk-amd64/jre/lib/ext/cldrdata.jar
7fe649850000-7fe649851000 rw-p 00000000 00:00 0
7fe649851000-7fe649852000 r--s 00007000 00:00 10062              /home/azlen/.gradle/wrapper/dists/gradle-4.1-all/bzyivzo6n839fup2jbap0tjew/gradle-4.1/lib/slf4j-api-1.7.10.jar
7fe649852000-7fe649853000 r--s 00004000 00:00 382431             /home/azlen/.gradle/wrapper/dists/gradle-4.1-all/bzyivzo6n839fup2jbap0tjew/gradle-4.1/lib/ant-launcher-1.9.6.jar
7fe649853000-7fe649855000 r--s 0000c000 00:00 50156              /mnt/c/Users/azlen/Documents/Projects/Moji/client/platforms/android/gradle/wrapper/gradle-wrapper.jar
7fe649855000-7fe649856000 r--s 00010000 00:00 381689             /usr/lib/jvm/java-8-openjdk-amd64/jre/lib/ext/zipfs.jar
7fe649856000-7fe649860000 r--s 00116000 00:00 381682             /usr/lib/jvm/java-8-openjdk-amd64/jre/lib/ext/localedata.jar
7fe649860000-7fe649862000 rw-p 00000000 00:00 0
7fe649862000-7fe649865000 r--s 00038000 00:00 381686             /usr/lib/jvm/java-8-openjdk-amd64/jre/lib/ext/sunpkcs11.jar
7fe649865000-7fe649867000 r--s 00008000 00:00 381684             /usr/lib/jvm/java-8-openjdk-amd64/jre/lib/ext/sunec.jar
7fe649867000-7fe649869000 r--s 00007000 00:00 1991760            /usr/share/java/java-atk-wrapper.jar
7fe649869000-7fe64986a000 r--s 0000a000 00:00 381681             /usr/lib/jvm/java-8-openjdk-amd64/jre/lib/ext/jaccess.jar
7fe64986a000-7fe64986d000 r--s 0000f000 00:00 381680             /usr/lib/jvm/java-8-openjdk-amd64/jre/lib/ext/icedtea-sound.jar
7fe64986d000-7fe64986f000 r--s 00001000 00:00 381679             /usr/lib/jvm/java-8-openjdk-amd64/jre/lib/ext/dnsns.jar
7fe64986f000-7fe649870000 r--p 00000000 00:00 397584             /usr/lib/locale/C.UTF-8/LC_NUMERIC
7fe649870000-7fe649871000 r--p 00000000 00:00 0
7fe649871000-7fe649872000 r--p 00000000 00:00 397587             /usr/lib/locale/C.UTF-8/LC_TIME
7fe649872000-7fe649873000 r--p 00000000 00:00 397582             /usr/lib/locale/C.UTF-8/LC_MONETARY
7fe649873000-7fe649874000 r--p 00000000 00:00 397581             /usr/lib/locale/C.UTF-8/LC_MESSAGES/SYS_LC_MESSAGES
7fe649874000-7fe649875000 r--p 00000000 00:00 397585             /usr/lib/locale/C.UTF-8/LC_PAPER
7fe649875000-7fe649876000 r--p 00000000 00:00 397583             /usr/lib/locale/C.UTF-8/LC_NAME
7fe649876000-7fe649877000 r--p 00000000 00:00 397575             /usr/lib/locale/C.UTF-8/LC_ADDRESS
7fe649877000-7fe649878000 r--p 00000000 00:00 397586             /usr/lib/locale/C.UTF-8/LC_TELEPHONE
7fe649878000-7fe649879000 r--p 00000000 00:00 397579             /usr/lib/locale/C.UTF-8/LC_MEASUREMENT
7fe649879000-7fe649880000 r--s 00000000 00:00 403573             /usr/lib/x86_64-linux-gnu/gconv/gconv-modules.cache
7fe649880000-7fe649882000 rw-p 00000000 00:00 0
7fe649882000-7fe649883000 r--p 00000000 00:00 397578             /usr/lib/locale/C.UTF-8/LC_IDENTIFICATION
7fe649883000-7fe64988b000 rw-s 00000000 00:00 23888              /tmp/hsperfdata_azlen/7164
7fe649a00000-7fe649a01000 r-xp 00000000 00:00 381618             /usr/lib/jvm/java-8-openjdk-amd64/jre/bin/java
7fe649c00000-7fe649c01000 r--p 00000000 00:00 381618             /usr/lib/jvm/java-8-openjdk-amd64/jre/bin/java
7fe649c01000-7fe649c02000 rw-p 00001000 00:00 381618             /usr/lib/jvm/java-8-openjdk-amd64/jre/bin/java
7fffe47bc000-7fffe4808000 rw-p 00000000 00:00 0                  [heap]
7fffec03a000-7fffec83a000 rw-p 00000000 00:00 0                  [stack]
7fffec8bb000-7fffec8bc000 r-xp 00000000 00:00 0                  [vdso]

VM Arguments:
jvm_args: -Dorg.gradle.appname=gradlew 
java_command: org.gradle.wrapper.GradleWrapperMain cdvBuildDebug -b /mnt/c/Users/azlen/Documents/Projects/Moji/client/platforms/android/build.gradle -Dorg.gradle.daemon=true -Dorg.gradle.jvmargs=-Xmx2048m
java_class_path (initial): /mnt/c/Users/azlen/Documents/Projects/Moji/client/platforms/android/gradle/wrapper/gradle-wrapper.jar
Launcher Type: SUN_STANDARD

Environment Variables:
JAVA_HOME=/usr/lib/jvm/java-8-openjdk-amd64/
SHELL=/bin/bash
HOSTTYPE=x86_64

Signal Handlers:
SIGSEGV: [libjvm.so+0xab2ea0], sa_mask[0]=11111111111111111111111111111110, sa_flags=SA_RESTART|SA_SIGINFO
SIGBUS: [libjvm.so+0xab2ea0], sa_mask[0]=11111111111111111111111111111110, sa_flags=SA_RESTART|SA_SIGINFO
SIGFPE: [libjvm.so+0x8e87b0], sa_mask[0]=11111111111111111111111111111110, sa_flags=SA_RESTART|SA_SIGINFO
SIGPIPE: [libjvm.so+0x8e87b0], sa_mask[0]=11111111111111111111111111111110, sa_flags=SA_RESTART|SA_SIGINFO
SIGXFSZ: [libjvm.so+0x8e87b0], sa_mask[0]=11111111111111111111111111111110, sa_flags=SA_RESTART|SA_SIGINFO
SIGILL: [libjvm.so+0x8e87b0], sa_mask[0]=11111111111111111111111111111110, sa_flags=SA_RESTART|SA_SIGINFO
SIGUSR1: SIG_DFL, sa_mask[0]=00000000010000000000000000000000, sa_flags=SA_RESTART
SIGUSR2: [libjvm.so+0x8e8660], sa_mask[0]=00000000000000000000000000000000, sa_flags=SA_RESTART|SA_SIGINFO
SIGHUP: [libjvm.so+0x8e8cd0], sa_mask[0]=11111111111111111111111111111110, sa_flags=SA_RESTART|SA_SIGINFO
SIGINT: [libjvm.so+0x8e8cd0], sa_mask[0]=11111111111111111111111111111110, sa_flags=SA_RESTART|SA_SIGINFO
SIGTERM: [libjvm.so+0x8e8cd0], sa_mask[0]=11111111111111111111111111111110, sa_flags=SA_RESTART|SA_SIGINFO
SIGQUIT: [libjvm.so+0x8e8cd0], sa_mask[0]=11111111111111111111111111111110, sa_flags=SA_RESTART|SA_SIGINFO


---------------  S Y S T E M  ---------------

OS:DISTRIB_ID=Ubuntu
DISTRIB_RELEASE=18.04
DISTRIB_CODENAME=bionic
DISTRIB_DESCRIPTION="Ubuntu 18.04.1 LTS"

uname:Linux 4.4.0-17763-Microsoft #379-Microsoft Wed Mar 06 19:16:00 PST 2019 x86_64
libc:glibc 2.27 NPTL 2.27 
rlimit: STACK 8192k, CORE 0k, NPROC 7823, NOFILE 65536, AS infinity
load average:0.52 0.58 0.59

/proc/meminfo:
MemTotal:       16648932 kB
MemFree:         6824016 kB
Buffers:           34032 kB
Cached:           188576 kB
SwapCached:            0 kB
Active:           167556 kB
Inactive:         157876 kB
Active(anon):     103104 kB
Inactive(anon):    17440 kB
Active(file):      64452 kB
Inactive(file):   140436 kB
Unevictable:           0 kB
Mlocked:               0 kB
SwapTotal:      50331648 kB
SwapFree:       50228604 kB
Dirty:                 0 kB
Writeback:             0 kB
AnonPages:        102824 kB
Mapped:            71404 kB
Shmem:             17720 kB
Slab:              13868 kB
SReclaimable:       6744 kB
SUnreclaim:         7124 kB
KernelStack:        2848 kB
PageTables:         2524 kB
NFS_Unstable:          0 kB
Bounce:                0 kB
WritebackTmp:          0 kB
CommitLimit:      515524 kB
Committed_AS:    3450064 kB
VmallocTotal:     122880 kB
VmallocUsed:       21296 kB
VmallocChunk:      66044 kB
HardwareCorrupted:     0 kB
AnonHugePages:      2048 kB
HugePages_Total:       0
HugePages_Free:        0
HugePages_Rsvd:        0
HugePages_Surp:        0
Hugepagesize:       2048 kB
DirectMap4k:       12280 kB
DirectMap4M:      897024 kB


CPU:total 8 (initial active 8) (4 cores per cpu, 2 threads per core) family 6 model 142 stepping 10, cmov, cx8, fxsr, mmx, sse, sse2, sse3, ssse3, sse4.1, sse4.2, popcnt, avx, avx2, aes, clmul, erms, 3dnowpref, lzcnt, ht, tsc, tscinvbit, bmi1, bmi2, adx

/proc/cpuinfo:
processor	: 0
vendor_id	: GenuineIntel
cpu family	: 6
model		: 142
model name	: Intel(R) Core(TM) i7-8550U CPU @ 1.80GHz
stepping	: 10
microcode	: 0xffffffff
cpu MHz		: 1992.000
cache size	: 256 KB
physical id	: 0
siblings	: 8
core id		: 0
cpu cores	: 4
apicid		: 0
initial apicid	: 0
fpu		: yes
fpu_exception	: yes
cpuid level	: 6
wp		: yes
flags		: fpu vme de pse tsc msr pae mce cx8 apic sep mtrr pge mca cmov pat pse36 clflush dts acpi mmx fxsr sse sse2 ss ht tm pbe syscall nx pdpe1gb rdtscp lm pni pclmulqdq dtes64 monitor ds_cpl vmx est tm2 ssse3 fma cx16 xtpr pdcm pcid sse4_1 sse4_2 x2apic movbe popcnt tsc_deadline_timer aes xsave osxsave avx f16c rdrand
bogomips	: 3984.00
clflush size	: 64
cache_alignment	: 64
address sizes	: 36 bits physical, 48 bits virtual
power management:

processor	: 1
vendor_id	: GenuineIntel
cpu family	: 6
model		: 142
model name	: Intel(R) Core(TM) i7-8550U CPU @ 1.80GHz
stepping	: 10
microcode	: 0xffffffff
cpu MHz		: 1992.000
cache size	: 256 KB
physical id	: 0
siblings	: 8
core id		: 0
cpu cores	: 4
apicid		: 0
initial apicid	: 0
fpu		: yes
fpu_exception	: yes
cpuid level	: 6
wp		: yes
flags		: fpu vme de pse tsc msr pae mce cx8 apic sep mtrr pge mca cmov pat pse36 clflush dts acpi mmx fxsr sse sse2 ss ht tm pbe syscall nx pdpe1gb rdtscp lm pni pclmulqdq dtes64 monitor ds_cpl vmx est tm2 ssse3 fma cx16 xtpr pdcm pcid sse4_1 sse4_2 x2apic movbe popcnt tsc_deadline_timer aes xsave osxsave avx f16c rdrand
bogomips	: 3984.00
clflush size	: 64
cache_alignment	: 64
address sizes	: 36 bits physical, 48 bits virtual
power management:

processor	: 2
vendor_id	: GenuineIntel
cpu family	: 6
model		: 142
model name	: Intel(R) Core(TM) i7-8550U CPU @ 1.80GHz
stepping	: 10
microcode	: 0xffffffff
cpu MHz		: 1992.000
cache size	: 256 KB
physical id	: 0
siblings	: 8
core id		: 1
cpu cores	: 4
apicid		: 0
initial apicid	: 0
fpu		: yes
fpu_exception	: yes
cpuid level	: 6
wp		: yes
flags		: fpu vme de pse tsc msr pae mce cx8 apic sep mtrr pge mca cmov pat pse36 clflush dts acpi mmx fxsr sse sse2 ss ht tm pbe syscall nx pdpe1gb rdtscp lm pni pclmulqdq dtes64 monitor ds_cpl vmx est tm2 ssse3 fma cx16 xtpr pdcm pcid sse4_1 sse4_2 x2apic movbe popcnt tsc_deadline_timer aes xsave osxsave avx f16c rdrand
bogomips	: 3984.00
clflush size	: 64
cache_alignment	: 64
address sizes	: 36 bits physical, 48 bits virtual
power management:

processor	: 3
vendor_id	: GenuineIntel
cpu family	: 6
model		: 142
model name	: Intel(R) Core(TM) i7-8550U CPU @ 1.80GHz
stepping	: 10
microcode	: 0xffffffff
cpu MHz		: 1992.000
cache size	: 256 KB
physical id	: 0
siblings	: 8
core id		: 1
cpu cores	: 4
apicid		: 0
initial apicid	: 0
fpu		: yes
fpu_exception	: yes
cpuid level	: 6
wp		: yes
flags		: fpu vme de pse tsc msr pae mce cx8 apic sep mtrr pge mca cmov pat pse36 clflush dts acpi mmx fxsr sse sse2 ss ht tm pbe syscall nx pdpe1gb rdtscp lm pni pclmulqdq dtes64 monitor ds_cpl vmx est tm2 ssse3 fma cx16 xtpr pdcm pcid sse4_1 sse4_2 x2apic movbe popcnt tsc_deadline_timer aes xsave osxsave avx f16c rdrand
bogomips	: 3984.00
clflush size	: 64
cache_alignment	: 64
address sizes	: 36 bits physical, 48 bits virtual
power management:

processor	: 4
vendor_id	: GenuineIntel
cpu family	: 6
model		: 142
model name	: Intel(R) Core(TM) i7-8550U CPU @ 1.80GHz
stepping	: 10
microcode	: 0xffffffff
cpu MHz		: 1992.000
cache size	: 256 KB
physical id	: 0
siblings	: 8
core id		: 2
cpu cores	: 4
apicid		: 0
initial apicid	: 0
fpu		: yes
fpu_exception	: yes
cpuid level	: 6
wp		: yes
flags		: fpu vme de pse tsc msr pae mce cx8 apic sep mtrr pge mca cmov pat pse36 clflush dts acpi mmx fxsr sse sse2 ss ht tm pbe syscall nx pdpe1gb rdtscp lm pni pclmulqdq dtes64 monitor ds_cpl vmx est tm2 ssse3 fma cx16 xtpr pdcm pcid sse4_1 sse4_2 x2apic movbe popcnt tsc_deadline_timer aes xsave osxsave avx f16c rdrand
bogomips	: 3984.00
clflush size	: 64
cache_alignment	: 64
address sizes	: 36 bits physical, 48 bits virtual
power management:

processor	: 5
vendor_id	: GenuineIntel
cpu family	: 6
model		: 142
model name	: Intel(R) Core(TM) i7-8550U CPU @ 1.80GHz
stepping	: 10
microcode	: 0xffffffff
cpu MHz		: 1992.000
cache size	: 256 KB
physical id	: 0
siblings	: 8
core id		: 2
cpu cores	: 4
apicid		: 0
initial apicid	: 0
fpu		: yes
fpu_exception	: yes
cpuid level	: 6
wp		: yes
flags		: fpu vme de pse tsc msr pae mce cx8 apic sep mtrr pge mca cmov pat pse36 clflush dts acpi mmx fxsr sse sse2 ss ht tm pbe syscall nx pdpe1gb rdtscp lm pni pclmulqdq dtes64 monitor ds_cpl vmx est tm2 ssse3 fma cx16 xtpr pdcm pcid sse4_1 sse4_2 x2apic movbe popcnt tsc_deadline_timer aes xsave osxsave avx f16c rdrand
bogomips	: 3984.00
clflush size	: 64
cache_alignment	: 64
address sizes	: 36 bits physical, 48 bits virtual
power management:

processor	: 6
vendor_id	: GenuineIntel
cpu family	: 6
model		: 142
model name	: Intel(R) Core(TM) i7-8550U CPU @ 1.80GHz
stepping	: 10
microcode	: 0xffffffff
cpu MHz		: 1992.000
cache size	: 256 KB
physical id	: 0
siblings	: 8
core id		: 3
cpu cores	: 4
apicid		: 0
initial apicid	: 0
fpu		: yes
fpu_exception	: yes
cpuid level	: 6
wp		: yes
flags		: fpu vme de pse tsc msr pae mce cx8 apic sep mtrr pge mca cmov pat pse36 clflush dts acpi mmx fxsr sse sse2 ss ht tm pbe syscall nx pdpe1gb rdtscp lm pni pclmulqdq dtes64 monitor ds_cpl vmx est tm2 ssse3 fma cx16 xtpr pdcm pcid sse4_1 sse4_2 x2apic movbe popcnt tsc_deadline_timer aes xsave osxsave avx f16c rdrand
bogomips	: 3984.00
clflush size	: 64
cache_alignment	: 64
address sizes	: 36 bits physical, 48 bits virtual
power management:

processor	: 7
vendor_id	: GenuineIntel
cpu family	: 6
model		: 142
model name	: Intel(R) Core(TM) i7-8550U CPU @ 1.80GHz
stepping	: 10
microcode	: 0xffffffff
cpu MHz		: 1992.000
cache size	: 256 KB
physical id	: 0
siblings	: 8
core id		: 3
cpu cores	: 4
apicid		: 0
initial apicid	: 0
fpu		: yes
fpu_exception	: yes
cpuid level	: 6
wp		: yes
flags		: fpu vme de pse tsc msr pae mce cx8 apic sep mtrr pge mca cmov pat pse36 clflush dts acpi mmx fxsr sse sse2 ss ht tm pbe syscall nx pdpe1gb rdtscp lm pni pclmulqdq dtes64 monitor ds_cpl vmx est tm2 ssse3 fma cx16 xtpr pdcm pcid sse4_1 sse4_2 x2apic movbe popcnt tsc_deadline_timer aes xsave osxsave avx f16c rdrand
bogomips	: 3984.00
clflush size	: 64
cache_alignment	: 64
address sizes	: 36 bits physical, 48 bits virtual
power management:



Memory: 4k page, physical 16648932k(6824696k free), swap 50331648k(50228604k free)

vm_info: OpenJDK 64-Bit Server VM (25.191-b12) for linux-amd64 JRE (1.8.0_191-8u191-b12-2ubuntu0.18.04.1-b12), built on Jan 14 2019 21:02:00 by "buildd" with gcc 7.3.0

time: Thu Jun  6 17:12:05 2019
elapsed time: 30 seconds (0d 0h 0m 30s)

