#
# A fatal error has been detected by the Java Runtime Environment:
#
#  SIGSEGV (0xb) at pc=0x00007fa7bc0f86a2, pid=9619, tid=0x00007fa7bd681380
#
# JRE version: OpenJDK Runtime Environment (8.0_191-b12) (build 1.8.0_191-8u191-b12-2ubuntu0.18.04.1-b12)
# Java VM: OpenJDK 64-Bit Server VM (25.191-b12 mixed mode linux-amd64 compressed oops)
# Problematic frame:
# V  [libjvm.so+0x8e86a2]
#
# Failed to write core dump. Core dumps have been disabled. To enable core dumping, try "ulimit -c unlimited" before starting Java again
#
# If you would like to submit a bug report, please visit:
#   http://bugreport.java.com/bugreport/crash.jsp
#

---------------  T H R E A D  ---------------

Current thread is native thread

siginfo: si_signo: 11 (SIGSEGV), si_code: 1 (SEGV_MAPERR), si_addr: 0x0000000000000110

Registers:
RAX=0x0000000000000000, RBX=0x00007fa7bd620700, RCX=0x0000000000000000, RDX=0x00007fa7bd6816a0
RSP=0x00007fffe87255a0, RBP=0x00007fffe8725660, RSI=0x00007fffe8725c80, RDI=0x0000000000000001
R8 =0x00000000000000ca, R9 =0x00007fa7bd6209d0, R10=0x0000000000000000, R11=0x0000000000000000
R12=0x00007fa7bd681300, R13=0x0000000000000000, R14=0x00007fffe8725c80, R15=0x00007fffe8725670
RIP=0x00007fa7bc0f86a2, EFLAGS=0x0000000000010246, CSGSFS=0x00000053002b0033, ERR=0x0000000000000000
  TRAPNO=0x0000000000000000

Top of Stack: (sp=0x00007fffe87255a0)
0x00007fffe87255a0:   0000004b00000049 00007fffe8725a50
0x00007fffe87255b0:   00007fffe8725ab0 0000000000000000
0x00007fffe87255c0:   00007fa7baec1f0f 00007fffe8725770
0x00007fffe87255d0:   00007fa7baec1708 00007fa7bd40e312
0x00007fffe87255e0:   0000000000000000 00007fa7bcf572df
0x00007fffe87255f0:   00007fffe8725b80 00007fffe8725a30
0x00007fffe8725600:   00007fa7bd40e2e0 00007fffe8725a50
0x00007fffe8725610:   0000000000000000 00007fa7bcf572df
0x00007fffe8725620:   00007fffe8725a30 545a14886f1a0900
0x00007fffe8725630:   3931363900000000 00007fa7bd620700
0x00007fffe8725640:   0000000000000000 00007fffe8725d90
0x00007fffe8725650:   0000000000000000 00007fffe0a6d180
0x00007fffe8725660:   00007fffe8725df8 00007fa7bce2ef20
0x00007fffe8725670:   0000000000000000 0000000000000000
0x00007fffe8725680:   0000000000000000 0000000000000000
0x00007fffe8725690:   0000000000000000 00000000000000ca
0x00007fffe87256a0:   00007fa7bd6209d0 0000000000000000
0x00007fffe87256b0:   0000000000000000 0000000000000000
0x00007fffe87256c0:   00007fffe8725d90 0000000000000000
0x00007fffe87256d0:   00007fffe0a6d180 00007fa7bd6209d0
0x00007fffe87256e0:   0000000000000000 00007fffe8725df8
0x00007fffe87256f0:   00007fa7bd620700 00000000000025a6
0x00007fffe8725700:   fffffffffffffffc 0000000000000000
0x00007fffe8725710:   00007fffe8725d80 00007fa7bc7a8d2d
0x00007fffe8725720:   0000000000000246 00000053002b0033
0x00007fffe8725730:   0000000000000000 0000000000000000
0x00007fffe8725740:   0000000000000000 0000000000000000
0x00007fffe8725750:   0000000000000000 0000000000000000
0x00007fffe8725760:   0000000000000000 0000000000000000
0x00007fffe8725770:   0000000000000000 0000000000000000
0x00007fffe8725780:   0000000000000000 0000000000000000
0x00007fffe8725790:   0000000000000000 0000000000000000 

Instructions: (pc=0x00007fa7bc0f86a2)
0x00007fa7bc0f8682:   00 48 89 45 c8 31 c0 e8 22 69 90 ff 44 8b 28 49
0x00007fa7bc0f8692:   89 c4 48 8d 05 8d 8e 65 00 8b 38 e8 96 6b 90 ff
0x00007fa7bc0f86a2:   48 8b 98 10 01 00 00 8b 83 a8 00 00 00 83 f8 01
0x00007fa7bc0f86b2:   74 2c 48 8b 45 c8 64 48 33 04 25 28 00 00 00 45 

Register to memory mapping:

RAX=0x0000000000000000 is an unknown value
RBX=0x00007fa7bd620700 is pointing into the stack for thread: 0x00007fa7b400b000
RCX=0x0000000000000000 is an unknown value
RDX=0x00007fa7bd6816a0 is an unknown value
RSP=0x00007fffe87255a0 is an unknown value
RBP=0x00007fffe8725660 is an unknown value
RSI=0x00007fffe8725c80 is an unknown value
RDI=0x0000000000000001 is an unknown value
R8 =0x00000000000000ca is an unknown value
R9 =0x00007fa7bd6209d0 is pointing into the stack for thread: 0x00007fa7b400b000
R10=0x0000000000000000 is an unknown value
R11=0x0000000000000000 is an unknown value
R12=0x00007fa7bd681300 is an unknown value
R13=0x0000000000000000 is an unknown value
R14=0x00007fffe8725c80 is an unknown value
R15=0x00007fffe8725670 is an unknown value


Stack: [0x00007fffe862f000,0x00007fffe872f000],  sp=0x00007fffe87255a0,  free space=985k
Native frames: (J=compiled Java code, j=interpreted, Vv=VM code, C=native code)
V  [libjvm.so+0x8e86a2]
C  [libc.so.6+0x3ef20]


---------------  P R O C E S S  ---------------

VM state:not at safepoint (normal execution)

VM Mutex/Monitor currently owned by a thread: None

Heap:
 PSYoungGen      total 76288K, used 1310K [0x000000076b500000, 0x0000000770a00000, 0x00000007c0000000)
  eden space 65536K, 2% used [0x000000076b500000,0x000000076b647af0,0x000000076f500000)
  from space 10752K, 0% used [0x000000076ff80000,0x000000076ff80000,0x0000000770a00000)
  to   space 10752K, 0% used [0x000000076f500000,0x000000076f500000,0x000000076ff80000)
 ParOldGen       total 175104K, used 0K [0x00000006c1e00000, 0x00000006cc900000, 0x000000076b500000)
  object space 175104K, 0% used [0x00000006c1e00000,0x00000006c1e00000,0x00000006cc900000)
 Metaspace       used 1956K, capacity 4480K, committed 4480K, reserved 1056768K
  class space    used 207K, capacity 384K, committed 384K, reserved 1048576K

Card table byte_map: [0x00007fa7b9230000,0x00007fa7b9a22000] byte_map_base: 0x00007fa7b5c21000

Marking Bits: (ParMarkBitMap*) 0x00007fa7bc779340
 Begin Bits: [0x00007fa7800f0000, 0x00007fa784078000)
 End Bits:   [0x00007fa784078000, 0x00007fa788000000)

Polling page: 0x00007fa7bd690000

CodeCache: size=245760Kb used=430Kb max_used=430Kb free=245329Kb
 bounds [0x00007fa7a5000000, 0x00007fa7a5270000, 0x00007fa7b4000000]
 total_blobs=156 nmethods=0 adapters=124
 compilation: enabled

Compilation events (0 events):
No events

GC Heap History (0 events):
No events

Deoptimization events (0 events):
No events

Classes redefined (0 events):
No events

Internal exceptions (2 events):
Event: 0.075 Thread 0x00007fa7b400b000 Exception <a 'java/lang/NoSuchMethodError': Method sun.misc.Unsafe.defineClass(Ljava/lang/String;[BII)Ljava/lang/Class; name or signature does not match> (0x000000076b507cb0) thrown at [/build/openjdk-8-5w_p1G/openjdk-8-8u191-b12/src/hotspot/src/share/vm/
Event: 0.075 Thread 0x00007fa7b400b000 Exception <a 'java/lang/NoSuchMethodError': Method sun.misc.Unsafe.prefetchRead(Ljava/lang/Object;J)V name or signature does not match> (0x000000076b507f98) thrown at [/build/openjdk-8-5w_p1G/openjdk-8-8u191-b12/src/hotspot/src/share/vm/prims/jni.cpp, lin

Events (10 events):
Event: 0.121 loading class java/util/StringTokenizer
Event: 0.121 loading class java/util/StringTokenizer done
Event: 0.121 loading class sun/misc/MetaIndex
Event: 0.122 loading class sun/misc/MetaIndex done
Event: 0.123 loading class sun/net/www/ParseUtil
Event: 0.123 loading class sun/net/www/ParseUtil done
Event: 0.123 loading class java/util/BitSet
Event: 0.124 loading class java/util/BitSet done
Event: 0.125 loading class java/util/Locale
Event: 0.126 loading class java/util/Locale done


Dynamic libraries:
6c1e00000-6cc900000 rw-p 00000000 00:00 0
6cc900000-76b500000 ---p 00000000 00:00 0
76b500000-770a00000 rw-p 00000000 00:00 0
770a00000-7c0000000 ---p 00000000 00:00 0
7c0000000-7c0060000 rw-p 00000000 00:00 0
7c0060000-800000000 ---p 00000000 00:00 0
7fa764000000-7fa764021000 rw-p 00000000 00:00 0
7fa764021000-7fa768000000 ---p 00000000 00:00 0
7fa76c000000-7fa76c021000 rw-p 00000000 00:00 0
7fa76c021000-7fa770000000 ---p 00000000 00:00 0
7fa770000000-7fa770021000 rw-p 00000000 00:00 0
7fa770021000-7fa774000000 ---p 00000000 00:00 0
7fa774000000-7fa774021000 rw-p 00000000 00:00 0
7fa774021000-7fa778000000 ---p 00000000 00:00 0
7fa778000000-7fa778021000 rw-p 00000000 00:00 0
7fa778021000-7fa77c000000 ---p 00000000 00:00 0
7fa77c000000-7fa77c021000 rw-p 00000000 00:00 0
7fa77c021000-7fa780000000 ---p 00000000 00:00 0
7fa7800f0000-7fa788021000 rw-p 00000000 00:00 0
7fa788021000-7fa78c000000 ---p 00000000 00:00 0
7fa78c000000-7fa78c021000 rw-p 00000000 00:00 0
7fa78c021000-7fa790000000 ---p 00000000 00:00 0
7fa790000000-7fa790021000 rw-p 00000000 00:00 0
7fa790021000-7fa794000000 ---p 00000000 00:00 0
7fa798000000-7fa798021000 rw-p 00000000 00:00 0
7fa798021000-7fa79c000000 ---p 00000000 00:00 0
7fa79dd01000-7fa79dd32000 r--p 00000000 00:00 397577             /usr/lib/locale/C.UTF-8/LC_CTYPE
7fa79dd32000-7fa79dea5000 r--p 00000000 00:00 397576             /usr/lib/locale/C.UTF-8/LC_COLLATE
7fa79dea5000-7fa79e040000 r--p 00000000 00:00 397588             /usr/lib/locale/locale-archive
7fa79e040000-7fa79e043000 ---p 00000000 00:00 0
7fa79e043000-7fa79e141000 rw-p 00000000 00:00 0
7fa79e150000-7fa79e153000 ---p 00000000 00:00 0
7fa79e153000-7fa79e251000 rw-p 00000000 00:00 0
7fa79e260000-7fa79e261000 ---p 00000000 00:00 0
7fa79e261000-7fa79e361000 rw-p 00000000 00:00 0
7fa79e370000-7fa79e471000 rw-p 00000000 00:00 0
7fa79e480000-7fa79e581000 rw-p 00000000 00:00 0
7fa79e590000-7fa79e691000 rw-p 00000000 00:00 0
7fa79e6a0000-7fa79e7a1000 rw-p 00000000 00:00 0
7fa79e7b0000-7fa79e8b1000 rw-p 00000000 00:00 0
7fa79e8c0000-7fa79e9c1000 rw-p 00000000 00:00 0
7fa79e9d0000-7fa79ead1000 rw-p 00000000 00:00 0
7fa79eae0000-7fa79ebe1000 rw-p 00000000 00:00 0
7fa79ebf0000-7fa79ecf1000 rw-p 00000000 00:00 0
7fa79ed00000-7fa79ed21000 rw-p 00000000 00:00 0
7fa79ed30000-7fa79ee31000 rw-p 00000000 00:00 0
7fa79ee40000-7fa79ee61000 rw-p 00000000 00:00 0
7fa79ee70000-7fa79ef71000 rw-p 00000000 00:00 0
7fa79ef80000-7fa79efa1000 rw-p 00000000 00:00 0
7fa79efb0000-7fa79f0b1000 rw-p 00000000 00:00 0
7fa79f0c0000-7fa79f0e1000 rw-p 00000000 00:00 0
7fa79f0f0000-7fa79f1f1000 rw-p 00000000 00:00 0
7fa79f200000-7fa79f221000 rw-p 00000000 00:00 0
7fa79f230000-7fa79f331000 rw-p 00000000 00:00 0
7fa79f340000-7fa79f441000 rw-p 00000000 00:00 0
7fa79f450000-7fa79f551000 rw-p 00000000 00:00 0
7fa79f560000-7fa79f661000 rw-p 00000000 00:00 0
7fa79f670000-7fa79f771000 rw-p 00000000 00:00 0
7fa79f780000-7fa79f881000 rw-p 00000000 00:00 0
7fa79f890000-7fa79f991000 rw-p 00000000 00:00 0
7fa79f9a0000-7fa79faa1000 rw-p 00000000 00:00 0
7fa79fab0000-7fa79fbb1000 rw-p 00000000 00:00 0
7fa79fbc0000-7fa79fcc1000 rw-p 00000000 00:00 0
7fa79fcd0000-7fa79fdd1000 rw-p 00000000 00:00 0
7fa79fde0000-7fa79fee1000 rw-p 00000000 00:00 0
7fa79fef0000-7fa79fff1000 rw-p 00000000 00:00 0
7fa7a0000000-7fa7a0021000 rw-p 00000000 00:00 0
7fa7a0021000-7fa7a4000000 ---p 00000000 00:00 0
7fa7a4000000-7fa7a4400000 rw-p 00000000 00:00 0
7fa7a4400000-7fa7a4800000 ---p 00000000 00:00 0
7fa7a4800000-7fa7a4ff1000 rw-p 00000000 00:00 0
7fa7a5000000-7fa7a5270000 rwxp 00000000 00:00 0
7fa7a5270000-7fa7b4000000 ---p 00000000 00:00 0
7fa7b4000000-7fa7b40c2000 rw-p 00000000 00:00 0
7fa7b40c2000-7fa7b8000000 ---p 00000000 00:00 0
7fa7b8020000-7fa7b8041000 rw-p 00000000 00:00 0
7fa7b8050000-7fa7b8071000 rw-p 00000000 00:00 0
7fa7b8080000-7fa7b80a1000 rw-p 00000000 00:00 0
7fa7b80b0000-7fa7b81b1000 rw-p 00000000 00:00 0
7fa7b81c0000-7fa7b820e000 rw-p 00000000 00:00 0
7fa7b8211000-7fa7b83e0000 r--s 03c33000 00:00 381710             /usr/lib/jvm/java-8-openjdk-amd64/jre/lib/rt.jar
7fa7b83e0000-7fa7b8456000 rw-p 00000000 00:00 0
7fa7b8460000-7fa7b8461000 ---p 00000000 00:00 0
7fa7b8461000-7fa7b8561000 rw-p 00000000 00:00 0
7fa7b8570000-7fa7b8571000 ---p 00000000 00:00 0
7fa7b8571000-7fa7b8671000 rw-p 00000000 00:00 0
7fa7b8680000-7fa7b8681000 ---p 00000000 00:00 0
7fa7b8681000-7fa7b8781000 rw-p 00000000 00:00 0
7fa7b8790000-7fa7b8791000 ---p 00000000 00:00 0
7fa7b8791000-7fa7b8891000 rw-p 00000000 00:00 0
7fa7b88a0000-7fa7b88a1000 ---p 00000000 00:00 0
7fa7b88a1000-7fa7b89a1000 rw-p 00000000 00:00 0
7fa7b89b0000-7fa7b89b1000 ---p 00000000 00:00 0
7fa7b89b1000-7fa7b8ab1000 rw-p 00000000 00:00 0
7fa7b8ac0000-7fa7b8ac1000 ---p 00000000 00:00 0
7fa7b8ac1000-7fa7b8bc1000 rw-p 00000000 00:00 0
7fa7b8bd0000-7fa7b8bd1000 ---p 00000000 00:00 0
7fa7b8bd1000-7fa7b8cd1000 rw-p 00000000 00:00 0
7fa7b8ce0000-7fa7b8d36000 rw-p 00000000 00:00 0
7fa7b8d36000-7fa7b922c000 ---p 00000000 00:00 0
7fa7b9230000-7fa7b9286000 rw-p 00000000 00:00 0
7fa7b9286000-7fa7b977b000 ---p 00000000 00:00 0
7fa7b977b000-7fa7b97a6000 rw-p 00000000 00:00 0
7fa7b97a6000-7fa7b9a21000 ---p 00000000 00:00 0
7fa7b9a21000-7fa7b9a22000 rw-p 00000000 00:00 0
7fa7b9a30000-7fa7b9a3a000 rw-p 00000000 00:00 0
7fa7b9a3a000-7fa7b9df0000 ---p 00000000 00:00 0
7fa7b9df0000-7fa7b9df8000 r-xp 00000000 00:00 381664             /usr/lib/jvm/java-8-openjdk-amd64/jre/lib/amd64/libzip.so
7fa7b9df8000-7fa7b9df9000 ---p 00008000 00:00 381664             /usr/lib/jvm/java-8-openjdk-amd64/jre/lib/amd64/libzip.so
7fa7b9df9000-7fa7b9ff7000 ---p 00000009 00:00 381664             /usr/lib/jvm/java-8-openjdk-amd64/jre/lib/amd64/libzip.so
7fa7b9ff7000-7fa7b9ff8000 r--p 00007000 00:00 381664             /usr/lib/jvm/java-8-openjdk-amd64/jre/lib/amd64/libzip.so
7fa7b9ff8000-7fa7b9ff9000 rw-p 00008000 00:00 381664             /usr/lib/jvm/java-8-openjdk-amd64/jre/lib/amd64/libzip.so
7fa7ba000000-7fa7ba00b000 r-xp 00000000 00:00 395459             /lib/x86_64-linux-gnu/libnss_files-2.27.so
7fa7ba00b000-7fa7ba00c000 ---p 0000b000 00:00 395459             /lib/x86_64-linux-gnu/libnss_files-2.27.so
7fa7ba00c000-7fa7ba20a000 ---p 0000000c 00:00 395459             /lib/x86_64-linux-gnu/libnss_files-2.27.so
7fa7ba20a000-7fa7ba20b000 r--p 0000a000 00:00 395459             /lib/x86_64-linux-gnu/libnss_files-2.27.so
7fa7ba20b000-7fa7ba20c000 rw-p 0000b000 00:00 395459             /lib/x86_64-linux-gnu/libnss_files-2.27.so
7fa7ba20c000-7fa7ba212000 rw-p 00000000 00:00 0
7fa7ba220000-7fa7ba237000 r-xp 00000000 00:00 395453             /lib/x86_64-linux-gnu/libnsl-2.27.so
7fa7ba237000-7fa7ba238000 ---p 00017000 00:00 395453             /lib/x86_64-linux-gnu/libnsl-2.27.so
7fa7ba238000-7fa7ba436000 ---p 00000018 00:00 395453             /lib/x86_64-linux-gnu/libnsl-2.27.so
7fa7ba436000-7fa7ba437000 r--p 00016000 00:00 395453             /lib/x86_64-linux-gnu/libnsl-2.27.so
7fa7ba437000-7fa7ba438000 rw-p 00017000 00:00 395453             /lib/x86_64-linux-gnu/libnsl-2.27.so
7fa7ba438000-7fa7ba43a000 rw-p 00000000 00:00 0
7fa7ba440000-7fa7ba44b000 r-xp 00000000 00:00 395463             /lib/x86_64-linux-gnu/libnss_nis-2.27.so
7fa7ba44b000-7fa7ba44c000 ---p 0000b000 00:00 395463             /lib/x86_64-linux-gnu/libnss_nis-2.27.so
7fa7ba44c000-7fa7ba64a000 ---p 0000000c 00:00 395463             /lib/x86_64-linux-gnu/libnss_nis-2.27.so
7fa7ba64a000-7fa7ba64b000 r--p 0000a000 00:00 395463             /lib/x86_64-linux-gnu/libnss_nis-2.27.so
7fa7ba64b000-7fa7ba64c000 rw-p 0000b000 00:00 395463             /lib/x86_64-linux-gnu/libnss_nis-2.27.so
7fa7ba650000-7fa7ba658000 r-xp 00000000 00:00 395455             /lib/x86_64-linux-gnu/libnss_compat-2.27.so
7fa7ba658000-7fa7ba65a000 ---p 00008000 00:00 395455             /lib/x86_64-linux-gnu/libnss_compat-2.27.so
7fa7ba65a000-7fa7ba858000 ---p 0000000a 00:00 395455             /lib/x86_64-linux-gnu/libnss_compat-2.27.so
7fa7ba858000-7fa7ba859000 r--p 00008000 00:00 395455             /lib/x86_64-linux-gnu/libnss_compat-2.27.so
7fa7ba859000-7fa7ba85a000 rw-p 00009000 00:00 395455             /lib/x86_64-linux-gnu/libnss_compat-2.27.so
7fa7ba860000-7fa7ba88e000 r-xp 00000000 00:00 381645             /usr/lib/jvm/java-8-openjdk-amd64/jre/lib/amd64/libjava.so
7fa7ba88e000-7fa7ba890000 ---p 0002e000 00:00 381645             /usr/lib/jvm/java-8-openjdk-amd64/jre/lib/amd64/libjava.so
7fa7ba890000-7fa7baa8d000 ---p 00000030 00:00 381645             /usr/lib/jvm/java-8-openjdk-amd64/jre/lib/amd64/libjava.so
7fa7baa8d000-7fa7baa8e000 r--p 0002d000 00:00 381645             /usr/lib/jvm/java-8-openjdk-amd64/jre/lib/amd64/libjava.so
7fa7baa8e000-7fa7baa90000 rw-p 0002e000 00:00 381645             /usr/lib/jvm/java-8-openjdk-amd64/jre/lib/amd64/libjava.so
7fa7baa90000-7fa7baaa0000 r-xp 00000000 00:00 381663             /usr/lib/jvm/java-8-openjdk-amd64/jre/lib/amd64/libverify.so
7fa7baaa0000-7fa7baaa2000 ---p 00010000 00:00 381663             /usr/lib/jvm/java-8-openjdk-amd64/jre/lib/amd64/libverify.so
7fa7baaa2000-7fa7bac9f000 ---p 00000012 00:00 381663             /usr/lib/jvm/java-8-openjdk-amd64/jre/lib/amd64/libverify.so
7fa7bac9f000-7fa7baca1000 r--p 0000f000 00:00 381663             /usr/lib/jvm/java-8-openjdk-amd64/jre/lib/amd64/libverify.so
7fa7baca1000-7fa7baca2000 rw-p 00011000 00:00 381663             /usr/lib/jvm/java-8-openjdk-amd64/jre/lib/amd64/libverify.so
7fa7bacb0000-7fa7bacb7000 r-xp 00000000 00:00 395507             /lib/x86_64-linux-gnu/librt-2.27.so
7fa7bacb7000-7fa7bacb8000 ---p 00007000 00:00 395507             /lib/x86_64-linux-gnu/librt-2.27.so
7fa7bacb8000-7fa7baeb6000 ---p 00000008 00:00 395507             /lib/x86_64-linux-gnu/librt-2.27.so
7fa7baeb6000-7fa7baeb7000 r--p 00006000 00:00 395507             /lib/x86_64-linux-gnu/librt-2.27.so
7fa7baeb7000-7fa7baeb8000 rw-p 00007000 00:00 395507             /lib/x86_64-linux-gnu/librt-2.27.so
7fa7baec0000-7fa7baed7000 r-xp 00000000 00:00 507174             /lib/x86_64-linux-gnu/libgcc_s.so.1
7fa7baed7000-7fa7baed8000 ---p 00017000 00:00 507174             /lib/x86_64-linux-gnu/libgcc_s.so.1
7fa7baed8000-7fa7bb0d6000 ---p 00000018 00:00 507174             /lib/x86_64-linux-gnu/libgcc_s.so.1
7fa7bb0d6000-7fa7bb0d7000 r--p 00016000 00:00 507174             /lib/x86_64-linux-gnu/libgcc_s.so.1
7fa7bb0d7000-7fa7bb0d8000 rw-p 00017000 00:00 507174             /lib/x86_64-linux-gnu/libgcc_s.so.1
7fa7bb0e0000-7fa7bb27d000 r-xp 00000000 00:00 395432             /lib/x86_64-linux-gnu/libm-2.27.so
7fa7bb27d000-7fa7bb280000 ---p 0019d000 00:00 395432             /lib/x86_64-linux-gnu/libm-2.27.so
7fa7bb280000-7fa7bb47c000 ---p 000001a0 00:00 395432             /lib/x86_64-linux-gnu/libm-2.27.so
7fa7bb47c000-7fa7bb47d000 r--p 0019c000 00:00 395432             /lib/x86_64-linux-gnu/libm-2.27.so
7fa7bb47d000-7fa7bb47e000 rw-p 0019d000 00:00 395432             /lib/x86_64-linux-gnu/libm-2.27.so
7fa7bb480000-7fa7bb5f9000 r-xp 00000000 00:00 568913             /usr/lib/x86_64-linux-gnu/libstdc++.so.6.0.25
7fa7bb5f9000-7fa7bb606000 ---p 00179000 00:00 568913             /usr/lib/x86_64-linux-gnu/libstdc++.so.6.0.25
7fa7bb606000-7fa7bb7f9000 ---p 00000186 00:00 568913             /usr/lib/x86_64-linux-gnu/libstdc++.so.6.0.25
7fa7bb7f9000-7fa7bb803000 r--p 00179000 00:00 568913             /usr/lib/x86_64-linux-gnu/libstdc++.so.6.0.25
7fa7bb803000-7fa7bb805000 rw-p 00183000 00:00 568913             /usr/lib/x86_64-linux-gnu/libstdc++.so.6.0.25
7fa7bb805000-7fa7bb809000 rw-p 00000000 00:00 0
7fa7bb810000-7fa7bc4aa000 r-xp 00000000 00:00 381667             /usr/lib/jvm/java-8-openjdk-amd64/jre/lib/amd64/server/libjvm.so
7fa7bc4aa000-7fa7bc574000 ---p 00c9a000 00:00 381667             /usr/lib/jvm/java-8-openjdk-amd64/jre/lib/amd64/server/libjvm.so
7fa7bc574000-7fa7bc6a9000 ---p 00000d64 00:00 381667             /usr/lib/jvm/java-8-openjdk-amd64/jre/lib/amd64/server/libjvm.so
7fa7bc6a9000-7fa7bc73d000 r--p 00c99000 00:00 381667             /usr/lib/jvm/java-8-openjdk-amd64/jre/lib/amd64/server/libjvm.so
7fa7bc73d000-7fa7bc766000 rw-p 00d2d000 00:00 381667             /usr/lib/jvm/java-8-openjdk-amd64/jre/lib/amd64/server/libjvm.so
7fa7bc766000-7fa7bc796000 rw-p 00000000 00:00 0
7fa7bc7a0000-7fa7bc7ba000 r-xp 00000000 00:00 395497             /lib/x86_64-linux-gnu/libpthread-2.27.so
7fa7bc7ba000-7fa7bc7c4000 ---p 0001a000 00:00 395497             /lib/x86_64-linux-gnu/libpthread-2.27.so
7fa7bc7c4000-7fa7bc9b9000 ---p 00000024 00:00 395497             /lib/x86_64-linux-gnu/libpthread-2.27.so
7fa7bc9b9000-7fa7bc9ba000 r--p 00019000 00:00 395497             /lib/x86_64-linux-gnu/libpthread-2.27.so
7fa7bc9ba000-7fa7bc9bb000 rw-p 0001a000 00:00 395497             /lib/x86_64-linux-gnu/libpthread-2.27.so
7fa7bc9bb000-7fa7bc9bf000 rw-p 00000000 00:00 0
7fa7bc9c0000-7fa7bc9c3000 r-xp 00000000 00:00 395385             /lib/x86_64-linux-gnu/libdl-2.27.so
7fa7bc9c3000-7fa7bc9c4000 ---p 00003000 00:00 395385             /lib/x86_64-linux-gnu/libdl-2.27.so
7fa7bc9c4000-7fa7bcbc2000 ---p 00000004 00:00 395385             /lib/x86_64-linux-gnu/libdl-2.27.so
7fa7bcbc2000-7fa7bcbc3000 r--p 00002000 00:00 395385             /lib/x86_64-linux-gnu/libdl-2.27.so
7fa7bcbc3000-7fa7bcbc4000 rw-p 00003000 00:00 395385             /lib/x86_64-linux-gnu/libdl-2.27.so
7fa7bcbd0000-7fa7bcbec000 r-xp 00000000 00:00 395540             /lib/x86_64-linux-gnu/libz.so.1.2.11
7fa7bcbec000-7fa7bcbed000 ---p 0001c000 00:00 395540             /lib/x86_64-linux-gnu/libz.so.1.2.11
7fa7bcbed000-7fa7bcdeb000 ---p 0000001d 00:00 395540             /lib/x86_64-linux-gnu/libz.so.1.2.11
7fa7bcdeb000-7fa7bcdec000 r--p 0001b000 00:00 395540             /lib/x86_64-linux-gnu/libz.so.1.2.11
7fa7bcdec000-7fa7bcded000 rw-p 0001c000 00:00 395540             /lib/x86_64-linux-gnu/libz.so.1.2.11
7fa7bcdf0000-7fa7bcfd7000 r-xp 00000000 00:00 395360             /lib/x86_64-linux-gnu/libc-2.27.so
7fa7bcfd7000-7fa7bcfe0000 ---p 001e7000 00:00 395360             /lib/x86_64-linux-gnu/libc-2.27.so
7fa7bcfe0000-7fa7bd1d7000 ---p 000001f0 00:00 395360             /lib/x86_64-linux-gnu/libc-2.27.so
7fa7bd1d7000-7fa7bd1db000 r--p 001e7000 00:00 395360             /lib/x86_64-linux-gnu/libc-2.27.so
7fa7bd1db000-7fa7bd1dd000 rw-p 001eb000 00:00 395360             /lib/x86_64-linux-gnu/libc-2.27.so
7fa7bd1dd000-7fa7bd1e1000 rw-p 00000000 00:00 0
7fa7bd1f0000-7fa7bd1fe000 r-xp 00000000 00:00 381631             /usr/lib/jvm/java-8-openjdk-amd64/jre/lib/amd64/jli/libjli.so
7fa7bd1fe000-7fa7bd1ff000 ---p 0000e000 00:00 381631             /usr/lib/jvm/java-8-openjdk-amd64/jre/lib/amd64/jli/libjli.so
7fa7bd1ff000-7fa7bd3fd000 ---p 0000000f 00:00 381631             /usr/lib/jvm/java-8-openjdk-amd64/jre/lib/amd64/jli/libjli.so
7fa7bd3fd000-7fa7bd3fe000 r--p 0000d000 00:00 381631             /usr/lib/jvm/java-8-openjdk-amd64/jre/lib/amd64/jli/libjli.so
7fa7bd3fe000-7fa7bd3ff000 rw-p 0000e000 00:00 381631             /usr/lib/jvm/java-8-openjdk-amd64/jre/lib/amd64/jli/libjli.so
7fa7bd400000-7fa7bd426000 r-xp 00000000 00:00 395330             /lib/x86_64-linux-gnu/ld-2.27.so
7fa7bd426000-7fa7bd427000 r-xp 00026000 00:00 395330             /lib/x86_64-linux-gnu/ld-2.27.so
7fa7bd440000-7fa7bd461000 rw-p 00000000 00:00 0
7fa7bd470000-7fa7bd4cb000 rw-p 00000000 00:00 0
7fa7bd4d0000-7fa7bd520000 rw-p 00000000 00:00 0
7fa7bd520000-7fa7bd524000 ---p 00000000 00:00 0
7fa7bd524000-7fa7bd621000 rw-p 00000000 00:00 0
7fa7bd627000-7fa7bd628000 r--p 00027000 00:00 395330             /lib/x86_64-linux-gnu/ld-2.27.so
7fa7bd628000-7fa7bd629000 rw-p 00028000 00:00 395330             /lib/x86_64-linux-gnu/ld-2.27.so
7fa7bd629000-7fa7bd62a000 rw-p 00000000 00:00 0
7fa7bd640000-7fa7bd668000 rw-p 00000000 00:00 0
7fa7bd670000-7fa7bd671000 rw-p 00000000 00:00 0
7fa7bd680000-7fa7bd682000 rw-p 00000000 00:00 0
7fa7bd690000-7fa7bd691000 r--p 00000000 00:00 0
7fa7bd695000-7fa7bd696000 r--p 00000000 00:00 397584             /usr/lib/locale/C.UTF-8/LC_NUMERIC
7fa7bd696000-7fa7bd697000 r--p 00000000 00:00 397587             /usr/lib/locale/C.UTF-8/LC_TIME
7fa7bd697000-7fa7bd698000 r--p 00000000 00:00 397582             /usr/lib/locale/C.UTF-8/LC_MONETARY
7fa7bd698000-7fa7bd699000 r--p 00000000 00:00 397581             /usr/lib/locale/C.UTF-8/LC_MESSAGES/SYS_LC_MESSAGES
7fa7bd699000-7fa7bd6a0000 r--s 00000000 00:00 403573             /usr/lib/x86_64-linux-gnu/gconv/gconv-modules.cache
7fa7bd6a0000-7fa7bd6a2000 rw-p 00000000 00:00 0
7fa7bd6a2000-7fa7bd6a3000 r--p 00000000 00:00 397585             /usr/lib/locale/C.UTF-8/LC_PAPER
7fa7bd6a3000-7fa7bd6a4000 r--p 00000000 00:00 397583             /usr/lib/locale/C.UTF-8/LC_NAME
7fa7bd6a4000-7fa7bd6a5000 r--p 00000000 00:00 397575             /usr/lib/locale/C.UTF-8/LC_ADDRESS
7fa7bd6a5000-7fa7bd6a6000 r--p 00000000 00:00 397586             /usr/lib/locale/C.UTF-8/LC_TELEPHONE
7fa7bd6a6000-7fa7bd6a7000 r--p 00000000 00:00 397579             /usr/lib/locale/C.UTF-8/LC_MEASUREMENT
7fa7bd6a7000-7fa7bd6a8000 r--p 00000000 00:00 397578             /usr/lib/locale/C.UTF-8/LC_IDENTIFICATION
7fa7bd6a8000-7fa7bd6b0000 rw-s 00000000 00:00 73031              /tmp/hsperfdata_azlen/9619
7fa7bd800000-7fa7bd801000 r-xp 00000000 00:00 381618             /usr/lib/jvm/java-8-openjdk-amd64/jre/bin/java
7fa7bda00000-7fa7bda01000 r--p 00000000 00:00 381618             /usr/lib/jvm/java-8-openjdk-amd64/jre/bin/java
7fa7bda01000-7fa7bda02000 rw-p 00001000 00:00 381618             /usr/lib/jvm/java-8-openjdk-amd64/jre/bin/java
7fffe0a57000-7fffe0aa3000 rw-p 00000000 00:00 0                  [heap]
7fffe7f2f000-7fffe872f000 rw-p 00000000 00:00 0                  [stack]
7fffe8dd7000-7fffe8dd8000 r-xp 00000000 00:00 0                  [vdso]

VM Arguments:
jvm_args: -Dorg.gradle.appname=gradlew 
java_command: org.gradle.wrapper.GradleWrapperMain cdvBuildDebug -b /mnt/c/Users/azlen/Documents/Projects/Moji/client/platforms/android/build.gradle -Dorg.gradle.daemon=true -Dorg.gradle.jvmargs=-Xmx2048m
java_class_path (initial): /mnt/c/Users/azlen/Documents/Projects/Moji/client/platforms/android/gradle/wrapper/gradle-wrapper.jar
Launcher Type: SUN_STANDARD

Environment Variables:
JAVA_HOME=/usr/lib/jvm/java-8-openjdk-amd64/
SHELL=/bin/bash
HOSTTYPE=x86_64

Signal Handlers:
SIGSEGV: [libjvm.so+0xab2ea0], sa_mask[0]=11111111111111111111111111111110, sa_flags=SA_RESTART|SA_SIGINFO
SIGBUS: [libjvm.so+0xab2ea0], sa_mask[0]=11111111111111111111111111111110, sa_flags=SA_RESTART|SA_SIGINFO
SIGFPE: [libjvm.so+0x8e87b0], sa_mask[0]=11111111111111111111111111111110, sa_flags=SA_RESTART|SA_SIGINFO
SIGPIPE: [libjvm.so+0x8e87b0], sa_mask[0]=11111111111111111111111111111110, sa_flags=SA_RESTART|SA_SIGINFO
SIGXFSZ: [libjvm.so+0x8e87b0], sa_mask[0]=11111111111111111111111111111110, sa_flags=SA_RESTART|SA_SIGINFO
SIGILL: [libjvm.so+0x8e87b0], sa_mask[0]=11111111111111111111111111111110, sa_flags=SA_RESTART|SA_SIGINFO
SIGUSR1: SIG_DFL, sa_mask[0]=00000000010000000000000000000000, sa_flags=SA_RESTART
SIGUSR2: [libjvm.so+0x8e8660], sa_mask[0]=00000000000000000000000000000000, sa_flags=SA_RESTART|SA_SIGINFO
SIGHUP: [libjvm.so+0x8e8cd0], sa_mask[0]=11111111111111111111111111111110, sa_flags=SA_RESTART|SA_SIGINFO
SIGINT: [libjvm.so+0x8e8cd0], sa_mask[0]=11111111111111111111111111111110, sa_flags=SA_RESTART|SA_SIGINFO
SIGTERM: [libjvm.so+0x8e8cd0], sa_mask[0]=11111111111111111111111111111110, sa_flags=SA_RESTART|SA_SIGINFO
SIGQUIT: [libjvm.so+0x8e8cd0], sa_mask[0]=11111111111111111111111111111110, sa_flags=SA_RESTART|SA_SIGINFO


---------------  S Y S T E M  ---------------

OS:DISTRIB_ID=Ubuntu
DISTRIB_RELEASE=18.04
DISTRIB_CODENAME=bionic
DISTRIB_DESCRIPTION="Ubuntu 18.04.1 LTS"

uname:Linux 4.4.0-17763-Microsoft #379-Microsoft Wed Mar 06 19:16:00 PST 2019 x86_64
libc:glibc 2.27 NPTL 2.27 
rlimit: STACK 8192k, CORE 0k, NPROC 7823, NOFILE 65536, AS infinity
load average:0.52 0.58 0.59

/proc/meminfo:
MemTotal:       16648932 kB
MemFree:         6066184 kB
Buffers:           34032 kB
Cached:           188576 kB
SwapCached:            0 kB
Active:           167556 kB
Inactive:         157876 kB
Active(anon):     103104 kB
Inactive(anon):    17440 kB
Active(file):      64452 kB
Inactive(file):   140436 kB
Unevictable:           0 kB
Mlocked:               0 kB
SwapTotal:      50331648 kB
SwapFree:       50226820 kB
Dirty:                 0 kB
Writeback:             0 kB
AnonPages:        102824 kB
Mapped:            71404 kB
Shmem:             17720 kB
Slab:              13868 kB
SReclaimable:       6744 kB
SUnreclaim:         7124 kB
KernelStack:        2848 kB
PageTables:         2524 kB
NFS_Unstable:          0 kB
Bounce:                0 kB
WritebackTmp:          0 kB
CommitLimit:      515524 kB
Committed_AS:    3450064 kB
VmallocTotal:     122880 kB
VmallocUsed:       21296 kB
VmallocChunk:      66044 kB
HardwareCorrupted:     0 kB
AnonHugePages:      2048 kB
HugePages_Total:       0
HugePages_Free:        0
HugePages_Rsvd:        0
HugePages_Surp:        0
Hugepagesize:       2048 kB
DirectMap4k:       12280 kB
DirectMap4M:      897024 kB


CPU:total 8 (initial active 8) (4 cores per cpu, 2 threads per core) family 6 model 142 stepping 10, cmov, cx8, fxsr, mmx, sse, sse2, sse3, ssse3, sse4.1, sse4.2, popcnt, avx, avx2, aes, clmul, erms, 3dnowpref, lzcnt, ht, tsc, tscinvbit, bmi1, bmi2, adx

/proc/cpuinfo:
processor	: 0
vendor_id	: GenuineIntel
cpu family	: 6
model		: 142
model name	: Intel(R) Core(TM) i7-8550U CPU @ 1.80GHz
stepping	: 10
microcode	: 0xffffffff
cpu MHz		: 1992.000
cache size	: 256 KB
physical id	: 0
siblings	: 8
core id		: 0
cpu cores	: 4
apicid		: 0
initial apicid	: 0
fpu		: yes
fpu_exception	: yes
cpuid level	: 6
wp		: yes
flags		: fpu vme de pse tsc msr pae mce cx8 apic sep mtrr pge mca cmov pat pse36 clflush dts acpi mmx fxsr sse sse2 ss ht tm pbe syscall nx pdpe1gb rdtscp lm pni pclmulqdq dtes64 monitor ds_cpl vmx est tm2 ssse3 fma cx16 xtpr pdcm pcid sse4_1 sse4_2 x2apic movbe popcnt tsc_deadline_timer aes xsave osxsave avx f16c rdrand
bogomips	: 3984.00
clflush size	: 64
cache_alignment	: 64
address sizes	: 36 bits physical, 48 bits virtual
power management:

processor	: 1
vendor_id	: GenuineIntel
cpu family	: 6
model		: 142
model name	: Intel(R) Core(TM) i7-8550U CPU @ 1.80GHz
stepping	: 10
microcode	: 0xffffffff
cpu MHz		: 1992.000
cache size	: 256 KB
physical id	: 0
siblings	: 8
core id		: 0
cpu cores	: 4
apicid		: 0
initial apicid	: 0
fpu		: yes
fpu_exception	: yes
cpuid level	: 6
wp		: yes
flags		: fpu vme de pse tsc msr pae mce cx8 apic sep mtrr pge mca cmov pat pse36 clflush dts acpi mmx fxsr sse sse2 ss ht tm pbe syscall nx pdpe1gb rdtscp lm pni pclmulqdq dtes64 monitor ds_cpl vmx est tm2 ssse3 fma cx16 xtpr pdcm pcid sse4_1 sse4_2 x2apic movbe popcnt tsc_deadline_timer aes xsave osxsave avx f16c rdrand
bogomips	: 3984.00
clflush size	: 64
cache_alignment	: 64
address sizes	: 36 bits physical, 48 bits virtual
power management:

processor	: 2
vendor_id	: GenuineIntel
cpu family	: 6
model		: 142
model name	: Intel(R) Core(TM) i7-8550U CPU @ 1.80GHz
stepping	: 10
microcode	: 0xffffffff
cpu MHz		: 1992.000
cache size	: 256 KB
physical id	: 0
siblings	: 8
core id		: 1
cpu cores	: 4
apicid		: 0
initial apicid	: 0
fpu		: yes
fpu_exception	: yes
cpuid level	: 6
wp		: yes
flags		: fpu vme de pse tsc msr pae mce cx8 apic sep mtrr pge mca cmov pat pse36 clflush dts acpi mmx fxsr sse sse2 ss ht tm pbe syscall nx pdpe1gb rdtscp lm pni pclmulqdq dtes64 monitor ds_cpl vmx est tm2 ssse3 fma cx16 xtpr pdcm pcid sse4_1 sse4_2 x2apic movbe popcnt tsc_deadline_timer aes xsave osxsave avx f16c rdrand
bogomips	: 3984.00
clflush size	: 64
cache_alignment	: 64
address sizes	: 36 bits physical, 48 bits virtual
power management:

processor	: 3
vendor_id	: GenuineIntel
cpu family	: 6
model		: 142
model name	: Intel(R) Core(TM) i7-8550U CPU @ 1.80GHz
stepping	: 10
microcode	: 0xffffffff
cpu MHz		: 1992.000
cache size	: 256 KB
physical id	: 0
siblings	: 8
core id		: 1
cpu cores	: 4
apicid		: 0
initial apicid	: 0
fpu		: yes
fpu_exception	: yes
cpuid level	: 6
wp		: yes
flags		: fpu vme de pse tsc msr pae mce cx8 apic sep mtrr pge mca cmov pat pse36 clflush dts acpi mmx fxsr sse sse2 ss ht tm pbe syscall nx pdpe1gb rdtscp lm pni pclmulqdq dtes64 monitor ds_cpl vmx est tm2 ssse3 fma cx16 xtpr pdcm pcid sse4_1 sse4_2 x2apic movbe popcnt tsc_deadline_timer aes xsave osxsave avx f16c rdrand
bogomips	: 3984.00
clflush size	: 64
cache_alignment	: 64
address sizes	: 36 bits physical, 48 bits virtual
power management:

processor	: 4
vendor_id	: GenuineIntel
cpu family	: 6
model		: 142
model name	: Intel(R) Core(TM) i7-8550U CPU @ 1.80GHz
stepping	: 10
microcode	: 0xffffffff
cpu MHz		: 1992.000
cache size	: 256 KB
physical id	: 0
siblings	: 8
core id		: 2
cpu cores	: 4
apicid		: 0
initial apicid	: 0
fpu		: yes
fpu_exception	: yes
cpuid level	: 6
wp		: yes
flags		: fpu vme de pse tsc msr pae mce cx8 apic sep mtrr pge mca cmov pat pse36 clflush dts acpi mmx fxsr sse sse2 ss ht tm pbe syscall nx pdpe1gb rdtscp lm pni pclmulqdq dtes64 monitor ds_cpl vmx est tm2 ssse3 fma cx16 xtpr pdcm pcid sse4_1 sse4_2 x2apic movbe popcnt tsc_deadline_timer aes xsave osxsave avx f16c rdrand
bogomips	: 3984.00
clflush size	: 64
cache_alignment	: 64
address sizes	: 36 bits physical, 48 bits virtual
power management:

processor	: 5
vendor_id	: GenuineIntel
cpu family	: 6
model		: 142
model name	: Intel(R) Core(TM) i7-8550U CPU @ 1.80GHz
stepping	: 10
microcode	: 0xffffffff
cpu MHz		: 1992.000
cache size	: 256 KB
physical id	: 0
siblings	: 8
core id		: 2
cpu cores	: 4
apicid		: 0
initial apicid	: 0
fpu		: yes
fpu_exception	: yes
cpuid level	: 6
wp		: yes
flags		: fpu vme de pse tsc msr pae mce cx8 apic sep mtrr pge mca cmov pat pse36 clflush dts acpi mmx fxsr sse sse2 ss ht tm pbe syscall nx pdpe1gb rdtscp lm pni pclmulqdq dtes64 monitor ds_cpl vmx est tm2 ssse3 fma cx16 xtpr pdcm pcid sse4_1 sse4_2 x2apic movbe popcnt tsc_deadline_timer aes xsave osxsave avx f16c rdrand
bogomips	: 3984.00
clflush size	: 64
cache_alignment	: 64
address sizes	: 36 bits physical, 48 bits virtual
power management:

processor	: 6
vendor_id	: GenuineIntel
cpu family	: 6
model		: 142
model name	: Intel(R) Core(TM) i7-8550U CPU @ 1.80GHz
stepping	: 10
microcode	: 0xffffffff
cpu MHz		: 1992.000
cache size	: 256 KB
physical id	: 0
siblings	: 8
core id		: 3
cpu cores	: 4
apicid		: 0
initial apicid	: 0
fpu		: yes
fpu_exception	: yes
cpuid level	: 6
wp		: yes
flags		: fpu vme de pse tsc msr pae mce cx8 apic sep mtrr pge mca cmov pat pse36 clflush dts acpi mmx fxsr sse sse2 ss ht tm pbe syscall nx pdpe1gb rdtscp lm pni pclmulqdq dtes64 monitor ds_cpl vmx est tm2 ssse3 fma cx16 xtpr pdcm pcid sse4_1 sse4_2 x2apic movbe popcnt tsc_deadline_timer aes xsave osxsave avx f16c rdrand
bogomips	: 3984.00
clflush size	: 64
cache_alignment	: 64
address sizes	: 36 bits physical, 48 bits virtual
power management:

processor	: 7
vendor_id	: GenuineIntel
cpu family	: 6
model		: 142
model name	: Intel(R) Core(TM) i7-8550U CPU @ 1.80GHz
stepping	: 10
microcode	: 0xffffffff
cpu MHz		: 1992.000
cache size	: 256 KB
physical id	: 0
siblings	: 8
core id		: 3
cpu cores	: 4
apicid		: 0
initial apicid	: 0
fpu		: yes
fpu_exception	: yes
cpuid level	: 6
wp		: yes
flags		: fpu vme de pse tsc msr pae mce cx8 apic sep mtrr pge mca cmov pat pse36 clflush dts acpi mmx fxsr sse sse2 ss ht tm pbe syscall nx pdpe1gb rdtscp lm pni pclmulqdq dtes64 monitor ds_cpl vmx est tm2 ssse3 fma cx16 xtpr pdcm pcid sse4_1 sse4_2 x2apic movbe popcnt tsc_deadline_timer aes xsave osxsave avx f16c rdrand
bogomips	: 3984.00
clflush size	: 64
cache_alignment	: 64
address sizes	: 36 bits physical, 48 bits virtual
power management:



Memory: 4k page, physical 16648932k(6065832k free), swap 50331648k(50226820k free)

vm_info: OpenJDK 64-Bit Server VM (25.191-b12) for linux-amd64 JRE (1.8.0_191-8u191-b12-2ubuntu0.18.04.1-b12), built on Jan 14 2019 21:02:00 by "buildd" with gcc 7.3.0

time: Thu Jun  6 17:22:52 2019
elapsed time: 0 seconds (0d 0h 0m 0s)

